
▓ Программа: "vip.exe"  Время запуска: 13:12:34 18/09/2024
▓ Исполняемый модуль: "C:\Galaktika\ATL6\Update_11400\support\exe\vip.exe"
▓ Система: Windows NT

Контекст исполнения ".SysUser"
Потеряно хип-контекстов: 1

Менеджер динамической памяти ".SysUserHeap(.SysUser)"
Потеряно блоков: 612, байтов: 10824


▓ Программа: "vip.exe"  Время запуска: 13:26:56 18/09/2024
▓ Исполняемый модуль: "C:\Galaktika\ATL6\Update_11400\support\exe\vip.exe"
▓ Система: Windows NT

Контекст исполнения ".SysUser"
Потеряно хип-контекстов: 1

Менеджер динамической памяти ".SysUserHeap(.SysUser)"
Потеряно блоков: 612, байтов: 10836


▓ Программа: "vip.exe"  Время запуска: 13:30:31 18/09/2024
▓ Исполняемый модуль: "C:\Galaktika\ATL6\Update_11400\support\exe\vip.exe"
▓ Система: Windows NT

Контекст исполнения ".SysUser"
Потеряно хип-контекстов: 1

Менеджер динамической памяти ".SysUserHeap(.SysUser)"
Потеряно блоков: 622, байтов: 10912


▓ Программа: "vip.exe"  Время запуска: 13:31:22 18/09/2024
▓ Исполняемый модуль: "C:\Galaktika\ATL6\Update_11400\support\exe\vip.exe"
▓ Система: Windows NT

Контекст исполнения ".SysUser"
Потеряно хип-контекстов: 1

Менеджер динамической памяти ".SysUserHeap(.SysUser)"
Потеряно блоков: 622, байтов: 10876


▓ Программа: "vip.exe"  Время запуска: 13:34:03 18/09/2024
▓ Исполняемый модуль: "C:\Galaktika\ATL6\Update_11400\support\exe\vip.exe"
▓ Система: Windows NT

Контекст исполнения ".SysUser"
Потеряно хип-контекстов: 1

Менеджер динамической памяти ".SysUserHeap(.SysUser)"
Потеряно блоков: 612, байтов: 10752


▓ Программа: "vip.exe"  Время запуска: 13:35:02 18/09/2024
▓ Исполняемый модуль: "C:\Galaktika\ATL6\Update_11400\support\exe\vip.exe"
▓ Система: Windows NT

Контекст исполнения ".SysUser"
Потеряно хип-контекстов: 1

Менеджер динамической памяти ".SysUserHeap(.SysUser)"
Потеряно блоков: 612, байтов: 10824


▓ Программа: "vip.exe"  Время запуска: 13:37:17 18/09/2024
▓ Исполняемый модуль: "C:\Galaktika\ATL6\Update_11400\support\exe\vip.exe"
▓ Система: Windows NT

Контекст исполнения ".SysUser"
Потеряно хип-контекстов: 1

Менеджер динамической памяти ".SysUserHeap(.SysUser)"
Потеряно блоков: 628, байтов: 11112


▓ Программа: "vip.exe"  Время запуска: 13:37:55 18/09/2024
▓ Исполняемый модуль: "C:\Galaktika\ATL6\Update_11400\support\exe\vip.exe"
▓ Система: Windows NT

Контекст исполнения ".SysUser"
Потеряно хип-контекстов: 1

Менеджер динамической памяти ".SysUserHeap(.SysUser)"
Потеряно блоков: 628, байтов: 11048


▓ Программа: "vip.exe"  Время запуска: 13:38:17 18/09/2024
▓ Исполняемый модуль: "C:\Galaktika\ATL6\Update_11400\support\exe\vip.exe"
▓ Система: Windows NT

Контекст исполнения ".SysUser"
Потеряно хип-контекстов: 1

Менеджер динамической памяти ".SysUserHeap(.SysUser)"
Потеряно блоков: 638, байтов: 11180


▓ Программа: "vip.exe"  Время запуска: 13:38:55 18/09/2024
▓ Исполняемый модуль: "C:\Galaktika\ATL6\Update_11400\support\exe\vip.exe"
▓ Система: Windows NT

Контекст исполнения ".SysUser"
Потеряно хип-контекстов: 1

Менеджер динамической памяти ".SysUserHeap(.SysUser)"
Потеряно блоков: 638, байтов: 11196


▓ Программа: "vip.exe"  Время запуска: 13:40:46 18/09/2024
▓ Исполняемый модуль: "C:\Galaktika\ATL6\Update_11400\support\exe\vip.exe"
▓ Система: Windows NT

Контекст исполнения ".SysUser"
Потеряно хип-контекстов: 1

Менеджер динамической памяти ".SysUserHeap(.SysUser)"
Потеряно блоков: 638, байтов: 11228


▓ Программа: "vip.exe"  Время запуска: 13:59:43 18/09/2024
▓ Исполняемый модуль: "C:\Galaktika\ATL6\Update_11400\support\exe\vip.exe"
▓ Система: Windows NT

Контекст исполнения ".SysUser"
Потеряно хип-контекстов: 1

Менеджер динамической памяти ".SysUserHeap(.SysUser)"
Потеряно блоков: 638, байтов: 11180


▓ Программа: "vip.exe"  Время запуска: 14:01:07 18/09/2024
▓ Исполняемый модуль: "C:\Galaktika\ATL6\Update_11400\support\exe\vip.exe"
▓ Система: Windows NT

Контекст исполнения ".SysUser"
Потеряно хип-контекстов: 1

Менеджер динамической памяти ".SysUserHeap(.SysUser)"
Потеряно блоков: 646, байтов: 11592


▓ Программа: "vip.exe"  Время запуска: 14:03:45 18/09/2024
▓ Исполняемый модуль: "C:\Galaktika\ATL6\Update_11400\support\exe\vip.exe"
▓ Система: Windows NT

Контекст исполнения ".SysUser"
Потеряно хип-контекстов: 1

Менеджер динамической памяти ".SysUserHeap(.SysUser)"
Потеряно блоков: 765, байтов: 19852


▓ Программа: "vip.exe"  Время запуска: 14:05:09 18/09/2024
▓ Исполняемый модуль: "C:\Galaktika\ATL6\Update_11400\support\exe\vip.exe"
▓ Система: Windows NT

Контекст исполнения ".SysUser"
Потеряно хип-контекстов: 1

Менеджер динамической памяти ".SysUserHeap(.SysUser)"
Потеряно блоков: 789, байтов: 20200


▓ Программа: "vip.exe"  Время запуска: 14:33:05 18/09/2024
▓ Исполняемый модуль: "C:\Galaktika\ATL6\Update_11400\support\exe\vip.exe"
▓ Система: Windows NT

Контекст исполнения ".SysUser"
Потеряно хип-контекстов: 1

Менеджер динамической памяти ".SysUserHeap(.SysUser)"
Потеряно блоков: 822, байтов: 21224


▓ Программа: "vip.exe"  Время запуска: 14:33:28 18/09/2024
▓ Исполняемый модуль: "C:\Galaktika\ATL6\Update_11400\support\exe\vip.exe"
▓ Система: Windows NT

Контекст исполнения ".SysUser"
Потеряно хип-контекстов: 1

Менеджер динамической памяти ".SysUserHeap(.SysUser)"
Потеряно блоков: 822, байтов: 21236


▓ Программа: "vip.exe"  Время запуска: 10:15:42 23/09/2024
▓ Исполняемый модуль: "C:\Galaktika\ATL6\Update_11400\support\exe\vip.exe"
▓ Система: Windows NT

Контекст исполнения ".SysUser"
Потеряно хип-контекстов: 1

Менеджер динамической памяти ".SysUserHeap(.SysUser)"
Потеряно блоков: 885, байтов: 22596


▓ Программа: "vip.exe"  Время запуска: 10:31:06 23/09/2024
▓ Исполняемый модуль: "C:\Galaktika\ATL6\Update_11400\support\exe\vip.exe"
▓ Система: Windows NT

Контекст исполнения ".SysUser"
Потеряно хип-контекстов: 1

Менеджер динамической памяти ".SysUserHeap(.SysUser)"
Потеряно блоков: 791, байтов: 20324


▓ Программа: "vip.exe"  Время запуска: 10:37:40 23/09/2024
▓ Исполняемый модуль: "C:\Galaktika\ATL6\Update_11400\support\exe\vip.exe"
▓ Система: Windows NT

Контекст исполнения ".SysUser"
Потеряно хип-контекстов: 1

Менеджер динамической памяти ".SysUserHeap(.SysUser)"
Потеряно блоков: 793, байтов: 20328


▓ Программа: "vip.exe"  Время запуска: 11:14:39 23/09/2024
▓ Исполняемый модуль: "C:\Galaktika\ATL6\Update_11400\support\exe\vip.exe"
▓ Система: Windows NT

Контекст исполнения ".SysUser"
Потеряно хип-контекстов: 1

Менеджер динамической памяти ".SysUserHeap(.SysUser)"
Потеряно блоков: 3940, байтов: 133840


▓ Программа: "vip.exe"  Время запуска: 11:23:00 23/09/2024
▓ Исполняемый модуль: "C:\Galaktika\ATL6\Update_11400\support\exe\vip.exe"
▓ Система: Windows NT

Контекст исполнения ".SysUser"
Потеряно хип-контекстов: 1

Менеджер динамической памяти ".SysUserHeap(.SysUser)"
Потеряно блоков: 8561, байтов: 545972


▓ Программа: "vip.exe"  Время запуска: 11:28:50 23/09/2024
▓ Исполняемый модуль: "C:\Galaktika\ATL6\Update_11400\support\exe\vip.exe"
▓ Система: Windows NT

Контекст исполнения ".SysUser"
Потеряно хип-контекстов: 1

Менеджер динамической памяти ".SysUserHeap(.SysUser)"
Потеряно блоков: 8571, байтов: 545664


▓ Программа: "vip.exe"  Время запуска: 11:32:36 23/09/2024
▓ Исполняемый модуль: "C:\Galaktika\ATL6\Update_11400\support\exe\vip.exe"
▓ Система: Windows NT

Контекст исполнения ".SysUser"
Потеряно хип-контекстов: 1

Менеджер динамической памяти ".SysUserHeap(.SysUser)"
Потеряно блоков: 8571, байтов: 546148


▓ Программа: "vip.exe"  Время запуска: 11:48:49 23/09/2024
▓ Исполняемый модуль: "C:\Galaktika\ATL6\Update_11400\support\exe\vip.exe"
▓ Система: Windows NT

Контекст исполнения ".SysUser"
Потеряно хип-контекстов: 1

Менеджер динамической памяти ".SysUserHeap(.SysUser)"
Потеряно блоков: 8571, байтов: 545908


▓ Программа: "vip.exe"  Время запуска: 11:49:16 23/09/2024
▓ Исполняемый модуль: "C:\Galaktika\ATL6\Update_11400\support\exe\vip.exe"
▓ Система: Windows NT

Контекст исполнения ".SysUser"
Потеряно хип-контекстов: 1

Менеджер динамической памяти ".SysUserHeap(.SysUser)"
Потеряно блоков: 8571, байтов: 546128


▓ Программа: "vip.exe"  Время запуска: 11:49:30 23/09/2024
▓ Исполняемый модуль: "C:\Galaktika\ATL6\Update_11400\support\exe\vip.exe"
▓ Система: Windows NT

Контекст исполнения ".SysUser"
Потеряно хип-контекстов: 1

Менеджер динамической памяти ".SysUserHeap(.SysUser)"
Потеряно блоков: 8571, байтов: 545628


▓ Программа: "vip.exe"  Время запуска: 12:03:00 23/09/2024
▓ Исполняемый модуль: "C:\Galaktika\ATL6\Update_11400\support\exe\vip.exe"
▓ Система: Windows NT

Контекст исполнения ".SysUser"
Потеряно хип-контекстов: 1

Менеджер динамической памяти ".SysUserHeap(.SysUser)"
Потеряно блоков: 8581, байтов: 546424


▓ Программа: "vip.exe"  Время запуска: 12:03:35 23/09/2024
▓ Исполняемый модуль: "C:\Galaktika\ATL6\Update_11400\support\exe\vip.exe"
▓ Система: Windows NT

Контекст исполнения ".SysUser"
Потеряно хип-контекстов: 1

Менеджер динамической памяти ".SysUserHeap(.SysUser)"
Потеряно блоков: 8585, байтов: 546016


▓ Программа: "vip.exe"  Время запуска: 12:59:47 23/09/2024
▓ Исполняемый модуль: "C:\Galaktika\ATL6\Update_11400\support\exe\vip.exe"
▓ Система: Windows NT

Контекст исполнения ".SysUser"
Потеряно хип-контекстов: 1

Менеджер динамической памяти ".SysUserHeap(.SysUser)"
Потеряно блоков: 8585, байтов: 546140


▓ Программа: "vip.exe"  Время запуска: 13:00:19 23/09/2024
▓ Исполняемый модуль: "C:\Galaktika\ATL6\Update_11400\support\exe\vip.exe"
▓ Система: Windows NT

Контекст исполнения ".SysUser"
Потеряно хип-контекстов: 1

Менеджер динамической памяти ".SysUserHeap(.SysUser)"
Потеряно блоков: 8585, байтов: 546240


▓ Программа: "vip.exe"  Время запуска: 13:33:05 23/09/2024
▓ Исполняемый модуль: "C:\Galaktika\ATL6\Update_11400\support\exe\vip.exe"
▓ Система: Windows NT

Контекст исполнения ".SysUser"
Потеряно хип-контекстов: 1

Менеджер динамической памяти ".SysUserHeap(.SysUser)"
Потеряно блоков: 8585, байтов: 545896


▓ Программа: "vip.exe"  Время запуска: 13:41:51 23/09/2024
▓ Исполняемый модуль: "C:\Galaktika\ATL6\Update_11400\support\exe\vip.exe"
▓ Система: Windows NT

Контекст исполнения ".SysUser"
Потеряно хип-контекстов: 1

Менеджер динамической памяти ".SysUserHeap(.SysUser)"
Потеряно блоков: 8585, байтов: 545860


▓ Программа: "vip.exe"  Время запуска: 13:46:00 23/09/2024
▓ Исполняемый модуль: "C:\Galaktika\ATL6\Update_11400\support\exe\vip.exe"
▓ Система: Windows NT

Контекст исполнения ".SysUser"
Потеряно хип-контекстов: 1

Менеджер динамической памяти ".SysUserHeap(.SysUser)"
Потеряно блоков: 8583, байтов: 546324


▓ Программа: "vip.exe"  Время запуска: 13:47:49 23/09/2024
▓ Исполняемый модуль: "C:\Galaktika\ATL6\Update_11400\support\exe\vip.exe"
▓ Система: Windows NT

Контекст исполнения ".SysUser"
Потеряно хип-контекстов: 1

Менеджер динамической памяти ".SysUserHeap(.SysUser)"
Потеряно блоков: 8583, байтов: 546340


▓ Программа: "vip.exe"  Время запуска: 13:50:21 23/09/2024
▓ Исполняемый модуль: "C:\Galaktika\ATL6\Update_11400\support\exe\vip.exe"
▓ Система: Windows NT

Контекст исполнения ".SysUser"
Потеряно хип-контекстов: 1

Менеджер динамической памяти ".SysUserHeap(.SysUser)"
Потеряно блоков: 8583, байтов: 546124


▓ Программа: "vip.exe"  Время запуска: 13:53:43 23/09/2024
▓ Исполняемый модуль: "C:\Galaktika\ATL6\Update_11400\support\exe\vip.exe"
▓ Система: Windows NT

Контекст исполнения ".SysUser"
Потеряно хип-контекстов: 1

Менеджер динамической памяти ".SysUserHeap(.SysUser)"
Потеряно блоков: 8579, байтов: 546364


▓ Программа: "vip.exe"  Время запуска: 13:57:36 23/09/2024
▓ Исполняемый модуль: "C:\Galaktika\ATL6\Update_11400\support\exe\vip.exe"
▓ Система: Windows NT

Контекст исполнения ".SysUser"
Потеряно хип-контекстов: 1

Менеджер динамической памяти ".SysUserHeap(.SysUser)"
Потеряно блоков: 8579, байтов: 546064


▓ Программа: "vip.exe"  Время запуска: 13:58:21 23/09/2024
▓ Исполняемый модуль: "C:\Galaktika\ATL6\Update_11400\support\exe\vip.exe"
▓ Система: Windows NT

Контекст исполнения ".SysUser"
Потеряно хип-контекстов: 1

Менеджер динамической памяти ".SysUserHeap(.SysUser)"
Потеряно блоков: 8583, байтов: 545944


▓ Программа: "vip.exe"  Время запуска: 14:47:32 23/09/2024
▓ Исполняемый модуль: "C:\Galaktika\ATL6\Update_11400\support\exe\vip.exe"
▓ Система: Windows NT

Контекст исполнения ".SysUser"
Потеряно хип-контекстов: 1

Менеджер динамической памяти ".SysUserHeap(.SysUser)"
Потеряно блоков: 8583, байтов: 546084


▓ Программа: "vip.exe"  Время запуска: 15:04:22 23/09/2024
▓ Исполняемый модуль: "C:\Galaktika\ATL6\Update_11400\support\exe\vip.exe"
▓ Система: Windows NT

Контекст исполнения ".SysUser"
Потеряно хип-контекстов: 1

Менеджер динамической памяти ".SysUserHeap(.SysUser)"
Потеряно блоков: 862, байтов: 21856


▓ Программа: "vip.exe"  Время запуска: 15:04:46 23/09/2024
▓ Исполняемый модуль: "C:\Galaktika\ATL6\Update_11400\support\exe\vip.exe"
▓ Система: Windows NT

Контекст исполнения ".SysUser"
Потеряно хип-контекстов: 1

Менеджер динамической памяти ".SysUserHeap(.SysUser)"
Потеряно блоков: 8606, байтов: 546652


▓ Программа: "vip.exe"  Время запуска: 15:07:55 23/09/2024
▓ Исполняемый модуль: "C:\Galaktika\ATL6\Update_11400\support\exe\vip.exe"
▓ Система: Windows NT

Контекст исполнения ".SysUser"
Потеряно хип-контекстов: 1

Менеджер динамической памяти ".SysUserHeap(.SysUser)"
Потеряно блоков: 8606, байтов: 546544


▓ Программа: "vip.exe"  Время запуска: 15:10:23 23/09/2024
▓ Исполняемый модуль: "C:\Galaktika\ATL6\Update_11400\support\exe\vip.exe"
▓ Система: Windows NT

Контекст исполнения ".SysUser"
Потеряно хип-контекстов: 1

Менеджер динамической памяти ".SysUserHeap(.SysUser)"
Потеряно блоков: 8611, байтов: 546904


▓ Программа: "vip.exe"  Время запуска: 15:16:26 23/09/2024
▓ Исполняемый модуль: "C:\Galaktika\ATL6\Update_11400\support\exe\vip.exe"
▓ Система: Windows NT

Контекст исполнения ".SysUser"
Потеряно хип-контекстов: 1

Менеджер динамической памяти ".SysUserHeap(.SysUser)"
Потеряно блоков: 8611, байтов: 547124


▓ Программа: "vip.exe"  Время запуска: 15:24:03 23/09/2024
▓ Исполняемый модуль: "C:\Galaktika\ATL6\Update_11400\support\exe\vip.exe"
▓ Система: Windows NT

Контекст исполнения ".SysUser"
Потеряно хип-контекстов: 1

Менеджер динамической памяти ".SysUserHeap(.SysUser)"
Потеряно блоков: 8611, байтов: 546788


▓ Программа: "vip.exe"  Время запуска: 15:41:09 23/09/2024
▓ Исполняемый модуль: "C:\Galaktika\ATL6\Update_11400\support\exe\vip.exe"
▓ Система: Windows NT

Контекст исполнения ".SysUser"
Потеряно хип-контекстов: 1

Менеджер динамической памяти ".SysUserHeap(.SysUser)"
Потеряно блоков: 8611, байтов: 546660


▓ Программа: "vip.exe"  Время запуска: 19:22:34 23/09/2024
▓ Исполняемый модуль: "C:\Galaktika\ATL6\Update_11400\support\exe\vip.exe"
▓ Система: Windows NT

Контекст исполнения ".SysUser"
Потеряно хип-контекстов: 1

Менеджер динамической памяти ".SysUserHeap(.SysUser)"
Потеряно блоков: 8611, байтов: 546444


▓ Программа: "vip.exe"  Время запуска: 19:46:12 23/09/2024
▓ Исполняемый модуль: "C:\Galaktika\ATL6\Update_11400\support\exe\vip.exe"
▓ Система: Windows NT

Контекст исполнения ".SysUser"
Потеряно хип-контекстов: 1

Менеджер динамической памяти ".SysUserHeap(.SysUser)"
Потеряно блоков: 8611, байтов: 547044


▓ Программа: "vip.exe"  Время запуска: 19:48:06 23/09/2024
▓ Исполняемый модуль: "C:\Galaktika\ATL6\Update_11400\support\exe\vip.exe"
▓ Система: Windows NT

Контекст исполнения ".SysUser"
Потеряно хип-контекстов: 1

Менеджер динамической памяти ".SysUserHeap(.SysUser)"
Потеряно блоков: 8611, байтов: 546696


▓ Программа: "vip.exe"  Время запуска: 19:50:45 23/09/2024
▓ Исполняемый модуль: "C:\Galaktika\ATL6\Update_11400\support\exe\vip.exe"
▓ Система: Windows NT

Контекст исполнения ".SysUser"
Потеряно хип-контекстов: 1

Менеджер динамической памяти ".SysUserHeap(.SysUser)"
Потеряно блоков: 8611, байтов: 546532


▓ Программа: "vip.exe"  Время запуска: 19:51:07 23/09/2024
▓ Исполняемый модуль: "C:\Galaktika\ATL6\Update_11400\support\exe\vip.exe"
▓ Система: Windows NT

Контекст исполнения ".SysUser"
Потеряно хип-контекстов: 1

Менеджер динамической памяти ".SysUserHeap(.SysUser)"
Потеряно блоков: 8611, байтов: 546744


▓ Программа: "vip.exe"  Время запуска: 19:52:20 23/09/2024
▓ Исполняемый модуль: "C:\Galaktika\ATL6\Update_11400\support\exe\vip.exe"
▓ Система: Windows NT

Контекст исполнения ".SysUser"
Потеряно хип-контекстов: 1

Менеджер динамической памяти ".SysUserHeap(.SysUser)"
Потеряно блоков: 8611, байтов: 547032


▓ Программа: "vip.exe"  Время запуска: 19:53:58 23/09/2024
▓ Исполняемый модуль: "C:\Galaktika\ATL6\Update_11400\support\exe\vip.exe"
▓ Система: Windows NT

Контекст исполнения ".SysUser"
Потеряно хип-контекстов: 1

Менеджер динамической памяти ".SysUserHeap(.SysUser)"
Потеряно блоков: 8611, байтов: 546944


▓ Программа: "vip.exe"  Время запуска: 19:56:25 23/09/2024
▓ Исполняемый модуль: "C:\Galaktika\ATL6\Update_11400\support\exe\vip.exe"
▓ Система: Windows NT

Контекст исполнения ".SysUser"
Потеряно хип-контекстов: 1

Менеджер динамической памяти ".SysUserHeap(.SysUser)"
Потеряно блоков: 8611, байтов: 546744


▓ Программа: "vip.exe"  Время запуска: 19:57:18 23/09/2024
▓ Исполняемый модуль: "C:\Galaktika\ATL6\Update_11400\support\exe\vip.exe"
▓ Система: Windows NT

Контекст исполнения ".SysUser"
Потеряно хип-контекстов: 1

Менеджер динамической памяти ".SysUserHeap(.SysUser)"
Потеряно блоков: 8611, байтов: 546948


▓ Программа: "vip.exe"  Время запуска: 20:19:35 23/09/2024
▓ Исполняемый модуль: "C:\Galaktika\ATL6\Update_11400\support\exe\vip.exe"
▓ Система: Windows NT

Контекст исполнения ".SysUser"
Потеряно хип-контекстов: 1

Менеджер динамической памяти ".SysUserHeap(.SysUser)"
Потеряно блоков: 8611, байтов: 547460


▓ Программа: "vip.exe"  Время запуска: 20:22:33 23/09/2024
▓ Исполняемый модуль: "C:\Galaktika\ATL6\Update_11400\support\exe\vip.exe"
▓ Система: Windows NT

Контекст исполнения ".SysUser"
Потеряно хип-контекстов: 1

Менеджер динамической памяти ".SysUserHeap(.SysUser)"
Потеряно блоков: 8611, байтов: 547188


▓ Программа: "vip.exe"  Время запуска: 20:24:31 23/09/2024
▓ Исполняемый модуль: "C:\Galaktika\ATL6\Update_11400\support\exe\vip.exe"
▓ Система: Windows NT

Контекст исполнения ".SysUser"
Потеряно хип-контекстов: 1

Менеджер динамической памяти ".SysUserHeap(.SysUser)"
Потеряно блоков: 8611, байтов: 547116


▓ Программа: "vip.exe"  Время запуска: 20:35:08 23/09/2024
▓ Исполняемый модуль: "C:\Galaktika\ATL6\Update_11400\support\exe\vip.exe"
▓ Система: Windows NT

Контекст исполнения ".SysUser"
Потеряно хип-контекстов: 1

Менеджер динамической памяти ".SysUserHeap(.SysUser)"
Потеряно блоков: 812, байтов: 20764


▓ Программа: "vip.exe"  Время запуска: 20:35:35 23/09/2024
▓ Исполняемый модуль: "C:\Galaktika\ATL6\Update_11400\support\exe\vip.exe"
▓ Система: Windows NT

Контекст исполнения ".SysUser"
Потеряно хип-контекстов: 1

Менеджер динамической памяти ".SysUserHeap(.SysUser)"
Потеряно блоков: 8611, байтов: 547500


▓ Программа: "vip.exe"  Время запуска: 20:37:30 23/09/2024
▓ Исполняемый модуль: "C:\Galaktika\ATL6\Update_11400\support\exe\vip.exe"
▓ Система: Windows NT

Контекст исполнения ".SysUser"
Потеряно хип-контекстов: 1

Менеджер динамической памяти ".SysUserHeap(.SysUser)"
Потеряно блоков: 8611, байтов: 546732


▓ Программа: "vip.exe"  Время запуска: 20:39:04 23/09/2024
▓ Исполняемый модуль: "C:\Galaktika\ATL6\Update_11400\support\exe\vip.exe"
▓ Система: Windows NT

Контекст исполнения ".SysUser"
Потеряно хип-контекстов: 1

Менеджер динамической памяти ".SysUserHeap(.SysUser)"
Потеряно блоков: 8611, байтов: 547080


▓ Программа: "vip.exe"  Время запуска: 20:43:20 23/09/2024
▓ Исполняемый модуль: "C:\Galaktika\ATL6\Update_11400\support\exe\vip.exe"
▓ Система: Windows NT

Контекст исполнения ".SysUser"
Потеряно хип-контекстов: 1

Менеджер динамической памяти ".SysUserHeap(.SysUser)"
Потеряно блоков: 8611, байтов: 546764


▓ Программа: "vip.exe"  Время запуска: 20:44:51 23/09/2024
▓ Исполняемый модуль: "C:\Galaktika\ATL6\Update_11400\support\exe\vip.exe"
▓ Система: Windows NT

Контекст исполнения ".SysUser"
Потеряно хип-контекстов: 1

Менеджер динамической памяти ".SysUserHeap(.SysUser)"
Потеряно блоков: 8611, байтов: 546640


▓ Программа: "vip.exe"  Время запуска: 20:45:58 23/09/2024
▓ Исполняемый модуль: "C:\Galaktika\ATL6\Update_11400\support\exe\vip.exe"
▓ Система: Windows NT

Контекст исполнения ".SysUser"
Потеряно хип-контекстов: 1

Менеджер динамической памяти ".SysUserHeap(.SysUser)"
Потеряно блоков: 8611, байтов: 546744


▓ Программа: "vip.exe"  Время запуска: 20:46:33 23/09/2024
▓ Исполняемый модуль: "C:\Galaktika\ATL6\Update_11400\support\exe\vip.exe"
▓ Система: Windows NT

Контекст исполнения ".SysUser"
Потеряно хип-контекстов: 1

Менеджер динамической памяти ".SysUserHeap(.SysUser)"
Потеряно блоков: 8611, байтов: 547020


▓ Программа: "vip.exe"  Время запуска: 20:50:07 23/09/2024
▓ Исполняемый модуль: "C:\Galaktika\ATL6\Update_11400\support\exe\vip.exe"
▓ Система: Windows NT

Контекст исполнения ".SysUser"
Потеряно хип-контекстов: 1

Менеджер динамической памяти ".SysUserHeap(.SysUser)"
Потеряно блоков: 616, байтов: 10864


▓ Программа: "vip.exe"  Время запуска: 20:52:07 23/09/2024
▓ Исполняемый модуль: "C:\Galaktika\ATL6\Update_11400\support\exe\vip.exe"
▓ Система: Windows NT

Контекст исполнения ".SysUser"
Потеряно хип-контекстов: 1

Менеджер динамической памяти ".SysUserHeap(.SysUser)"
Потеряно блоков: 630, байтов: 11100


▓ Программа: "vip.exe"  Время запуска: 20:52:25 23/09/2024
▓ Исполняемый модуль: "C:\Galaktika\ATL6\Update_11400\support\exe\vip.exe"
▓ Система: Windows NT

Контекст исполнения ".SysUser"
Потеряно хип-контекстов: 1

Менеджер динамической памяти ".SysUserHeap(.SysUser)"
Потеряно блоков: 8611, байтов: 546748


▓ Программа: "vip.exe"  Время запуска: 20:53:21 23/09/2024
▓ Исполняемый модуль: "C:\Galaktika\ATL6\Update_11400\support\exe\vip.exe"
▓ Система: Windows NT

Контекст исполнения ".SysUser"
Потеряно хип-контекстов: 1

Менеджер динамической памяти ".SysUserHeap(.SysUser)"
Потеряно блоков: 630, байтов: 11136


▓ Программа: "vip.exe"  Время запуска: 20:53:33 23/09/2024
▓ Исполняемый модуль: "C:\Galaktika\ATL6\Update_11400\support\exe\vip.exe"
▓ Система: Windows NT

Контекст исполнения ".SysUser"
Потеряно хип-контекстов: 1

Менеджер динамической памяти ".SysUserHeap(.SysUser)"
Потеряно блоков: 8611, байтов: 547044


▓ Программа: "vip.exe"  Время запуска: 20:55:20 23/09/2024
▓ Исполняемый модуль: "C:\Galaktika\ATL6\Update_11400\support\exe\vip.exe"
▓ Система: Windows NT

Контекст исполнения ".SysUser"
Потеряно хип-контекстов: 1

Менеджер динамической памяти ".SysUserHeap(.SysUser)"
Потеряно блоков: 8611, байтов: 546156


▓ Программа: "vip.exe"  Время запуска: 21:03:10 23/09/2024
▓ Исполняемый модуль: "C:\Galaktika\ATL6\Update_11400\support\exe\vip.exe"
▓ Система: Windows NT

Контекст исполнения ".SysUser"
Потеряно хип-контекстов: 1

Менеджер динамической памяти ".SysUserHeap(.SysUser)"
Потеряно блоков: 8611, байтов: 546556


▓ Программа: "vip.exe"  Время запуска: 21:08:06 23/09/2024
▓ Исполняемый модуль: "C:\Galaktika\ATL6\Update_11400\support\exe\vip.exe"
▓ Система: Windows NT

Контекст исполнения ".SysUser"
Потеряно хип-контекстов: 1

Менеджер динамической памяти ".SysUserHeap(.SysUser)"
Потеряно блоков: 8611, байтов: 546748


▓ Программа: "vip.exe"  Время запуска: 21:08:25 23/09/2024
▓ Исполняемый модуль: "C:\Galaktika\ATL6\Update_11400\support\exe\vip.exe"
▓ Система: Windows NT

Контекст исполнения ".SysUser"
Потеряно хип-контекстов: 1

Менеджер динамической памяти ".SysUserHeap(.SysUser)"
Потеряно блоков: 8611, байтов: 546684


▓ Программа: "vip.exe"  Время запуска: 21:09:09 23/09/2024
▓ Исполняемый модуль: "C:\Galaktika\ATL6\Update_11400\support\exe\vip.exe"
▓ Система: Windows NT

Контекст исполнения ".SysUser"
Потеряно хип-контекстов: 1

Менеджер динамической памяти ".SysUserHeap(.SysUser)"
Потеряно блоков: 8611, байтов: 546516


▓ Программа: "vip.exe"  Время запуска: 21:10:56 23/09/2024
▓ Исполняемый модуль: "C:\Galaktika\ATL6\Update_11400\support\exe\vip.exe"
▓ Система: Windows NT

Контекст исполнения ".SysUser"
Потеряно хип-контекстов: 1

Менеджер динамической памяти ".SysUserHeap(.SysUser)"
Потеряно блоков: 8611, байтов: 546428


▓ Программа: "vip.exe"  Время запуска: 21:11:51 23/09/2024
▓ Исполняемый модуль: "C:\Galaktika\ATL6\Update_11400\support\exe\vip.exe"
▓ Система: Windows NT

Контекст исполнения ".SysUser"
Потеряно хип-контекстов: 1

Менеджер динамической памяти ".SysUserHeap(.SysUser)"
Потеряно блоков: 8611, байтов: 546556


▓ Программа: "vip.exe"  Время запуска: 21:12:18 23/09/2024
▓ Исполняемый модуль: "C:\Galaktika\ATL6\Update_11400\support\exe\vip.exe"
▓ Система: Windows NT

Контекст исполнения ".SysUser"
Потеряно хип-контекстов: 1

Менеджер динамической памяти ".SysUserHeap(.SysUser)"
Потеряно блоков: 3739, байтов: 130852


▓ Программа: "vip.exe"  Время запуска: 21:12:37 23/09/2024
▓ Исполняемый модуль: "C:\Galaktika\ATL6\Update_11400\support\exe\vip.exe"
▓ Система: Windows NT

Контекст исполнения ".SysUser"
Потеряно хип-контекстов: 1

Менеджер динамической памяти ".SysUserHeap(.SysUser)"
Потеряно блоков: 8611, байтов: 546628


▓ Программа: "vip.exe"  Время запуска: 21:13:36 23/09/2024
▓ Исполняемый модуль: "C:\Galaktika\ATL6\Update_11400\support\exe\vip.exe"
▓ Система: Windows NT

Контекст исполнения ".SysUser"
Потеряно хип-контекстов: 1

Менеджер динамической памяти ".SysUserHeap(.SysUser)"
Потеряно блоков: 8611, байтов: 546732


▓ Программа: "vip.exe"  Время запуска: 21:14:21 23/09/2024
▓ Исполняемый модуль: "C:\Galaktika\ATL6\Update_11400\support\exe\vip.exe"
▓ Система: Windows NT

Контекст исполнения ".SysUser"
Потеряно хип-контекстов: 1

Менеджер динамической памяти ".SysUserHeap(.SysUser)"
Потеряно блоков: 8611, байтов: 546572


▓ Программа: "vip.exe"  Время запуска: 21:15:26 23/09/2024
▓ Исполняемый модуль: "C:\Galaktika\ATL6\Update_11400\support\exe\vip.exe"
▓ Система: Windows NT

Контекст исполнения ".SysUser"
Потеряно хип-контекстов: 1

Менеджер динамической памяти ".SysUserHeap(.SysUser)"
Потеряно блоков: 8640, байтов: 547108


▓ Программа: "vip.exe"  Время запуска: 21:16:36 23/09/2024
▓ Исполняемый модуль: "C:\Galaktika\ATL6\Update_11400\support\exe\vip.exe"
▓ Система: Windows NT

Контекст исполнения ".SysUser"
Потеряно хип-контекстов: 1

Менеджер динамической памяти ".SysUserHeap(.SysUser)"
Потеряно блоков: 8702, байтов: 548860


▓ Программа: "vip.exe"  Время запуска: 21:17:57 23/09/2024
▓ Исполняемый модуль: "C:\Galaktika\ATL6\Update_11400\support\exe\vip.exe"
▓ Система: Windows NT

Контекст исполнения ".SysUser"
Потеряно хип-контекстов: 1

Менеджер динамической памяти ".SysUserHeap(.SysUser)"
Потеряно блоков: 8702, байтов: 548464


▓ Программа: "vip.exe"  Время запуска: 21:21:13 23/09/2024
▓ Исполняемый модуль: "C:\Galaktika\ATL6\Update_11400\support\exe\vip.exe"
▓ Система: Windows NT

Контекст исполнения ".SysUser"
Потеряно хип-контекстов: 1

Менеджер динамической памяти ".SysUserHeap(.SysUser)"
Потеряно блоков: 8702, байтов: 548576


▓ Программа: "vip.exe"  Время запуска: 21:22:51 23/09/2024
▓ Исполняемый модуль: "C:\Galaktika\ATL6\Update_11400\support\exe\vip.exe"
▓ Система: Windows NT

Контекст исполнения ".SysUser"
Потеряно хип-контекстов: 1

Менеджер динамической памяти ".SysUserHeap(.SysUser)"
Потеряно блоков: 8702, байтов: 548392


▓ Программа: "vip.exe"  Время запуска: 21:23:36 23/09/2024
▓ Исполняемый модуль: "C:\Galaktika\ATL6\Update_11400\support\exe\vip.exe"
▓ Система: Windows NT

Контекст исполнения ".SysUser"
Потеряно хип-контекстов: 1

Менеджер динамической памяти ".SysUserHeap(.SysUser)"
Потеряно блоков: 8702, байтов: 548432


▓ Программа: "vip.exe"  Время запуска: 21:24:23 23/09/2024
▓ Исполняемый модуль: "C:\Galaktika\ATL6\Update_11400\support\exe\vip.exe"
▓ Система: Windows NT

Контекст исполнения ".SysUser"
Потеряно хип-контекстов: 1

Менеджер динамической памяти ".SysUserHeap(.SysUser)"
Потеряно блоков: 8702, байтов: 548396


▓ Программа: "vip.exe"  Время запуска: 21:25:03 23/09/2024
▓ Исполняемый модуль: "C:\Galaktika\ATL6\Update_11400\support\exe\vip.exe"
▓ Система: Windows NT

Контекст исполнения ".SysUser"
Потеряно хип-контекстов: 1

Менеджер динамической памяти ".SysUserHeap(.SysUser)"
Потеряно блоков: 8702, байтов: 548616


▓ Программа: "vip.exe"  Время запуска: 21:26:55 23/09/2024
▓ Исполняемый модуль: "C:\Galaktika\ATL6\Update_11400\support\exe\vip.exe"
▓ Система: Windows NT

Контекст исполнения ".SysUser"
Потеряно хип-контекстов: 1

Менеджер динамической памяти ".SysUserHeap(.SysUser)"
Потеряно блоков: 8708, байтов: 548508


▓ Программа: "vip.exe"  Время запуска: 21:28:07 23/09/2024
▓ Исполняемый модуль: "C:\Galaktika\ATL6\Update_11400\support\exe\vip.exe"
▓ Система: Windows NT

Контекст исполнения ".SysUser"
Потеряно хип-контекстов: 1

Менеджер динамической памяти ".SysUserHeap(.SysUser)"
Потеряно блоков: 8708, байтов: 548792


▓ Программа: "vip.exe"  Время запуска: 21:31:24 23/09/2024
▓ Исполняемый модуль: "C:\Galaktika\ATL6\Update_11400\support\exe\vip.exe"
▓ Система: Windows NT

Контекст исполнения ".SysUser"
Потеряно хип-контекстов: 1

Менеджер динамической памяти ".SysUserHeap(.SysUser)"
Потеряно блоков: 8708, байтов: 548432


▓ Программа: "vip.exe"  Время запуска: 21:32:36 23/09/2024
▓ Исполняемый модуль: "C:\Galaktika\ATL6\Update_11400\support\exe\vip.exe"
▓ Система: Windows NT

Контекст исполнения ".SysUser"
Потеряно хип-контекстов: 1

Менеджер динамической памяти ".SysUserHeap(.SysUser)"
Потеряно блоков: 8708, байтов: 548184


▓ Программа: "vip.exe"  Время запуска: 21:34:08 23/09/2024
▓ Исполняемый модуль: "C:\Galaktika\ATL6\Update_11400\support\exe\vip.exe"
▓ Система: Windows NT

Контекст исполнения ".SysUser"
Потеряно хип-контекстов: 1

Менеджер динамической памяти ".SysUserHeap(.SysUser)"
Потеряно блоков: 8708, байтов: 548404


▓ Программа: "vip.exe"  Время запуска: 21:35:28 23/09/2024
▓ Исполняемый модуль: "C:\Galaktika\ATL6\Update_11400\support\exe\vip.exe"
▓ Система: Windows NT

Контекст исполнения ".SysUser"
Потеряно хип-контекстов: 1

Менеджер динамической памяти ".SysUserHeap(.SysUser)"
Потеряно блоков: 8708, байтов: 548584


▓ Программа: "vip.exe"  Время запуска: 21:35:38 23/09/2024
▓ Исполняемый модуль: "C:\Galaktika\ATL6\Update_11400\support\exe\vip.exe"
▓ Система: Windows NT

Контекст исполнения ".SysUser"
Потеряно хип-контекстов: 1

Менеджер динамической памяти ".SysUserHeap(.SysUser)"
Потеряно блоков: 8708, байтов: 548300


▓ Программа: "vip.exe"  Время запуска: 21:36:04 23/09/2024
▓ Исполняемый модуль: "C:\Galaktika\ATL6\Update_11400\support\exe\vip.exe"
▓ Система: Windows NT

Контекст исполнения ".SysUser"
Потеряно хип-контекстов: 1

Менеджер динамической памяти ".SysUserHeap(.SysUser)"
Потеряно блоков: 8708, байтов: 548424


▓ Программа: "vip.exe"  Время запуска: 21:36:57 23/09/2024
▓ Исполняемый модуль: "C:\Galaktika\ATL6\Update_11400\support\exe\vip.exe"
▓ Система: Windows NT

Контекст исполнения ".SysUser"
Потеряно хип-контекстов: 1

Менеджер динамической памяти ".SysUserHeap(.SysUser)"
Потеряно блоков: 808, байтов: 20784


▓ Программа: "vip.exe"  Время запуска: 21:37:54 23/09/2024
▓ Исполняемый модуль: "C:\Galaktika\ATL6\Update_11400\support\exe\vip.exe"
▓ Система: Windows NT

Контекст исполнения ".SysUser"
Потеряно хип-контекстов: 1

Менеджер динамической памяти ".SysUserHeap(.SysUser)"
Потеряно блоков: 8708, байтов: 548508


▓ Программа: "vip.exe"  Время запуска: 21:39:15 23/09/2024
▓ Исполняемый модуль: "C:\Galaktika\ATL6\Update_11400\support\exe\vip.exe"
▓ Система: Windows NT

Контекст исполнения ".SysUser"
Потеряно хип-контекстов: 1

Менеджер динамической памяти ".SysUserHeap(.SysUser)"
Потеряно блоков: 8708, байтов: 548568


▓ Программа: "vip.exe"  Время запуска: 21:40:20 23/09/2024
▓ Исполняемый модуль: "C:\Galaktika\ATL6\Update_11400\support\exe\vip.exe"
▓ Система: Windows NT

Контекст исполнения ".SysUser"
Потеряно хип-контекстов: 1

Менеджер динамической памяти ".SysUserHeap(.SysUser)"
Потеряно блоков: 791, байтов: 20248


▓ Программа: "vip.exe"  Время запуска: 21:40:35 23/09/2024
▓ Исполняемый модуль: "C:\Galaktika\ATL6\Update_11400\support\exe\vip.exe"
▓ Система: Windows NT

Контекст исполнения ".SysUser"
Потеряно хип-контекстов: 1

Менеджер динамической памяти ".SysUserHeap(.SysUser)"
Потеряно блоков: 8708, байтов: 548444


▓ Программа: "vip.exe"  Время запуска: 21:41:27 23/09/2024
▓ Исполняемый модуль: "C:\Galaktika\ATL6\Update_11400\support\exe\vip.exe"
▓ Система: Windows NT

Контекст исполнения ".SysUser"
Потеряно хип-контекстов: 1

Менеджер динамической памяти ".SysUserHeap(.SysUser)"
Потеряно блоков: 791, байтов: 20300


▓ Программа: "vip.exe"  Время запуска: 21:41:52 23/09/2024
▓ Исполняемый модуль: "C:\Galaktika\ATL6\Update_11400\support\exe\vip.exe"
▓ Система: Windows NT

Контекст исполнения ".SysUser"
Потеряно хип-контекстов: 1

Менеджер динамической памяти ".SysUserHeap(.SysUser)"
Потеряно блоков: 8708, байтов: 548588


▓ Программа: "vip.exe"  Время запуска: 21:42:22 23/09/2024
▓ Исполняемый модуль: "C:\Galaktika\ATL6\Update_11400\support\exe\vip.exe"
▓ Система: Windows NT

Контекст исполнения ".SysUser"
Потеряно хип-контекстов: 1

Менеджер динамической памяти ".SysUserHeap(.SysUser)"
Потеряно блоков: 791, байтов: 20264


▓ Программа: "vip.exe"  Время запуска: 21:42:43 23/09/2024
▓ Исполняемый модуль: "C:\Galaktika\ATL6\Update_11400\support\exe\vip.exe"
▓ Система: Windows NT

Контекст исполнения ".SysUser"
Потеряно хип-контекстов: 1

Менеджер динамической памяти ".SysUserHeap(.SysUser)"
Потеряно блоков: 8708, байтов: 548584


▓ Программа: "vip.exe"  Время запуска: 21:44:24 23/09/2024
▓ Исполняемый модуль: "C:\Galaktika\ATL6\Update_11400\support\exe\vip.exe"
▓ Система: Windows NT

Контекст исполнения ".SysUser"
Потеряно хип-контекстов: 1

Менеджер динамической памяти ".SysUserHeap(.SysUser)"
Потеряно блоков: 8708, байтов: 548332


▓ Программа: "vip.exe"  Время запуска: 21:45:12 23/09/2024
▓ Исполняемый модуль: "C:\Galaktika\ATL6\Update_11400\support\exe\vip.exe"
▓ Система: Windows NT

Контекст исполнения ".SysUser"
Потеряно хип-контекстов: 1

Менеджер динамической памяти ".SysUserHeap(.SysUser)"
Потеряно блоков: 8708, байтов: 548660


▓ Программа: "vip.exe"  Время запуска: 21:46:07 23/09/2024
▓ Исполняемый модуль: "C:\Galaktika\ATL6\Update_11400\support\exe\vip.exe"
▓ Система: Windows NT

Контекст исполнения ".SysUser"
Потеряно хип-контекстов: 1

Менеджер динамической памяти ".SysUserHeap(.SysUser)"
Потеряно блоков: 789, байтов: 20272


▓ Программа: "vip.exe"  Время запуска: 21:46:32 23/09/2024
▓ Исполняемый модуль: "C:\Galaktika\ATL6\Update_11400\support\exe\vip.exe"
▓ Система: Windows NT

Контекст исполнения ".SysUser"
Потеряно хип-контекстов: 1

Менеджер динамической памяти ".SysUserHeap(.SysUser)"
Потеряно блоков: 8708, байтов: 548716


▓ Программа: "vip.exe"  Время запуска: 21:47:13 23/09/2024
▓ Исполняемый модуль: "C:\Galaktika\ATL6\Update_11400\support\exe\vip.exe"
▓ Система: Windows NT

Контекст исполнения ".SysUser"
Потеряно хип-контекстов: 1

Менеджер динамической памяти ".SysUserHeap(.SysUser)"
Потеряно блоков: 8708, байтов: 548808


▓ Программа: "vip.exe"  Время запуска: 21:48:59 23/09/2024
▓ Исполняемый модуль: "C:\Galaktika\ATL6\Update_11400\support\exe\vip.exe"
▓ Система: Windows NT

Контекст исполнения ".SysUser"
Потеряно хип-контекстов: 1

Менеджер динамической памяти ".SysUserHeap(.SysUser)"
Потеряно блоков: 8708, байтов: 548244


▓ Программа: "vip.exe"  Время запуска: 21:51:34 23/09/2024
▓ Исполняемый модуль: "C:\Galaktika\ATL6\Update_11400\support\exe\vip.exe"
▓ Система: Windows NT

Контекст исполнения ".SysUser"
Потеряно хип-контекстов: 1

Менеджер динамической памяти ".SysUserHeap(.SysUser)"
Потеряно блоков: 8708, байтов: 548752


▓ Программа: "vip.exe"  Время запуска: 21:55:38 23/09/2024
▓ Исполняемый модуль: "C:\Galaktika\ATL6\Update_11400\support\exe\vip.exe"
▓ Система: Windows NT

Контекст исполнения ".SysUser"
Потеряно хип-контекстов: 1

Менеджер динамической памяти ".SysUserHeap(.SysUser)"
Потеряно блоков: 757, байтов: 19176


▓ Программа: "vip.exe"  Время запуска: 21:55:56 23/09/2024
▓ Исполняемый модуль: "C:\Galaktika\ATL6\Update_11400\support\exe\vip.exe"
▓ Система: Windows NT

Контекст исполнения ".SysUser"
Потеряно хип-контекстов: 1

Менеджер динамической памяти ".SysUserHeap(.SysUser)"
Потеряно блоков: 757, байтов: 19152


▓ Программа: "vip.exe"  Время запуска: 21:56:09 23/09/2024
▓ Исполняемый модуль: "C:\Galaktika\ATL6\Update_11400\support\exe\vip.exe"
▓ Система: Windows NT

Контекст исполнения ".SysUser"
Потеряно хип-контекстов: 1

Менеджер динамической памяти ".SysUserHeap(.SysUser)"
Потеряно блоков: 2187, байтов: 46280


▓ Программа: "vip.exe"  Время запуска: 21:56:25 23/09/2024
▓ Исполняемый модуль: "C:\Galaktika\ATL6\Update_11400\support\exe\vip.exe"
▓ Система: Windows NT

Контекст исполнения ".SysUser"
Потеряно хип-контекстов: 1

Менеджер динамической памяти ".SysUserHeap(.SysUser)"
Потеряно блоков: 2187, байтов: 46244


▓ Программа: "vip.exe"  Время запуска: 21:59:58 23/09/2024
▓ Исполняемый модуль: "C:\Galaktika\ATL6\Update_11400\support\exe\vip.exe"
▓ Система: Windows NT

Контекст исполнения ".SysUser"
Потеряно хип-контекстов: 1

Менеджер динамической памяти ".SysUserHeap(.SysUser)"
Потеряно блоков: 8708, байтов: 548004

