
▓ Программа: "vip.exe"  Время запуска: 10:42:05 14/01/2024
▓ Исполняемый модуль: "C:\Galaktika\ATL6\Update_10.1.2230\support\vip.exe"
▓ Система: Windows NT

Контекст исполнения ".SysUser"
Потеряно хип-контекстов: 1

Менеджер динамической памяти ".SysUserHeap(.SysUser)"
Потеряно блоков: 1, байтов: 56


▓ Программа: "vip.exe"  Время запуска: 10:43:38 14/01/2024
▓ Исполняемый модуль: "C:\Galaktika\ATL6\Update_10.1.2230\support\vip.exe"
▓ Система: Windows NT

Контекст исполнения ".SysUser"
Потеряно хип-контекстов: 1

Менеджер динамической памяти ".SysUserHeap(.SysUser)"
Потеряно блоков: 1, байтов: 56


▓ Программа: "vip.exe"  Время запуска: 10:45:12 14/01/2024
▓ Исполняемый модуль: "C:\Galaktika\ATL6\Update_10.1.2230\support\vip.exe"
▓ Система: Windows NT

Контекст исполнения ".SysUser"
Потеряно хип-контекстов: 1

Менеджер динамической памяти ".SysUserHeap(.SysUser)"
Потеряно блоков: 1, байтов: 56


▓ Программа: "vip.exe"  Время запуска: 10:46:06 14/01/2024
▓ Исполняемый модуль: "C:\Galaktika\ATL6\Update_10.1.2230\support\vip.exe"
▓ Система: Windows NT

Контекст исполнения ".SysUser"
Потеряно хип-контекстов: 1

Менеджер динамической памяти ".SysUserHeap(.SysUser)"
Потеряно блоков: 443, байтов: 7836


▓ Программа: "vip.exe"  Время запуска: 10:46:58 14/01/2024
▓ Исполняемый модуль: "C:\Galaktika\ATL6\Update_10.1.2230\support\vip.exe"
▓ Система: Windows NT

Контекст исполнения ".SysUser"
Потеряно хип-контекстов: 1

Менеджер динамической памяти ".SysUserHeap(.SysUser)"
Потеряно блоков: 551, байтов: 9676


▓ Программа: "vip.exe"  Время запуска: 10:47:37 14/01/2024
▓ Исполняемый модуль: "C:\Galaktika\ATL6\Update_10.1.2230\support\vip.exe"
▓ Система: Windows NT

Контекст исполнения ".SysUser"
Потеряно хип-контекстов: 1

Менеджер динамической памяти ".SysUserHeap(.SysUser)"
Потеряно блоков: 792, байтов: 13808


▓ Программа: "vip.exe"  Время запуска: 10:22:33 15/01/2024
▓ Исполняемый модуль: "C:\Galaktika\ATL6\Update_10.1.2230\support\vip.exe"
▓ Система: Windows NT  Логин: "Дмитрий"  Станция: "LAPUS-VICTUS"

Класс окна "Atlantis Font Window" не был разрегистрирован: 1411
(Класс не существует)
 04ECFCAC: 03AD57BF vision_w.dll.1:000047BF
 04ECFCB0: 03BB0AD4 vision_w.dll.2:00000AD4
 04ECFCC0: 03AD4F5F vision_w.dll.1:00003F5F
 04ECFCC4: 00FC1EDE atlantis.rtl.1:00030EDE
 04ECFCD0: 03AD1000 vision_w.dll.1:00000000
 04ECFCDC: 03AD10BE vision_w.dll.1:000000BE
 04ECFCE4: 03AD1020 vision_w.dll.1:00000020
 04ECFCEC: 03AD1000 vision_w.dll.1:00000000
 04ECFD0C: 03AD1000 vision_w.dll.1:00000000
 04ECFD1C: 03AD1000 vision_w.dll.1:00000000

Контекст исполнения ".SysUser"
Потеряно хип-контекстов: 1
Потеряно серверных потоков: 1

Менеджер динамической памяти ".SysUserHeap(.SysUser)"
Потеряно блоков: 247315, байтов: 7722576


▓ Программа: "vip.exe"  Время запуска: 10:23:09 15/01/2024
▓ Исполняемый модуль: "C:\Galaktika\ATL6\Update_10.1.2230\support\vip.exe"
▓ Система: Windows NT

Контекст исполнения ".SysUser"
Потеряно хип-контекстов: 1

Менеджер динамической памяти ".SysUserHeap(.SysUser)"
Потеряно блоков: 1606, байтов: 48700


▓ Программа: "vip.exe"  Время запуска: 13:44:38 17/01/2024
▓ Исполняемый модуль: "C:\Galaktika\ATL6\Update_10.1.2230\support\vip.exe"
▓ Система: Windows NT

Контекст исполнения ".SysUser"
Потеряно хип-контекстов: 1

Менеджер динамической памяти ".SysUserHeap(.SysUser)"
Потеряно блоков: 792, байтов: 13872


▓ Программа: "vip.exe"  Время запуска: 08:50:08 21/01/2024
▓ Исполняемый модуль: "C:\Galaktika\ATL6\Update_10.1.2230\support\vip.exe"
▓ Система: Windows NT

Контекст исполнения ".SysUser"
Потеряно хип-контекстов: 1

Менеджер динамической памяти ".SysUserHeap(.SysUser)"
Потеряно блоков: 1526, байтов: 44952


▓ Программа: "vip.exe"  Время запуска: 09:04:26 21/01/2024
▓ Исполняемый модуль: "C:\Galaktika\ATL6\Update_10.1.2230\support\vip.exe"
▓ Система: Windows NT

Контекст исполнения ".SysUser"
Потеряно хип-контекстов: 1

Менеджер динамической памяти ".SysUserHeap(.SysUser)"
Потеряно блоков: 1471, байтов: 45616


▓ Программа: "vip.exe"  Время запуска: 09:05:04 21/01/2024
▓ Исполняемый модуль: "C:\Galaktika\ATL6\Update_10.1.2230\support\vip.exe"
▓ Система: Windows NT

Контекст исполнения ".SysUser"
Потеряно хип-контекстов: 1

Менеджер динамической памяти ".SysUserHeap(.SysUser)"
Потеряно блоков: 1473, байтов: 45620


▓ Программа: "vip.exe"  Время запуска: 09:09:28 21/01/2024
▓ Исполняемый модуль: "C:\Galaktika\ATL6\Update_10.1.2230\support\vip.exe"
▓ Система: Windows NT

Контекст исполнения ".SysUser"
Потеряно хип-контекстов: 1

Менеджер динамической памяти ".SysUserHeap(.SysUser)"
Потеряно блоков: 1525, байтов: 44836


▓ Программа: "vip.exe"  Время запуска: 09:14:31 21/01/2024
▓ Исполняемый модуль: "C:\Galaktika\ATL6\Update_10.1.2230\support\vip.exe"
▓ Система: Windows NT

Контекст исполнения ".SysUser"
Потеряно хип-контекстов: 1

Менеджер динамической памяти ".SysUserHeap(.SysUser)"
Потеряно блоков: 1525, байтов: 44896


▓ Программа: "vip.exe"  Время запуска: 09:17:47 21/01/2024
▓ Исполняемый модуль: "C:\Galaktika\ATL6\Update_10.1.2230\support\vip.exe"
▓ Система: Windows NT

Контекст исполнения ".SysUser"
Потеряно хип-контекстов: 1

Менеджер динамической памяти ".SysUserHeap(.SysUser)"
Потеряно блоков: 1523, байтов: 44784


▓ Программа: "vip.exe"  Время запуска: 09:20:26 21/01/2024
▓ Исполняемый модуль: "C:\Galaktika\ATL6\Update_10.1.2230\support\vip.exe"
▓ Система: Windows NT

Контекст исполнения ".SysUser"
Потеряно хип-контекстов: 1

Менеджер динамической памяти ".SysUserHeap(.SysUser)"
Потеряно блоков: 792, байтов: 13800


▓ Программа: "vip.exe"  Время запуска: 09:23:58 21/01/2024
▓ Исполняемый модуль: "C:\Galaktika\ATL6\Update_10.1.2230\support\vip.exe"
▓ Система: Windows NT

Контекст исполнения ".SysUser"
Потеряно хип-контекстов: 1

Менеджер динамической памяти ".SysUserHeap(.SysUser)"
Потеряно блоков: 1523, байтов: 44932


▓ Программа: "vip.exe"  Время запуска: 09:37:33 21/01/2024
▓ Исполняемый модуль: "C:\Galaktika\ATL6\Update_10.1.2230\support\vip.exe"
▓ Система: Windows NT

Контекст исполнения ".SysUser"
Потеряно хип-контекстов: 1

Менеджер динамической памяти ".SysUserHeap(.SysUser)"
Потеряно блоков: 1601, байтов: 48668


▓ Программа: "vip.exe"  Время запуска: 09:40:47 21/01/2024
▓ Исполняемый модуль: "C:\Galaktika\ATL6\Update_10.1.2230\support\vip.exe"
▓ Система: Windows NT

Контекст исполнения ".SysUser"
Потеряно хип-контекстов: 1

Менеджер динамической памяти ".SysUserHeap(.SysUser)"
Потеряно блоков: 1521, байтов: 44828


▓ Программа: "vip.exe"  Время запуска: 09:49:21 21/01/2024
▓ Исполняемый модуль: "C:\Galaktika\ATL6\Update_10.1.2230\support\vip.exe"
▓ Система: Windows NT

Контекст исполнения ".SysUser"
Потеряно хип-контекстов: 1

Менеджер динамической памяти ".SysUserHeap(.SysUser)"
Потеряно блоков: 1519, байтов: 44796


▓ Программа: "vip.exe"  Время запуска: 09:50:51 21/01/2024
▓ Исполняемый модуль: "C:\Galaktika\ATL6\Update_10.1.2230\support\vip.exe"
▓ Система: Windows NT

Контекст исполнения ".SysUser"
Потеряно хип-контекстов: 1

Менеджер динамической памяти ".SysUserHeap(.SysUser)"
Потеряно блоков: 1519, байтов: 44772

