
▓ Программа: "vip.exe"  Время запуска: 14:04:01 25/10/2024
▓ Исполняемый модуль: "C:\Galaktika\ATL6\Update_11400\support\exe\vip.exe"
▓ Система: Windows NT

Контекст исполнения ".SysUser"
Потеряно хип-контекстов: 1

Менеджер динамической памяти ".SysUserHeap(.SysUser)"
Потеряно блоков: 806, байтов: 14096


▓ Программа: "vip.exe"  Время запуска: 14:12:01 25/10/2024
▓ Исполняемый модуль: "C:\Galaktika\ATL6\Update_11400\support\exe\vip.exe"
▓ Система: Windows NT

Контекст исполнения ".SysUser"
Потеряно хип-контекстов: 1

Менеджер динамической памяти ".SysUserHeap(.SysUser)"
Потеряно блоков: 813, байтов: 14336


▓ Программа: "vip.exe"  Время запуска: 14:31:19 25/10/2024
▓ Исполняемый модуль: "C:\Galaktika\ATL6\Update_11400\support\exe\vip.exe"
▓ Система: Windows NT

Контекст исполнения ".SysUser"
Потеряно хип-контекстов: 1

Менеджер динамической памяти ".SysUserHeap(.SysUser)"
Потеряно блоков: 813, байтов: 14376


▓ Программа: "vip.exe"  Время запуска: 14:57:20 25/10/2024
▓ Исполняемый модуль: "C:\Galaktika\ATL6\Update_11400\support\exe\vip.exe"
▓ Система: Windows NT

Контекст исполнения ".SysUser"
Потеряно хип-контекстов: 1

Менеджер динамической памяти ".SysUserHeap(.SysUser)"
Потеряно блоков: 813, байтов: 14288


▓ Программа: "vip.exe"  Время запуска: 15:02:40 25/10/2024
▓ Исполняемый модуль: "C:\Galaktika\ATL6\Update_11400\support\exe\vip.exe"
▓ Система: Windows NT

Контекст исполнения ".SysUser"
Потеряно хип-контекстов: 1

Менеджер динамической памяти ".SysUserHeap(.SysUser)"
Потеряно блоков: 813, байтов: 14316


▓ Программа: "vip.exe"  Время запуска: 15:03:39 25/10/2024
▓ Исполняемый модуль: "C:\Galaktika\ATL6\Update_11400\support\exe\vip.exe"
▓ Система: Windows NT

Контекст исполнения ".SysUser"
Потеряно хип-контекстов: 1

Менеджер динамической памяти ".SysUserHeap(.SysUser)"
Потеряно блоков: 813, байтов: 14356


▓ Программа: "vip.exe"  Время запуска: 15:04:48 25/10/2024
▓ Исполняемый модуль: "C:\Galaktika\ATL6\Update_11400\support\exe\vip.exe"
▓ Система: Windows NT

Контекст исполнения ".SysUser"
Потеряно хип-контекстов: 1

Менеджер динамической памяти ".SysUserHeap(.SysUser)"
Потеряно блоков: 813, байтов: 14348


▓ Программа: "vip.exe"  Время запуска: 15:05:54 25/10/2024
▓ Исполняемый модуль: "C:\Galaktika\ATL6\Update_11400\support\exe\vip.exe"
▓ Система: Windows NT

Контекст исполнения ".SysUser"
Потеряно хип-контекстов: 1

Менеджер динамической памяти ".SysUserHeap(.SysUser)"
Потеряно блоков: 813, байтов: 14344

