
▓ Программа: "vip.exe"  Время запуска: 15:00:50 04/03/2024
▓ Исполняемый модуль: "C:\Galaktika\ATL6\Update_10.1.2230\support\vip.exe"
▓ Система: Windows NT  Логин: "Дмитрий"  Станция: "LAPUS-VICTUS"

Класс окна "Atlantis Font Window" не был разрегистрирован: 1411
(Класс не существует)
 044DFCAC: 03B157BF vision_w.dll.1:000047BF
 044DFCB0: 03BF0AD4 vision_w.dll.2:00000AD4
 044DFCC0: 03B14F5F vision_w.dll.1:00003F5F
 044DFCC4: 00F61EDE atlantis.rtl.1:00030EDE
 044DFCD0: 03B11000 vision_w.dll.1:00000000
 044DFCDC: 03B110BE vision_w.dll.1:000000BE
 044DFCE4: 03B11020 vision_w.dll.1:00000020
 044DFCEC: 03B11000 vision_w.dll.1:00000000
 044DFD0C: 03B11000 vision_w.dll.1:00000000
 044DFD1C: 03B11000 vision_w.dll.1:00000000

Контекст исполнения ".SysUser"
Потеряно хип-контекстов: 1
Потеряно серверных потоков: 1

Менеджер динамической памяти ".SysUserHeap(.SysUser)"
Потеряно блоков: 76178, байтов: 2590508


▓ Программа: "vip.exe"  Время запуска: 15:09:44 04/03/2024
▓ Исполняемый модуль: "C:\Galaktika\ATL6\Update_10.1.2230\support\vip.exe"
▓ Система: Windows NT

Контекст исполнения ".SysUser"
Потеряно хип-контекстов: 1

Менеджер динамической памяти ".SysUserHeap(.SysUser)"
Потеряно блоков: 21, байтов: 700


▓ Программа: "vip.exe"  Время запуска: 15:10:08 04/03/2024
▓ Исполняемый модуль: "C:\Galaktika\ATL6\Update_10.1.2230\support\vip.exe"
▓ Система: Windows NT

Контекст исполнения ".SysUser"
Потеряно хип-контекстов: 1

Менеджер динамической памяти ".SysUserHeap(.SysUser)"
Потеряно блоков: 21, байтов: 700


▓ Программа: "vip.exe"  Время запуска: 15:10:25 04/03/2024
▓ Исполняемый модуль: "C:\Galaktika\ATL6\Update_10.1.2230\support\vip.exe"
▓ Система: Windows NT

Контекст исполнения ".SysUser"
Потеряно хип-контекстов: 1

Менеджер динамической памяти ".SysUserHeap(.SysUser)"
Потеряно блоков: 21, байтов: 696

