
▓ Программа: "vip.exe"  Время запуска: 21:42:34 28/05/2024
▓ Исполняемый модуль: "C:\Galaktika\ATL6\Update_11400\support\exe\vip.exe"
▓ Система: Windows NT

Контекст исполнения ".SysUser"
Потеряно хип-контекстов: 1

Менеджер динамической памяти ".SysUserHeap(.SysUser)"
Потеряно блоков: 792, байтов: 13876


▓ Программа: "vip.exe"  Время запуска: 21:43:50 28/05/2024
▓ Исполняемый модуль: "C:\Galaktika\ATL6\Update_11400\support\exe\vip.exe"
▓ Система: Windows NT

Контекст исполнения ".SysUser"
Потеряно хип-контекстов: 1

Менеджер динамической памяти ".SysUserHeap(.SysUser)"
Потеряно блоков: 792, байтов: 13848


▓ Программа: "vip.exe"  Время запуска: 22:00:40 28/05/2024
▓ Исполняемый модуль: "C:\Galaktika\ATL6\Update_11400\support\exe\vip.exe"
▓ Система: Windows NT  Логин: "Дмитрий"  Станция: "LAPUS-VICTUS"

Класс окна "Atlantis Font Window" не был разрегистрирован: 1411
(Класс не существует)
 04F0FCAC: 03B157BF vision_w.dll.1:000047BF
 04F0FCB0: 03BF0AD4 vision_w.dll.2:00000AD4
 04F0FCC0: 03B14F5F vision_w.dll.1:00003F5F
 04F0FCC4: 00FC1EF6 atlantis.rtl.1:00030EF6
 04F0FCD0: 03B11000 vision_w.dll.1:00000000
 04F0FCDC: 03B110BE vision_w.dll.1:000000BE
 04F0FCE4: 03B11020 vision_w.dll.1:00000020
 04F0FCEC: 03B11000 vision_w.dll.1:00000000
 04F0FD0C: 03B11000 vision_w.dll.1:00000000
 04F0FD1C: 03B11000 vision_w.dll.1:00000000

Контекст исполнения ".SysUser"
Потеряно хип-контекстов: 1
Потеряно серверных потоков: 1

Менеджер динамической памяти ".SysUserHeap(.SysUser)"
Потеряно блоков: 246773, байтов: 7349944


▓ Программа: "vip.exe"  Время запуска: 22:00:53 28/05/2024
▓ Исполняемый модуль: "C:\Galaktika\ATL6\Update_11400\support\exe\vip.exe"
▓ Система: Windows NT

Контекст исполнения ".SysUser"
Потеряно хип-контекстов: 1

Менеджер динамической памяти ".SysUserHeap(.SysUser)"
Потеряно блоков: 2094, байтов: 43420


▓ Программа: "vip.exe"  Время запуска: 22:22:51 28/05/2024
▓ Исполняемый модуль: "C:\Galaktika\ATL6\Update_11400\support\exe\vip.exe"
▓ Система: Windows NT

Контекст исполнения ".SysUser"
Потеряно хип-контекстов: 1

Менеджер динамической памяти ".SysUserHeap(.SysUser)"
Потеряно блоков: 2101, байтов: 43648


▓ Программа: "vip.exe"  Время запуска: 22:24:44 28/05/2024
▓ Исполняемый модуль: "C:\Galaktika\ATL6\Update_11400\support\exe\vip.exe"
▓ Система: Windows NT

Контекст исполнения ".SysUser"
Потеряно хип-контекстов: 1

Менеджер динамической памяти ".SysUserHeap(.SysUser)"
Потеряно блоков: 2101, байтов: 43600


▓ Программа: "vip.exe"  Время запуска: 22:27:15 28/05/2024
▓ Исполняемый модуль: "C:\Galaktika\ATL6\Update_11400\support\exe\vip.exe"
▓ Система: Windows NT

Контекст исполнения ".SysUser"
Потеряно хип-контекстов: 1

Менеджер динамической памяти ".SysUserHeap(.SysUser)"
Потеряно блоков: 1822, байтов: 37856


▓ Программа: "vip.exe"  Время запуска: 22:27:35 28/05/2024
▓ Исполняемый модуль: "C:\Galaktika\ATL6\Update_11400\support\exe\vip.exe"
▓ Система: Windows NT

Контекст исполнения ".SysUser"
Потеряно хип-контекстов: 1

Менеджер динамической памяти ".SysUserHeap(.SysUser)"
Потеряно блоков: 2104, байтов: 43716


▓ Программа: "vip.exe"  Время запуска: 08:43:30 29/05/2024
▓ Исполняемый модуль: "C:\Galaktika\ATL6\Update_11400\support\exe\vip.exe"
▓ Система: Windows NT

Контекст исполнения ".SysUser"
Потеряно хип-контекстов: 1

Менеджер динамической памяти ".SysUserHeap(.SysUser)"
Потеряно блоков: 61, байтов: 2836


▓ Программа: "vip.exe"  Время запуска: 08:43:57 29/05/2024
▓ Исполняемый модуль: "C:\Galaktika\ATL6\Update_11400\support\exe\vip.exe"
▓ Система: Windows NT

Контекст исполнения ".SysUser"
Потеряно хип-контекстов: 1

Менеджер динамической памяти ".SysUserHeap(.SysUser)"
Потеряно блоков: 2126, байтов: 44116


▓ Программа: "vip.exe"  Время запуска: 08:46:00 29/05/2024
▓ Исполняемый модуль: "C:\Galaktika\ATL6\Update_11400\support\exe\vip.exe"
▓ Система: Windows NT

Контекст исполнения ".SysUser"
Потеряно хип-контекстов: 1

Менеджер динамической памяти ".SysUserHeap(.SysUser)"
Потеряно блоков: 2126, байтов: 44124


▓ Программа: "vip.exe"  Время запуска: 08:46:23 29/05/2024
▓ Исполняемый модуль: "C:\Galaktika\ATL6\Update_11400\support\exe\vip.exe"
▓ Система: Windows NT

Контекст исполнения ".SysUser"
Потеряно хип-контекстов: 1

Менеджер динамической памяти ".SysUserHeap(.SysUser)"
Потеряно блоков: 2126, байтов: 44204

