
▓ Программа: "vip.exe"  Время запуска: 18:59:12 12/02/2024
▓ Исполняемый модуль: "C:\Galaktika\ATL6\Update_10.1.2230\support\vip.exe"
▓ Система: Windows NT

Контекст исполнения ".SysUser"
Потеряно хип-контекстов: 1

Менеджер динамической памяти ".SysUserHeap(.SysUser)"
Потеряно блоков: 919, байтов: 17088


▓ Программа: "vip.exe"  Время запуска: 20:55:42 12/02/2024
▓ Исполняемый модуль: "C:\Galaktika\ATL6\Update_10.1.2230\support\vip.exe"
▓ Система: Windows NT

Контекст исполнения ".SysUser"
Потеряно хип-контекстов: 1

Менеджер динамической памяти ".SysUserHeap(.SysUser)"
Потеряно блоков: 945, байтов: 18180


▓ Программа: "vip.exe"  Время запуска: 20:56:13 12/02/2024
▓ Исполняемый модуль: "C:\Galaktika\ATL6\Update_10.1.2230\support\vip.exe"
▓ Система: Windows NT

Контекст исполнения ".SysUser"
Потеряно хип-контекстов: 1

Менеджер динамической памяти ".SysUserHeap(.SysUser)"
Потеряно блоков: 945, байтов: 18152


▓ Программа: "vip.exe"  Время запуска: 21:27:33 12/02/2024
▓ Исполняемый модуль: "C:\Galaktika\ATL6\Update_10.1.2230\support\vip.exe"
▓ Система: Windows NT

Контекст исполнения ".SysUser"
Потеряно хип-контекстов: 1

Менеджер динамической памяти ".SysUserHeap(.SysUser)"
Потеряно блоков: 967, байтов: 18892


▓ Программа: "vip.exe"  Время запуска: 21:29:11 12/02/2024
▓ Исполняемый модуль: "C:\Galaktika\ATL6\Update_10.1.2230\support\vip.exe"
▓ Система: Windows NT

Контекст исполнения ".SysUser"
Потеряно хип-контекстов: 1

Менеджер динамической памяти ".SysUserHeap(.SysUser)"
Потеряно блоков: 967, байтов: 18856


▓ Программа: "vip.exe"  Время запуска: 16:39:05 13/02/2024
▓ Исполняемый модуль: "C:\Galaktika\ATL6\Update_10.1.2230\support\vip.exe"
▓ Система: Windows NT

Контекст исполнения ".SysUser"
Потеряно хип-контекстов: 1

Менеджер динамической памяти ".SysUserHeap(.SysUser)"
Потеряно блоков: 1, байтов: 56


▓ Программа: "vip.exe"  Время запуска: 16:42:58 13/02/2024
▓ Исполняемый модуль: "C:\Galaktika\ATL6\Update_10.1.2230\support\vip.exe"
▓ Система: Windows NT

Контекст исполнения ".SysUser"
Потеряно хип-контекстов: 1

Менеджер динамической памяти ".SysUserHeap(.SysUser)"
Потеряно блоков: 967, байтов: 18920


▓ Программа: "vip.exe"  Время запуска: 16:50:01 13/02/2024
▓ Исполняемый модуль: "C:\Galaktika\ATL6\Update_10.1.2230\support\vip.exe"
▓ Система: Windows NT

Контекст исполнения ".SysUser"
Потеряно хип-контекстов: 1

Менеджер динамической памяти ".SysUserHeap(.SysUser)"
Потеряно блоков: 967, байтов: 18812


▓ Программа: "vip.exe"  Время запуска: 19:51:30 13/02/2024
▓ Исполняемый модуль: "C:\Galaktika\ATL6\Update_10.1.2230\support\vip.exe"
▓ Система: Windows NT

Контекст исполнения ".SysUser"
Потеряно хип-контекстов: 1

Менеджер динамической памяти ".SysUserHeap(.SysUser)"
Потеряно блоков: 967, байтов: 18928


▓ Программа: "vip.exe"  Время запуска: 11:41:29 14/02/2024
▓ Исполняемый модуль: "C:\Galaktika\ATL6\Update_10.1.2230\support\vip.exe"
▓ Система: Windows NT

Контекст исполнения ".SysUser"
Потеряно хип-контекстов: 1

Менеджер динамической памяти ".SysUserHeap(.SysUser)"
Потеряно блоков: 178, байтов: 5192


▓ Программа: "vip.exe"  Время запуска: 11:44:00 14/02/2024
▓ Исполняемый модуль: "C:\Galaktika\ATL6\Update_10.1.2230\support\vip.exe"
▓ Система: Windows NT

Контекст исполнения ".SysUser"
Потеряно хип-контекстов: 1

Менеджер динамической памяти ".SysUserHeap(.SysUser)"
Потеряно блоков: 178, байтов: 5100


▓ Программа: "vip.exe"  Время запуска: 11:48:19 14/02/2024
▓ Исполняемый модуль: "C:\Galaktika\ATL6\Update_10.1.2230\support\vip.exe"
▓ Система: Windows NT

Контекст исполнения ".SysUser"
Потеряно хип-контекстов: 1

Менеджер динамической памяти ".SysUserHeap(.SysUser)"
Потеряно блоков: 178, байтов: 5156


▓ Программа: "vip.exe"  Время запуска: 11:50:02 14/02/2024
▓ Исполняемый модуль: "C:\Galaktika\ATL6\Update_10.1.2230\support\vip.exe"
▓ Система: Windows NT

Контекст исполнения ".SysUser"
Потеряно хип-контекстов: 1

Менеджер динамической памяти ".SysUserHeap(.SysUser)"
Потеряно блоков: 178, байтов: 5180


▓ Программа: "vip.exe"  Время запуска: 11:51:06 14/02/2024
▓ Исполняемый модуль: "C:\Galaktika\ATL6\Update_10.1.2230\support\vip.exe"
▓ Система: Windows NT

Контекст исполнения ".SysUser"
Потеряно хип-контекстов: 1

Менеджер динамической памяти ".SysUserHeap(.SysUser)"
Потеряно блоков: 176, байтов: 5124


▓ Программа: "vip.exe"  Время запуска: 11:58:15 14/02/2024
▓ Исполняемый модуль: "C:\Galaktika\ATL6\Update_10.1.2230\support\vip.exe"
▓ Система: Windows NT

Контекст исполнения ".SysUser"
Потеряно хип-контекстов: 1

Менеджер динамической памяти ".SysUserHeap(.SysUser)"
Потеряно блоков: 176, байтов: 5140


▓ Программа: "vip.exe"  Время запуска: 11:59:03 14/02/2024
▓ Исполняемый модуль: "C:\Galaktika\ATL6\Update_10.1.2230\support\vip.exe"
▓ Система: Windows NT

Контекст исполнения ".SysUser"
Потеряно хип-контекстов: 1

Менеджер динамической памяти ".SysUserHeap(.SysUser)"
Потеряно блоков: 176, байтов: 5188


▓ Программа: "vip.exe"  Время запуска: 12:00:00 14/02/2024
▓ Исполняемый модуль: "C:\Galaktika\ATL6\Update_10.1.2230\support\vip.exe"
▓ Система: Windows NT

Контекст исполнения ".SysUser"
Потеряно хип-контекстов: 1

Менеджер динамической памяти ".SysUserHeap(.SysUser)"
Потеряно блоков: 176, байтов: 5140


▓ Программа: "vip.exe"  Время запуска: 19:11:59 14/02/2024
▓ Исполняемый модуль: "C:\Galaktika\ATL6\Update_10.1.2230\support\vip.exe"
▓ Система: Windows NT

Контекст исполнения ".SysUser"
Потеряно хип-контекстов: 1

Менеджер динамической памяти ".SysUserHeap(.SysUser)"
Потеряно блоков: 176, байтов: 5112


▓ Программа: "vip.exe"  Время запуска: 23:12:24 14/02/2024
▓ Исполняемый модуль: "C:\Galaktika\ATL6\Update_10.1.2230\support\vip.exe"
▓ Система: Windows NT

Контекст исполнения ".SysUser"
Потеряно хип-контекстов: 1

Менеджер динамической памяти ".SysUserHeap(.SysUser)"
Потеряно блоков: 176, байтов: 5128


▓ Программа: "vip.exe"  Время запуска: 13:40:54 16/02/2024
▓ Исполняемый модуль: "C:\Galaktika\ATL6\Update_10.1.2230\support\vip.exe"
▓ Система: Windows NT

Контекст исполнения ".SysUser"
Потеряно хип-контекстов: 1

Менеджер динамической памяти ".SysUserHeap(.SysUser)"
Потеряно блоков: 178, байтов: 5164


▓ Программа: "vip.exe"  Время запуска: 08:17:01 17/02/2024
▓ Исполняемый модуль: "C:\Galaktika\ATL6\Update_10.1.2230\support\vip.exe"
▓ Система: Windows NT

Контекст исполнения ".SysUser"
Потеряно хип-контекстов: 1

Менеджер динамической памяти ".SysUserHeap(.SysUser)"
Потеряно блоков: 178, байтов: 5144


▓ Программа: "vip.exe"  Время запуска: 09:34:08 18/02/2024
▓ Исполняемый модуль: "C:\Galaktika\ATL6\Update_10.1.2230\support\vip.exe"
▓ Система: Windows NT

Контекст исполнения ".SysUser"
Потеряно хип-контекстов: 1

Менеджер динамической памяти ".SysUserHeap(.SysUser)"
Потеряно блоков: 178, байтов: 5136


▓ Программа: "vip.exe"  Время запуска: 09:40:49 18/02/2024
▓ Исполняемый модуль: "C:\Galaktika\ATL6\Update_10.1.2230\support\vip.exe"
▓ Система: Windows NT

Контекст исполнения ".SysUser"
Потеряно хип-контекстов: 1

Менеджер динамической памяти ".SysUserHeap(.SysUser)"
Потеряно блоков: 178, байтов: 5172


▓ Программа: "vip.exe"  Время запуска: 09:45:03 18/02/2024
▓ Исполняемый модуль: "C:\Galaktika\ATL6\Update_10.1.2230\support\vip.exe"
▓ Система: Windows NT

Контекст исполнения ".SysUser"
Потеряно хип-контекстов: 1

Менеджер динамической памяти ".SysUserHeap(.SysUser)"
Потеряно блоков: 178, байтов: 5172


▓ Программа: "vip.exe"  Время запуска: 09:59:38 18/02/2024
▓ Исполняемый модуль: "C:\Galaktika\ATL6\Update_10.1.2230\support\vip.exe"
▓ Система: Windows NT

Контекст исполнения ".SysUser"
Потеряно хип-контекстов: 1

Менеджер динамической памяти ".SysUserHeap(.SysUser)"
Потеряно блоков: 178, байтов: 5152


▓ Программа: "vip.exe"  Время запуска: 10:11:04 18/02/2024
▓ Исполняемый модуль: "C:\Galaktika\ATL6\Update_10.1.2230\support\vip.exe"
▓ Система: Windows NT

Контекст исполнения ".SysUser"
Потеряно хип-контекстов: 1

Менеджер динамической памяти ".SysUserHeap(.SysUser)"
Потеряно блоков: 178, байтов: 5160


▓ Программа: "vip.exe"  Время запуска: 10:12:31 18/02/2024
▓ Исполняемый модуль: "C:\Galaktika\ATL6\Update_10.1.2230\support\vip.exe"
▓ Система: Windows NT

Контекст исполнения ".SysUser"
Потеряно хип-контекстов: 1

Менеджер динамической памяти ".SysUserHeap(.SysUser)"
Потеряно блоков: 178, байтов: 5184


▓ Программа: "vip.exe"  Время запуска: 10:13:25 18/02/2024
▓ Исполняемый модуль: "C:\Galaktika\ATL6\Update_10.1.2230\support\vip.exe"
▓ Система: Windows NT

Контекст исполнения ".SysUser"
Потеряно хип-контекстов: 1

Менеджер динамической памяти ".SysUserHeap(.SysUser)"
Потеряно блоков: 80, байтов: 2540


▓ Программа: "vip.exe"  Время запуска: 10:14:06 18/02/2024
▓ Исполняемый модуль: "C:\Galaktika\ATL6\Update_10.1.2230\support\vip.exe"
▓ Система: Windows NT

Контекст исполнения ".SysUser"
Потеряно хип-контекстов: 1

Менеджер динамической памяти ".SysUserHeap(.SysUser)"
Потеряно блоков: 178, байтов: 5212


▓ Программа: "vip.exe"  Время запуска: 10:15:00 18/02/2024
▓ Исполняемый модуль: "C:\Galaktika\ATL6\Update_10.1.2230\support\vip.exe"
▓ Система: Windows NT

Контекст исполнения ".SysUser"
Потеряно хип-контекстов: 1

Менеджер динамической памяти ".SysUserHeap(.SysUser)"
Потеряно блоков: 178, байтов: 5168


▓ Программа: "vip.exe"  Время запуска: 07:21:30 19/02/2024
▓ Исполняемый модуль: "C:\Galaktika\ATL6\Update_10.1.2230\support\vip.exe"
▓ Система: Windows NT

Контекст исполнения ".SysUser"
Потеряно хип-контекстов: 1

Менеджер динамической памяти ".SysUserHeap(.SysUser)"
Потеряно блоков: 61, байтов: 2824


▓ Программа: "vip.exe"  Время запуска: 07:22:04 19/02/2024
▓ Исполняемый модуль: "C:\Galaktika\ATL6\Update_10.1.2230\support\vip.exe"
▓ Система: Windows NT

Контекст исполнения ".SysUser"
Потеряно хип-контекстов: 1

Менеджер динамической памяти ".SysUserHeap(.SysUser)"
Потеряно блоков: 178, байтов: 5164


▓ Программа: "vip.exe"  Время запуска: 09:59:47 21/02/2024
▓ Исполняемый модуль: "C:\Galaktika\ATL6\Update_10.1.2230\support\vip.exe"
▓ Система: Windows NT

Контекст исполнения ".SysUser"
Потеряно хип-контекстов: 1

Менеджер динамической памяти ".SysUserHeap(.SysUser)"
Потеряно блоков: 178, байтов: 5188


▓ Программа: "vip.exe"  Время запуска: 10:12:10 21/02/2024
▓ Исполняемый модуль: "C:\Galaktika\ATL6\Update_10.1.2230\support\vip.exe"
▓ Система: Windows NT

Контекст исполнения ".SysUser"
Потеряно хип-контекстов: 1

Менеджер динамической памяти ".SysUserHeap(.SysUser)"
Потеряно блоков: 178, байтов: 5160


▓ Программа: "vip.exe"  Время запуска: 10:23:12 21/02/2024
▓ Исполняемый модуль: "C:\Galaktika\ATL6\Update_10.1.2230\support\vip.exe"
▓ Система: Windows NT

Контекст исполнения ".SysUser"
Потеряно хип-контекстов: 1

Менеджер динамической памяти ".SysUserHeap(.SysUser)"
Потеряно блоков: 178, байтов: 5124


▓ Программа: "vip.exe"  Время запуска: 10:30:11 21/02/2024
▓ Исполняемый модуль: "C:\Galaktika\ATL6\Update_10.1.2230\support\vip.exe"
▓ Система: Windows NT

Контекст исполнения ".SysUser"
Потеряно хип-контекстов: 1

Менеджер динамической памяти ".SysUserHeap(.SysUser)"
Потеряно блоков: 178, байтов: 5204


▓ Программа: "vip.exe"  Время запуска: 10:36:48 21/02/2024
▓ Исполняемый модуль: "C:\Galaktika\ATL6\Update_10.1.2230\support\vip.exe"
▓ Система: Windows NT

Контекст исполнения ".SysUser"
Потеряно хип-контекстов: 1

Менеджер динамической памяти ".SysUserHeap(.SysUser)"
Потеряно блоков: 181, байтов: 5232


▓ Программа: "vip.exe"  Время запуска: 10:40:59 21/02/2024
▓ Исполняемый модуль: "C:\Galaktika\ATL6\Update_10.1.2230\support\vip.exe"
▓ Система: Windows NT

Контекст исполнения ".SysUser"
Потеряно хип-контекстов: 1

Менеджер динамической памяти ".SysUserHeap(.SysUser)"
Потеряно блоков: 181, байтов: 5228


▓ Программа: "vip.exe"  Время запуска: 10:46:02 21/02/2024
▓ Исполняемый модуль: "C:\Galaktika\ATL6\Update_10.1.2230\support\vip.exe"
▓ Система: Windows NT

Контекст исполнения ".SysUser"
Потеряно хип-контекстов: 1

Менеджер динамической памяти ".SysUserHeap(.SysUser)"
Потеряно блоков: 181, байтов: 5236


▓ Программа: "vip.exe"  Время запуска: 10:51:14 21/02/2024
▓ Исполняемый модуль: "C:\Galaktika\ATL6\Update_10.1.2230\support\vip.exe"
▓ Система: Windows NT

Контекст исполнения ".SysUser"
Потеряно хип-контекстов: 1

Менеджер динамической памяти ".SysUserHeap(.SysUser)"
Потеряно блоков: 181, байтов: 5252


▓ Программа: "vip.exe"  Время запуска: 10:01:53 26/02/2024
▓ Исполняемый модуль: "C:\Galaktika\ATL6\Update_10.1.2230\support\vip.exe"
▓ Система: Windows NT

Контекст исполнения ".SysUser"
Потеряно хип-контекстов: 1

Менеджер динамической памяти ".SysUserHeap(.SysUser)"
Потеряно блоков: 61, байтов: 2824


▓ Программа: "vip.exe"  Время запуска: 07:32:36 28/02/2024
▓ Исполняемый модуль: "C:\Galaktika\ATL6\Update_10.1.2230\support\vip.exe"
▓ Система: Windows NT

Контекст исполнения ".SysUser"
Потеряно хип-контекстов: 1

Менеджер динамической памяти ".SysUserHeap(.SysUser)"
Потеряно блоков: 61, байтов: 2824


▓ Программа: "vip.exe"  Время запуска: 07:33:17 28/02/2024
▓ Исполняемый модуль: "C:\Galaktika\ATL6\Update_10.1.2230\support\vip.exe"
▓ Система: Windows NT

Контекст исполнения ".SysUser"
Потеряно хип-контекстов: 1

Менеджер динамической памяти ".SysUserHeap(.SysUser)"
Потеряно блоков: 181, байтов: 5232


▓ Программа: "vip.exe"  Время запуска: 07:42:53 28/02/2024
▓ Исполняемый модуль: "C:\Galaktika\ATL6\Update_10.1.2230\support\vip.exe"
▓ Система: Windows NT

Контекст исполнения ".SysUser"
Потеряно хип-контекстов: 1

Менеджер динамической памяти ".SysUserHeap(.SysUser)"
Потеряно блоков: 181, байтов: 5192


▓ Программа: "vip.exe"  Время запуска: 07:42:59 28/02/2024
▓ Исполняемый модуль: "C:\Galaktika\ATL6\Update_10.1.2230\support\vip.exe"
▓ Система: Windows NT

Контекст исполнения ".SysUser"
Потеряно хип-контекстов: 1

Менеджер динамической памяти ".SysUserHeap(.SysUser)"
Потеряно блоков: 181, байтов: 5260


▓ Программа: "vip.exe"  Время запуска: 08:23:29 28/02/2024
▓ Исполняемый модуль: "C:\Galaktika\ATL6\Update_10.1.2230\support\vip.exe"
▓ Система: Windows NT

Контекст исполнения ".SysUser"
Потеряно хип-контекстов: 1

Менеджер динамической памяти ".SysUserHeap(.SysUser)"
Потеряно блоков: 185, байтов: 5352


▓ Программа: "vip.exe"  Время запуска: 08:23:40 28/02/2024
▓ Исполняемый модуль: "C:\Galaktika\ATL6\Update_10.1.2230\support\vip.exe"
▓ Система: Windows NT

Контекст исполнения ".SysUser"
Потеряно хип-контекстов: 1

Менеджер динамической памяти ".SysUserHeap(.SysUser)"
Потеряно блоков: 185, байтов: 5348


▓ Программа: "vip.exe"  Время запуска: 08:27:30 28/02/2024
▓ Исполняемый модуль: "C:\Galaktika\ATL6\Update_10.1.2230\support\vip.exe"
▓ Система: Windows NT

Контекст исполнения ".SysUser"
Потеряно хип-контекстов: 1

Менеджер динамической памяти ".SysUserHeap(.SysUser)"
Потеряно блоков: 185, байтов: 5344


▓ Программа: "vip.exe"  Время запуска: 08:27:47 28/02/2024
▓ Исполняемый модуль: "C:\Galaktika\ATL6\Update_10.1.2230\support\vip.exe"
▓ Система: Windows NT

Контекст исполнения ".SysUser"
Потеряно хип-контекстов: 1

Менеджер динамической памяти ".SysUserHeap(.SysUser)"
Потеряно блоков: 185, байтов: 5364


▓ Программа: "vip.exe"  Время запуска: 08:28:04 28/02/2024
▓ Исполняемый модуль: "C:\Galaktika\ATL6\Update_10.1.2230\support\vip.exe"
▓ Система: Windows NT

Контекст исполнения ".SysUser"
Потеряно хип-контекстов: 1

Менеджер динамической памяти ".SysUserHeap(.SysUser)"
Потеряно блоков: 185, байтов: 5364


▓ Программа: "vip.exe"  Время запуска: 08:33:03 28/02/2024
▓ Исполняемый модуль: "C:\Galaktika\ATL6\Update_10.1.2230\support\vip.exe"
▓ Система: Windows NT

Контекст исполнения ".SysUser"
Потеряно хип-контекстов: 1

Менеджер динамической памяти ".SysUserHeap(.SysUser)"
Потеряно блоков: 185, байтов: 5336


▓ Программа: "vip.exe"  Время запуска: 08:33:11 28/02/2024
▓ Исполняемый модуль: "C:\Galaktika\ATL6\Update_10.1.2230\support\vip.exe"
▓ Система: Windows NT

Контекст исполнения ".SysUser"
Потеряно хип-контекстов: 1

Менеджер динамической памяти ".SysUserHeap(.SysUser)"
Потеряно блоков: 185, байтов: 5396


▓ Программа: "vip.exe"  Время запуска: 09:00:29 28/02/2024
▓ Исполняемый модуль: "C:\Galaktika\ATL6\Update_10.1.2230\support\vip.exe"
▓ Система: Windows NT

Контекст исполнения ".SysUser"
Потеряно хип-контекстов: 1

Менеджер динамической памяти ".SysUserHeap(.SysUser)"
Потеряно блоков: 185, байтов: 5352


▓ Программа: "vip.exe"  Время запуска: 09:00:52 28/02/2024
▓ Исполняемый модуль: "C:\Galaktika\ATL6\Update_10.1.2230\support\vip.exe"
▓ Система: Windows NT

Контекст исполнения ".SysUser"
Потеряно хип-контекстов: 1

Менеджер динамической памяти ".SysUserHeap(.SysUser)"
Потеряно блоков: 185, байтов: 5344


▓ Программа: "vip.exe"  Время запуска: 09:07:45 28/02/2024
▓ Исполняемый модуль: "C:\Galaktika\ATL6\Update_10.1.2230\support\vip.exe"
▓ Система: Windows NT

Контекст исполнения ".SysUser"
Потеряно хип-контекстов: 1

Менеджер динамической памяти ".SysUserHeap(.SysUser)"
Потеряно блоков: 185, байтов: 5312


▓ Программа: "vip.exe"  Время запуска: 09:09:28 28/02/2024
▓ Исполняемый модуль: "C:\Galaktika\ATL6\Update_10.1.2230\support\vip.exe"
▓ Система: Windows NT

Контекст исполнения ".SysUser"
Потеряно хип-контекстов: 1

Менеджер динамической памяти ".SysUserHeap(.SysUser)"
Потеряно блоков: 205, байтов: 5784


▓ Программа: "vip.exe"  Время запуска: 10:57:16 29/02/2024
▓ Исполняемый модуль: "C:\Galaktika\ATL6\Update_10.1.2230\support\vip.exe"
▓ Система: Windows NT

Контекст исполнения ".SysUser"
Потеряно хип-контекстов: 1

Менеджер динамической памяти ".SysUserHeap(.SysUser)"
Потеряно блоков: 61, байтов: 2824


▓ Программа: "vip.exe"  Время запуска: 10:59:04 29/02/2024
▓ Исполняемый модуль: "C:\Galaktika\ATL6\Update_10.1.2230\support\vip.exe"
▓ Система: Windows NT

Контекст исполнения ".SysUser"
Потеряно хип-контекстов: 1

Менеджер динамической памяти ".SysUserHeap(.SysUser)"
Потеряно блоков: 205, байтов: 5816


▓ Программа: "vip.exe"  Время запуска: 13:35:52 01/03/2024
▓ Исполняемый модуль: "C:\Galaktika\ATL6\Update_10.1.2230\support\vip.exe"
▓ Система: Windows NT

Контекст исполнения ".SysUser"
Потеряно хип-контекстов: 1

Менеджер динамической памяти ".SysUserHeap(.SysUser)"
Потеряно блоков: 205, байтов: 5780


▓ Программа: "vip.exe"  Время запуска: 13:37:18 01/03/2024
▓ Исполняемый модуль: "C:\Galaktika\ATL6\Update_10.1.2230\support\vip.exe"
▓ Система: Windows NT

Контекст исполнения ".SysUser"
Потеряно хип-контекстов: 1

Менеджер динамической памяти ".SysUserHeap(.SysUser)"
Потеряно блоков: 205, байтов: 5764


▓ Программа: "vip.exe"  Время запуска: 20:12:58 03/03/2024
▓ Исполняемый модуль: "C:\Galaktika\ATL6\Update_10.1.2230\support\vip.exe"
▓ Система: Windows NT

Контекст исполнения ".SysUser"
Потеряно хип-контекстов: 1

Менеджер динамической памяти ".SysUserHeap(.SysUser)"
Потеряно блоков: 206, байтов: 5852


▓ Программа: "vip.exe"  Время запуска: 20:17:36 03/03/2024
▓ Исполняемый модуль: "C:\Galaktika\ATL6\Update_10.1.2230\support\vip.exe"
▓ Система: Windows NT

Контекст исполнения ".SysUser"
Потеряно хип-контекстов: 1

Менеджер динамической памяти ".SysUserHeap(.SysUser)"
Потеряно блоков: 206, байтов: 5812


▓ Программа: "vip.exe"  Время запуска: 20:18:41 03/03/2024
▓ Исполняемый модуль: "C:\Galaktika\ATL6\Update_10.1.2230\support\vip.exe"
▓ Система: Windows NT

Контекст исполнения ".SysUser"
Потеряно хип-контекстов: 1

Менеджер динамической памяти ".SysUserHeap(.SysUser)"
Потеряно блоков: 206, байтов: 5836


▓ Программа: "vip.exe"  Время запуска: 21:37:09 03/03/2024
▓ Исполняемый модуль: "C:\Galaktika\ATL6\Update_10.1.2230\support\vip.exe"
▓ Система: Windows NT

Контекст исполнения ".SysUser"
Потеряно хип-контекстов: 1

Менеджер динамической памяти ".SysUserHeap(.SysUser)"
Потеряно блоков: 206, байтов: 5796


▓ Программа: "vip.exe"  Время запуска: 07:45:22 16/03/2024
▓ Исполняемый модуль: "C:\Galaktika\ATL6\Update_10.1.2230\support\vip.exe"
▓ Система: Windows NT

Контекст исполнения ".SysUser"
Потеряно хип-контекстов: 1

Менеджер динамической памяти ".SysUserHeap(.SysUser)"
Потеряно блоков: 208, байтов: 5888


▓ Программа: "vip.exe"  Время запуска: 08:01:29 16/03/2024
▓ Исполняемый модуль: "C:\Galaktika\ATL6\Update_10.1.2230\support\vip.exe"
▓ Система: Windows NT

Контекст исполнения ".SysUser"
Потеряно хип-контекстов: 1

Менеджер динамической памяти ".SysUserHeap(.SysUser)"
Потеряно блоков: 211, байтов: 5928


▓ Программа: "vip.exe"  Время запуска: 08:06:07 16/03/2024
▓ Исполняемый модуль: "C:\Galaktika\ATL6\Update_10.1.2230\support\vip.exe"
▓ Система: Windows NT

Контекст исполнения ".SysUser"
Потеряно хип-контекстов: 1

Менеджер динамической памяти ".SysUserHeap(.SysUser)"
Потеряно блоков: 208, байтов: 5888


▓ Программа: "vip.exe"  Время запуска: 08:32:33 16/03/2024
▓ Исполняемый модуль: "C:\Galaktika\ATL6\Update_10.1.2230\support\vip.exe"
▓ Система: Windows NT

Контекст исполнения ".SysUser"
Потеряно хип-контекстов: 1

Менеджер динамической памяти ".SysUserHeap(.SysUser)"
Потеряно блоков: 208, байтов: 5948


▓ Программа: "vip.exe"  Время запуска: 09:21:13 16/03/2024
▓ Исполняемый модуль: "C:\Galaktika\ATL6\Update_10.1.2230\support\vip.exe"
▓ Система: Windows NT

Контекст исполнения ".SysUser"
Потеряно хип-контекстов: 1

Менеджер динамической памяти ".SysUserHeap(.SysUser)"
Потеряно блоков: 209, байтов: 5904


▓ Программа: "vip.exe"  Время запуска: 09:30:33 16/03/2024
▓ Исполняемый модуль: "C:\Galaktika\ATL6\Update_10.1.2230\support\vip.exe"
▓ Система: Windows NT

Контекст исполнения ".SysUser"
Потеряно хип-контекстов: 1

Менеджер динамической памяти ".SysUserHeap(.SysUser)"
Потеряно блоков: 210, байтов: 5892


▓ Программа: "vip.exe"  Время запуска: 09:59:59 16/03/2024
▓ Исполняемый модуль: "C:\Galaktika\ATL6\Update_10.1.2230\support\vip.exe"
▓ Система: Windows NT

Контекст исполнения ".SysUser"
Потеряно хип-контекстов: 1

Менеджер динамической памяти ".SysUserHeap(.SysUser)"
Потеряно блоков: 210, байтов: 5904


▓ Программа: "vip.exe"  Время запуска: 10:11:25 16/03/2024
▓ Исполняемый модуль: "C:\Galaktika\ATL6\Update_10.1.2230\support\vip.exe"
▓ Система: Windows NT

Контекст исполнения ".SysUser"
Потеряно хип-контекстов: 1

Менеджер динамической памяти ".SysUserHeap(.SysUser)"
Потеряно блоков: 210, байтов: 5940


▓ Программа: "vip.exe"  Время запуска: 13:22:46 23/03/2024
▓ Исполняемый модуль: "C:\Galaktika\ATL6\Update_10.1.2230\support\vip.exe"
▓ Система: Windows NT

Контекст исполнения ".SysUser"
Потеряно хип-контекстов: 1

Менеджер динамической памяти ".SysUserHeap(.SysUser)"
Потеряно блоков: 210, байтов: 6012


▓ Программа: "vip.exe"  Время запуска: 14:42:13 23/03/2024
▓ Исполняемый модуль: "C:\Galaktika\ATL6\Update_10.1.2230\support\vip.exe"
▓ Система: Windows NT

Контекст исполнения ".SysUser"
Потеряно хип-контекстов: 1

Менеджер динамической памяти ".SysUserHeap(.SysUser)"
Потеряно блоков: 264, байтов: 7352


▓ Программа: "vip.exe"  Время запуска: 14:43:33 23/03/2024
▓ Исполняемый модуль: "C:\Galaktika\ATL6\Update_10.1.2230\support\vip.exe"
▓ Система: Windows NT

Контекст исполнения ".SysUser"
Потеряно хип-контекстов: 1

Менеджер динамической памяти ".SysUserHeap(.SysUser)"
Потеряно блоков: 264, байтов: 7340


▓ Программа: "vip.exe"  Время запуска: 20:58:22 24/03/2024
▓ Исполняемый модуль: "C:\Galaktika\ATL6\Update_10.1.2230\support\vip.exe"
▓ Система: Windows NT

Контекст исполнения ".SysUser"
Потеряно хип-контекстов: 1

Менеджер динамической памяти ".SysUserHeap(.SysUser)"
Потеряно блоков: 264, байтов: 7332


▓ Программа: "vip.exe"  Время запуска: 21:00:32 24/03/2024
▓ Исполняемый модуль: "C:\Galaktika\ATL6\Update_10.1.2230\support\vip.exe"
▓ Система: Windows NT

Контекст исполнения ".SysUser"
Потеряно хип-контекстов: 1

Менеджер динамической памяти ".SysUserHeap(.SysUser)"
Потеряно блоков: 264, байтов: 7352


▓ Программа: "vip.exe"  Время запуска: 21:06:48 24/03/2024
▓ Исполняемый модуль: "C:\Galaktika\ATL6\Update_10.1.2230\support\vip.exe"
▓ Система: Windows NT

Контекст исполнения ".SysUser"
Потеряно хип-контекстов: 1

Менеджер динамической памяти ".SysUserHeap(.SysUser)"
Потеряно блоков: 264, байтов: 7404


▓ Программа: "vip.exe"  Время запуска: 21:13:21 24/03/2024
▓ Исполняемый модуль: "C:\Galaktika\ATL6\Update_10.1.2230\support\vip.exe"
▓ Система: Windows NT

Контекст исполнения ".SysUser"
Потеряно хип-контекстов: 1

Менеджер динамической памяти ".SysUserHeap(.SysUser)"
Потеряно блоков: 264, байтов: 7328


▓ Программа: "vip.exe"  Время запуска: 21:15:03 24/03/2024
▓ Исполняемый модуль: "C:\Galaktika\ATL6\Update_10.1.2230\support\vip.exe"
▓ Система: Windows NT

Контекст исполнения ".SysUser"
Потеряно хип-контекстов: 1

Менеджер динамической памяти ".SysUserHeap(.SysUser)"
Потеряно блоков: 264, байтов: 7356


▓ Программа: "vip.exe"  Время запуска: 21:17:58 24/03/2024
▓ Исполняемый модуль: "C:\Galaktika\ATL6\Update_10.1.2230\support\vip.exe"
▓ Система: Windows NT

Контекст исполнения ".SysUser"
Потеряно хип-контекстов: 1

Менеджер динамической памяти ".SysUserHeap(.SysUser)"
Потеряно блоков: 264, байтов: 7340


▓ Программа: "vip.exe"  Время запуска: 21:19:04 24/03/2024
▓ Исполняемый модуль: "C:\Galaktika\ATL6\Update_10.1.2230\support\vip.exe"
▓ Система: Windows NT

Контекст исполнения ".SysUser"
Потеряно хип-контекстов: 1

Менеджер динамической памяти ".SysUserHeap(.SysUser)"
Потеряно блоков: 264, байтов: 7328


▓ Программа: "vip.exe"  Время запуска: 21:19:32 24/03/2024
▓ Исполняемый модуль: "C:\Galaktika\ATL6\Update_10.1.2230\support\vip.exe"
▓ Система: Windows NT

Контекст исполнения ".SysUser"
Потеряно хип-контекстов: 1

Менеджер динамической памяти ".SysUserHeap(.SysUser)"
Потеряно блоков: 264, байтов: 7276


▓ Программа: "vip.exe"  Время запуска: 21:20:43 24/03/2024
▓ Исполняемый модуль: "C:\Galaktika\ATL6\Update_10.1.2230\support\vip.exe"
▓ Система: Windows NT

Контекст исполнения ".SysUser"
Потеряно хип-контекстов: 1

Менеджер динамической памяти ".SysUserHeap(.SysUser)"
Потеряно блоков: 264, байтов: 7320


▓ Программа: "vip.exe"  Время запуска: 21:21:39 24/03/2024
▓ Исполняемый модуль: "C:\Galaktika\ATL6\Update_10.1.2230\support\vip.exe"
▓ Система: Windows NT

Контекст исполнения ".SysUser"
Потеряно хип-контекстов: 1

Менеджер динамической памяти ".SysUserHeap(.SysUser)"
Потеряно блоков: 264, байтов: 7348


▓ Программа: "vip.exe"  Время запуска: 21:25:15 24/03/2024
▓ Исполняемый модуль: "C:\Galaktika\ATL6\Update_10.1.2230\support\vip.exe"
▓ Система: Windows NT

Контекст исполнения ".SysUser"
Потеряно хип-контекстов: 1

Менеджер динамической памяти ".SysUserHeap(.SysUser)"
Потеряно блоков: 264, байтов: 7336


▓ Программа: "vip.exe"  Время запуска: 11:22:09 25/03/2024
▓ Исполняемый модуль: "C:\Galaktika\ATL6\Update_10.1.2230\support\vip.exe"
▓ Система: Windows NT

Контекст исполнения ".SysUser"
Потеряно хип-контекстов: 1

Менеджер динамической памяти ".SysUserHeap(.SysUser)"
Потеряно блоков: 264, байтов: 7348


▓ Программа: "vip.exe"  Время запуска: 11:47:11 25/03/2024
▓ Исполняемый модуль: "C:\Galaktika\ATL6\Update_10.1.2230\support\vip.exe"
▓ Система: Windows NT

Контекст исполнения ".SysUser"
Потеряно хип-контекстов: 1

Менеджер динамической памяти ".SysUserHeap(.SysUser)"
Потеряно блоков: 264, байтов: 7312


▓ Программа: "vip.exe"  Время запуска: 11:50:27 25/03/2024
▓ Исполняемый модуль: "C:\Galaktika\ATL6\Update_10.1.2230\support\vip.exe"
▓ Система: Windows NT

Контекст исполнения ".SysUser"
Потеряно хип-контекстов: 1

Менеджер динамической памяти ".SysUserHeap(.SysUser)"
Потеряно блоков: 264, байтов: 7252


▓ Программа: "vip.exe"  Время запуска: 13:19:04 25/03/2024
▓ Исполняемый модуль: "C:\Galaktika\ATL6\Update_10.1.2230\support\vip.exe"
▓ Система: Windows NT

Контекст исполнения ".SysUser"
Потеряно хип-контекстов: 1

Менеджер динамической памяти ".SysUserHeap(.SysUser)"
Потеряно блоков: 264, байтов: 7252


▓ Программа: "vip.exe"  Время запуска: 13:21:14 25/03/2024
▓ Исполняемый модуль: "C:\Galaktika\ATL6\Update_10.1.2230\support\vip.exe"
▓ Система: Windows NT

Контекст исполнения ".SysUser"
Потеряно хип-контекстов: 1

Менеджер динамической памяти ".SysUserHeap(.SysUser)"
Потеряно блоков: 264, байтов: 7336


▓ Программа: "vip.exe"  Время запуска: 13:23:13 25/03/2024
▓ Исполняемый модуль: "C:\Galaktika\ATL6\Update_10.1.2230\support\vip.exe"
▓ Система: Windows NT

Контекст исполнения ".SysUser"
Потеряно хип-контекстов: 1

Менеджер динамической памяти ".SysUserHeap(.SysUser)"
Потеряно блоков: 264, байтов: 7312


▓ Программа: "vip.exe"  Время запуска: 13:28:38 25/03/2024
▓ Исполняемый модуль: "C:\Galaktika\ATL6\Update_10.1.2230\support\vip.exe"
▓ Система: Windows NT

Контекст исполнения ".SysUser"
Потеряно хип-контекстов: 1

Менеджер динамической памяти ".SysUserHeap(.SysUser)"
Потеряно блоков: 264, байтов: 7328


▓ Программа: "vip.exe"  Время запуска: 13:38:35 25/03/2024
▓ Исполняемый модуль: "C:\Galaktika\ATL6\Update_10.1.2230\support\vip.exe"
▓ Система: Windows NT

Контекст исполнения ".SysUser"
Потеряно хип-контекстов: 1

Менеджер динамической памяти ".SysUserHeap(.SysUser)"
Потеряно блоков: 264, байтов: 7316


▓ Программа: "vip.exe"  Время запуска: 13:41:40 25/03/2024
▓ Исполняемый модуль: "C:\Galaktika\ATL6\Update_10.1.2230\support\vip.exe"
▓ Система: Windows NT

Контекст исполнения ".SysUser"
Потеряно хип-контекстов: 1

Менеджер динамической памяти ".SysUserHeap(.SysUser)"
Потеряно блоков: 264, байтов: 7320


▓ Программа: "vip.exe"  Время запуска: 13:43:48 25/03/2024
▓ Исполняемый модуль: "C:\Galaktika\ATL6\Update_10.1.2230\support\vip.exe"
▓ Система: Windows NT

Контекст исполнения ".SysUser"
Потеряно хип-контекстов: 1

Менеджер динамической памяти ".SysUserHeap(.SysUser)"
Потеряно блоков: 264, байтов: 7272


▓ Программа: "vip.exe"  Время запуска: 13:48:41 25/03/2024
▓ Исполняемый модуль: "C:\Galaktika\ATL6\Update_10.1.2230\support\vip.exe"
▓ Система: Windows NT

Контекст исполнения ".SysUser"
Потеряно хип-контекстов: 1

Менеджер динамической памяти ".SysUserHeap(.SysUser)"
Потеряно блоков: 264, байтов: 7268


▓ Программа: "vip.exe"  Время запуска: 13:52:55 25/03/2024
▓ Исполняемый модуль: "C:\Galaktika\ATL6\Update_10.1.2230\support\vip.exe"
▓ Система: Windows NT

Контекст исполнения ".SysUser"
Потеряно хип-контекстов: 1

Менеджер динамической памяти ".SysUserHeap(.SysUser)"
Потеряно блоков: 264, байтов: 7336


▓ Программа: "vip.exe"  Время запуска: 14:17:27 25/03/2024
▓ Исполняемый модуль: "C:\Galaktika\ATL6\Update_10.1.2230\support\vip.exe"
▓ Система: Windows NT

Контекст исполнения ".SysUser"
Потеряно хип-контекстов: 1

Менеджер динамической памяти ".SysUserHeap(.SysUser)"
Потеряно блоков: 260, байтов: 7244


▓ Программа: "vip.exe"  Время запуска: 14:18:44 25/03/2024
▓ Исполняемый модуль: "C:\Galaktika\ATL6\Update_10.1.2230\support\vip.exe"
▓ Система: Windows NT

Контекст исполнения ".SysUser"
Потеряно хип-контекстов: 1

Менеджер динамической памяти ".SysUserHeap(.SysUser)"
Потеряно блоков: 260, байтов: 7272


▓ Программа: "vip.exe"  Время запуска: 14:29:21 25/03/2024
▓ Исполняемый модуль: "C:\Galaktika\ATL6\Update_10.1.2230\support\vip.exe"
▓ Система: Windows NT

Контекст исполнения ".SysUser"
Потеряно хип-контекстов: 1

Менеджер динамической памяти ".SysUserHeap(.SysUser)"
Потеряно блоков: 260, байтов: 7212


▓ Программа: "vip.exe"  Время запуска: 14:30:27 25/03/2024
▓ Исполняемый модуль: "C:\Galaktika\ATL6\Update_10.1.2230\support\vip.exe"
▓ Система: Windows NT

Контекст исполнения ".SysUser"
Потеряно хип-контекстов: 1

Менеджер динамической памяти ".SysUserHeap(.SysUser)"
Потеряно блоков: 260, байтов: 7208


▓ Программа: "vip.exe"  Время запуска: 14:39:54 25/03/2024
▓ Исполняемый модуль: "C:\Galaktika\ATL6\Update_10.1.2230\support\vip.exe"
▓ Система: Windows NT

Контекст исполнения ".SysUser"
Потеряно хип-контекстов: 1

Менеджер динамической памяти ".SysUserHeap(.SysUser)"
Потеряно блоков: 260, байтов: 7228


▓ Программа: "vip.exe"  Время запуска: 14:44:13 25/03/2024
▓ Исполняемый модуль: "C:\Galaktika\ATL6\Update_10.1.2230\support\vip.exe"
▓ Система: Windows NT

Контекст исполнения ".SysUser"
Потеряно хип-контекстов: 1

Менеджер динамической памяти ".SysUserHeap(.SysUser)"
Потеряно блоков: 264, байтов: 7312


▓ Программа: "vip.exe"  Время запуска: 14:46:19 25/03/2024
▓ Исполняемый модуль: "C:\Galaktika\ATL6\Update_10.1.2230\support\vip.exe"
▓ Система: Windows NT

Контекст исполнения ".SysUser"
Потеряно хип-контекстов: 1

Менеджер динамической памяти ".SysUserHeap(.SysUser)"
Потеряно блоков: 264, байтов: 7316


▓ Программа: "vip.exe"  Время запуска: 14:47:47 25/03/2024
▓ Исполняемый модуль: "C:\Galaktika\ATL6\Update_10.1.2230\support\vip.exe"
▓ Система: Windows NT

Контекст исполнения ".SysUser"
Потеряно хип-контекстов: 1

Менеджер динамической памяти ".SysUserHeap(.SysUser)"
Потеряно блоков: 264, байтов: 7328


▓ Программа: "vip.exe"  Время запуска: 14:48:29 25/03/2024
▓ Исполняемый модуль: "C:\Galaktika\ATL6\Update_10.1.2230\support\vip.exe"
▓ Система: Windows NT

Контекст исполнения ".SysUser"
Потеряно хип-контекстов: 1

Менеджер динамической памяти ".SysUserHeap(.SysUser)"
Потеряно блоков: 264, байтов: 7352


▓ Программа: "vip.exe"  Время запуска: 14:49:10 25/03/2024
▓ Исполняемый модуль: "C:\Galaktika\ATL6\Update_10.1.2230\support\vip.exe"
▓ Система: Windows NT

Контекст исполнения ".SysUser"
Потеряно хип-контекстов: 1

Менеджер динамической памяти ".SysUserHeap(.SysUser)"
Потеряно блоков: 264, байтов: 7320


▓ Программа: "vip.exe"  Время запуска: 14:50:19 25/03/2024
▓ Исполняемый модуль: "C:\Galaktika\ATL6\Update_10.1.2230\support\vip.exe"
▓ Система: Windows NT

Контекст исполнения ".SysUser"
Потеряно хип-контекстов: 1

Менеджер динамической памяти ".SysUserHeap(.SysUser)"
Потеряно блоков: 264, байтов: 7268


▓ Программа: "vip.exe"  Время запуска: 20:10:41 25/03/2024
▓ Исполняемый модуль: "C:\Galaktika\ATL6\Update_10.1.2230\support\vip.exe"
▓ Система: Windows NT

Контекст исполнения ".SysUser"
Потеряно хип-контекстов: 1

Менеджер динамической памяти ".SysUserHeap(.SysUser)"
Потеряно блоков: 264, байтов: 7320


▓ Программа: "vip.exe"  Время запуска: 20:12:28 25/03/2024
▓ Исполняемый модуль: "C:\Galaktika\ATL6\Update_10.1.2230\support\vip.exe"
▓ Система: Windows NT

Контекст исполнения ".SysUser"
Потеряно хип-контекстов: 1

Менеджер динамической памяти ".SysUserHeap(.SysUser)"
Потеряно блоков: 264, байтов: 7344


▓ Программа: "vip.exe"  Время запуска: 20:12:52 25/03/2024
▓ Исполняемый модуль: "C:\Galaktika\ATL6\Update_10.1.2230\support\vip.exe"
▓ Система: Windows NT

Контекст исполнения ".SysUser"
Потеряно хип-контекстов: 1

Менеджер динамической памяти ".SysUserHeap(.SysUser)"
Потеряно блоков: 264, байтов: 7304


▓ Программа: "vip.exe"  Время запуска: 20:16:04 25/03/2024
▓ Исполняемый модуль: "C:\Galaktika\ATL6\Update_10.1.2230\support\vip.exe"
▓ Система: Windows NT

Контекст исполнения ".SysUser"
Потеряно хип-контекстов: 1

Менеджер динамической памяти ".SysUserHeap(.SysUser)"
Потеряно блоков: 264, байтов: 7328


▓ Программа: "vip.exe"  Время запуска: 20:29:55 25/03/2024
▓ Исполняемый модуль: "C:\Galaktika\ATL6\Update_10.1.2230\support\vip.exe"
▓ Система: Windows NT

Контекст исполнения ".SysUser"
Потеряно хип-контекстов: 1

Менеджер динамической памяти ".SysUserHeap(.SysUser)"
Потеряно блоков: 264, байтов: 7276


▓ Программа: "vip.exe"  Время запуска: 20:50:41 25/03/2024
▓ Исполняемый модуль: "C:\Galaktika\ATL6\Update_10.1.2230\support\vip.exe"
▓ Система: Windows NT

Контекст исполнения ".SysUser"
Потеряно хип-контекстов: 1

Менеджер динамической памяти ".SysUserHeap(.SysUser)"
Потеряно блоков: 268, байтов: 7400


▓ Программа: "vip.exe"  Время запуска: 20:55:51 25/03/2024
▓ Исполняемый модуль: "C:\Galaktika\ATL6\Update_10.1.2230\support\vip.exe"
▓ Система: Windows NT

Контекст исполнения ".SysUser"
Потеряно хип-контекстов: 1

Менеджер динамической памяти ".SysUserHeap(.SysUser)"
Потеряно блоков: 268, байтов: 7388


▓ Программа: "vip.exe"  Время запуска: 21:05:39 25/03/2024
▓ Исполняемый модуль: "C:\Galaktika\ATL6\Update_10.1.2230\support\vip.exe"
▓ Система: Windows NT

Контекст исполнения ".SysUser"
Потеряно хип-контекстов: 1

Менеджер динамической памяти ".SysUserHeap(.SysUser)"
Потеряно блоков: 277, байтов: 7588


▓ Программа: "vip.exe"  Время запуска: 21:07:21 25/03/2024
▓ Исполняемый модуль: "C:\Galaktika\ATL6\Update_10.1.2230\support\vip.exe"
▓ Система: Windows NT

Контекст исполнения ".SysUser"
Потеряно хип-контекстов: 1

Менеджер динамической памяти ".SysUserHeap(.SysUser)"
Потеряно блоков: 277, байтов: 7564


▓ Программа: "vip.exe"  Время запуска: 21:09:03 25/03/2024
▓ Исполняемый модуль: "C:\Galaktika\ATL6\Update_10.1.2230\support\vip.exe"
▓ Система: Windows NT

Контекст исполнения ".SysUser"
Потеряно хип-контекстов: 1

Менеджер динамической памяти ".SysUserHeap(.SysUser)"
Потеряно блоков: 279, байтов: 7576


▓ Программа: "vip.exe"  Время запуска: 21:10:03 25/03/2024
▓ Исполняемый модуль: "C:\Galaktika\ATL6\Update_10.1.2230\support\vip.exe"
▓ Система: Windows NT

Контекст исполнения ".SysUser"
Потеряно хип-контекстов: 1

Менеджер динамической памяти ".SysUserHeap(.SysUser)"
Потеряно блоков: 279, байтов: 7572


▓ Программа: "vip.exe"  Время запуска: 21:11:35 25/03/2024
▓ Исполняемый модуль: "C:\Galaktika\ATL6\Update_10.1.2230\support\vip.exe"
▓ Система: Windows NT

Контекст исполнения ".SysUser"
Потеряно хип-контекстов: 1

Менеджер динамической памяти ".SysUserHeap(.SysUser)"
Потеряно блоков: 279, байтов: 7608


▓ Программа: "vip.exe"  Время запуска: 21:13:13 25/03/2024
▓ Исполняемый модуль: "C:\Galaktika\ATL6\Update_10.1.2230\support\vip.exe"
▓ Система: Windows NT

Контекст исполнения ".SysUser"
Потеряно хип-контекстов: 1

Менеджер динамической памяти ".SysUserHeap(.SysUser)"
Потеряно блоков: 281, байтов: 7636


▓ Программа: "vip.exe"  Время запуска: 21:19:06 25/03/2024
▓ Исполняемый модуль: "C:\Galaktika\ATL6\Update_10.1.2230\support\vip.exe"
▓ Система: Windows NT

Контекст исполнения ".SysUser"
Потеряно хип-контекстов: 1

Менеджер динамической памяти ".SysUserHeap(.SysUser)"
Потеряно блоков: 281, байтов: 7572


▓ Программа: "vip.exe"  Время запуска: 21:20:13 25/03/2024
▓ Исполняемый модуль: "C:\Galaktika\ATL6\Update_10.1.2230\support\vip.exe"
▓ Система: Windows NT

Контекст исполнения ".SysUser"
Потеряно хип-контекстов: 1

Менеджер динамической памяти ".SysUserHeap(.SysUser)"
Потеряно блоков: 281, байтов: 7604


▓ Программа: "vip.exe"  Время запуска: 21:22:02 25/03/2024
▓ Исполняемый модуль: "C:\Galaktika\ATL6\Update_10.1.2230\support\vip.exe"
▓ Система: Windows NT

Контекст исполнения ".SysUser"
Потеряно хип-контекстов: 1

Менеджер динамической памяти ".SysUserHeap(.SysUser)"
Потеряно блоков: 281, байтов: 7604


▓ Программа: "vip.exe"  Время запуска: 21:28:35 25/03/2024
▓ Исполняемый модуль: "C:\Galaktika\ATL6\Update_10.1.2230\support\vip.exe"
▓ Система: Windows NT

Контекст исполнения ".SysUser"
Потеряно хип-контекстов: 1

Менеджер динамической памяти ".SysUserHeap(.SysUser)"
Потеряно блоков: 281, байтов: 7680


▓ Программа: "vip.exe"  Время запуска: 21:32:32 25/03/2024
▓ Исполняемый модуль: "C:\Galaktika\ATL6\Update_10.1.2230\support\vip.exe"
▓ Система: Windows NT

Контекст исполнения ".SysUser"
Потеряно хип-контекстов: 1

Менеджер динамической памяти ".SysUserHeap(.SysUser)"
Потеряно блоков: 293, байтов: 7796


▓ Программа: "vip.exe"  Время запуска: 21:34:34 25/03/2024
▓ Исполняемый модуль: "C:\Galaktika\ATL6\Update_10.1.2230\support\vip.exe"
▓ Система: Windows NT

Контекст исполнения ".SysUser"
Потеряно хип-контекстов: 1

Менеджер динамической памяти ".SysUserHeap(.SysUser)"
Потеряно блоков: 293, байтов: 7828


▓ Программа: "vip.exe"  Время запуска: 21:40:09 25/03/2024
▓ Исполняемый модуль: "C:\Galaktika\ATL6\Update_10.1.2230\support\vip.exe"
▓ Система: Windows NT

Контекст исполнения ".SysUser"
Потеряно хип-контекстов: 1

Менеджер динамической памяти ".SysUserHeap(.SysUser)"
Потеряно блоков: 293, байтов: 7888


▓ Программа: "vip.exe"  Время запуска: 21:42:53 25/03/2024
▓ Исполняемый модуль: "C:\Galaktika\ATL6\Update_10.1.2230\support\vip.exe"
▓ Система: Windows NT

Контекст исполнения ".SysUser"
Потеряно хип-контекстов: 1

Менеджер динамической памяти ".SysUserHeap(.SysUser)"
Потеряно блоков: 307, байтов: 8008


▓ Программа: "vip.exe"  Время запуска: 21:46:07 25/03/2024
▓ Исполняемый модуль: "C:\Galaktika\ATL6\Update_10.1.2230\support\vip.exe"
▓ Система: Windows NT

Контекст исполнения ".SysUser"
Потеряно хип-контекстов: 1

Менеджер динамической памяти ".SysUserHeap(.SysUser)"
Потеряно блоков: 307, байтов: 8092


▓ Программа: "vip.exe"  Время запуска: 21:47:19 25/03/2024
▓ Исполняемый модуль: "C:\Galaktika\ATL6\Update_10.1.2230\support\vip.exe"
▓ Система: Windows NT

Контекст исполнения ".SysUser"
Потеряно хип-контекстов: 1

Менеджер динамической памяти ".SysUserHeap(.SysUser)"
Потеряно блоков: 307, байтов: 8060


▓ Программа: "vip.exe"  Время запуска: 21:48:06 25/03/2024
▓ Исполняемый модуль: "C:\Galaktika\ATL6\Update_10.1.2230\support\vip.exe"
▓ Система: Windows NT

Контекст исполнения ".SysUser"
Потеряно хип-контекстов: 1

Менеджер динамической памяти ".SysUserHeap(.SysUser)"
Потеряно блоков: 307, байтов: 8104


▓ Программа: "vip.exe"  Время запуска: 21:49:08 25/03/2024
▓ Исполняемый модуль: "C:\Galaktika\ATL6\Update_10.1.2230\support\vip.exe"
▓ Система: Windows NT

Контекст исполнения ".SysUser"
Потеряно хип-контекстов: 1

Менеджер динамической памяти ".SysUserHeap(.SysUser)"
Потеряно блоков: 307, байтов: 8028


▓ Программа: "vip.exe"  Время запуска: 21:50:55 25/03/2024
▓ Исполняемый модуль: "C:\Galaktika\ATL6\Update_10.1.2230\support\vip.exe"
▓ Система: Windows NT

Контекст исполнения ".SysUser"
Потеряно хип-контекстов: 1

Менеджер динамической памяти ".SysUserHeap(.SysUser)"
Потеряно блоков: 309, байтов: 8044


▓ Программа: "vip.exe"  Время запуска: 21:52:24 25/03/2024
▓ Исполняемый модуль: "C:\Galaktika\ATL6\Update_10.1.2230\support\vip.exe"
▓ Система: Windows NT

Контекст исполнения ".SysUser"
Потеряно хип-контекстов: 1

Менеджер динамической памяти ".SysUserHeap(.SysUser)"
Потеряно блоков: 309, байтов: 8084


▓ Программа: "vip.exe"  Время запуска: 21:57:18 25/03/2024
▓ Исполняемый модуль: "C:\Galaktika\ATL6\Update_10.1.2230\support\vip.exe"
▓ Система: Windows NT

Контекст исполнения ".SysUser"
Потеряно хип-контекстов: 1

Менеджер динамической памяти ".SysUserHeap(.SysUser)"
Потеряно блоков: 309, байтов: 8136


▓ Программа: "vip.exe"  Время запуска: 21:59:40 25/03/2024
▓ Исполняемый модуль: "C:\Galaktika\ATL6\Update_10.1.2230\support\vip.exe"
▓ Система: Windows NT

Контекст исполнения ".SysUser"
Потеряно хип-контекстов: 1

Менеджер динамической памяти ".SysUserHeap(.SysUser)"
Потеряно блоков: 309, байтов: 8088


▓ Программа: "vip.exe"  Время запуска: 22:02:42 25/03/2024
▓ Исполняемый модуль: "C:\Galaktika\ATL6\Update_10.1.2230\support\vip.exe"
▓ Система: Windows NT

Контекст исполнения ".SysUser"
Потеряно хип-контекстов: 1

Менеджер динамической памяти ".SysUserHeap(.SysUser)"
Потеряно блоков: 309, байтов: 8060


▓ Программа: "vip.exe"  Время запуска: 22:03:07 25/03/2024
▓ Исполняемый модуль: "C:\Galaktika\ATL6\Update_10.1.2230\support\vip.exe"
▓ Система: Windows NT

Контекст исполнения ".SysUser"
Потеряно хип-контекстов: 1

Менеджер динамической памяти ".SysUserHeap(.SysUser)"
Потеряно блоков: 309, байтов: 8092


▓ Программа: "vip.exe"  Время запуска: 22:03:27 25/03/2024
▓ Исполняемый модуль: "C:\Galaktika\ATL6\Update_10.1.2230\support\vip.exe"
▓ Система: Windows NT

Контекст исполнения ".SysUser"
Потеряно хип-контекстов: 1

Менеджер динамической памяти ".SysUserHeap(.SysUser)"
Потеряно блоков: 309, байтов: 8052


▓ Программа: "vip.exe"  Время запуска: 22:04:43 25/03/2024
▓ Исполняемый модуль: "C:\Galaktika\ATL6\Update_10.1.2230\support\vip.exe"
▓ Система: Windows NT

Контекст исполнения ".SysUser"
Потеряно хип-контекстов: 1

Менеджер динамической памяти ".SysUserHeap(.SysUser)"
Потеряно блоков: 309, байтов: 8064


▓ Программа: "vip.exe"  Время запуска: 06:57:58 26/03/2024
▓ Исполняемый модуль: "C:\Galaktika\ATL6\Update_10.1.2230\support\vip.exe"
▓ Система: Windows NT

Контекст исполнения ".SysUser"
Потеряно хип-контекстов: 1

Менеджер динамической памяти ".SysUserHeap(.SysUser)"
Потеряно блоков: 309, байтов: 8060


▓ Программа: "vip.exe"  Время запуска: 07:03:07 26/03/2024
▓ Исполняемый модуль: "C:\Galaktika\ATL6\Update_10.1.2230\support\vip.exe"
▓ Система: Windows NT

Контекст исполнения ".SysUser"
Потеряно хип-контекстов: 1

Менеджер динамической памяти ".SysUserHeap(.SysUser)"
Потеряно блоков: 309, байтов: 8116


▓ Программа: "vip.exe"  Время запуска: 07:07:01 26/03/2024
▓ Исполняемый модуль: "C:\Galaktika\ATL6\Update_10.1.2230\support\vip.exe"
▓ Система: Windows NT

Контекст исполнения ".SysUser"
Потеряно хип-контекстов: 1

Менеджер динамической памяти ".SysUserHeap(.SysUser)"
Потеряно блоков: 309, байтов: 8144


▓ Программа: "vip.exe"  Время запуска: 07:07:41 26/03/2024
▓ Исполняемый модуль: "C:\Galaktika\ATL6\Update_10.1.2230\support\vip.exe"
▓ Система: Windows NT

Контекст исполнения ".SysUser"
Потеряно хип-контекстов: 1

Менеджер динамической памяти ".SysUserHeap(.SysUser)"
Потеряно блоков: 309, байтов: 8132


▓ Программа: "vip.exe"  Время запуска: 07:14:07 26/03/2024
▓ Исполняемый модуль: "C:\Galaktika\ATL6\Update_10.1.2230\support\vip.exe"
▓ Система: Windows NT

Контекст исполнения ".SysUser"
Потеряно хип-контекстов: 1

Менеджер динамической памяти ".SysUserHeap(.SysUser)"
Потеряно блоков: 264, байтов: 7340


▓ Программа: "vip.exe"  Время запуска: 07:17:11 26/03/2024
▓ Исполняемый модуль: "C:\Galaktika\ATL6\Update_10.1.2230\support\vip.exe"
▓ Система: Windows NT

Контекст исполнения ".SysUser"
Потеряно хип-контекстов: 1

Менеджер динамической памяти ".SysUserHeap(.SysUser)"
Потеряно блоков: 264, байтов: 7288


▓ Программа: "vip.exe"  Время запуска: 07:19:11 26/03/2024
▓ Исполняемый модуль: "C:\Galaktika\ATL6\Update_10.1.2230\support\vip.exe"
▓ Система: Windows NT

Контекст исполнения ".SysUser"
Потеряно хип-контекстов: 1

Менеджер динамической памяти ".SysUserHeap(.SysUser)"
Потеряно блоков: 264, байтов: 7300


▓ Программа: "vip.exe"  Время запуска: 07:31:19 26/03/2024
▓ Исполняемый модуль: "C:\Galaktika\ATL6\Update_10.1.2230\support\vip.exe"
▓ Система: Windows NT

Контекст исполнения ".SysUser"
Потеряно хип-контекстов: 1

Менеджер динамической памяти ".SysUserHeap(.SysUser)"
Потеряно блоков: 264, байтов: 7308


▓ Программа: "vip.exe"  Время запуска: 07:34:01 26/03/2024
▓ Исполняемый модуль: "C:\Galaktika\ATL6\Update_10.1.2230\support\vip.exe"
▓ Система: Windows NT

Контекст исполнения ".SysUser"
Потеряно хип-контекстов: 1

Менеджер динамической памяти ".SysUserHeap(.SysUser)"
Потеряно блоков: 264, байтов: 7296


▓ Программа: "vip.exe"  Время запуска: 07:36:15 26/03/2024
▓ Исполняемый модуль: "C:\Galaktika\ATL6\Update_10.1.2230\support\vip.exe"
▓ Система: Windows NT

Контекст исполнения ".SysUser"
Потеряно хип-контекстов: 1

Менеджер динамической памяти ".SysUserHeap(.SysUser)"
Потеряно блоков: 264, байтов: 7248


▓ Программа: "vip.exe"  Время запуска: 08:39:17 26/03/2024
▓ Исполняемый модуль: "C:\Galaktika\ATL6\Update_10.1.2230\support\vip.exe"
▓ Система: Windows NT

Контекст исполнения ".SysUser"
Потеряно хип-контекстов: 1

Менеджер динамической памяти ".SysUserHeap(.SysUser)"
Потеряно блоков: 264, байтов: 7300


▓ Программа: "vip.exe"  Время запуска: 08:46:34 26/03/2024
▓ Исполняемый модуль: "C:\Galaktika\ATL6\Update_10.1.2230\support\vip.exe"
▓ Система: Windows NT

Контекст исполнения ".SysUser"
Потеряно хип-контекстов: 1

Менеджер динамической памяти ".SysUserHeap(.SysUser)"
Потеряно блоков: 264, байтов: 7296

