28.05.2024 21:14:43.867 || =================== Run pg90drv64x.dll version 6.0.5.0 from May 17 2024 User: Atlantis ===============================
28.05.2024 21:14:43.868 || Error code IM014 with message [Microsoft][Диспетчер драйверов ODBC] В указанном DSN архитектура драйвера и архитектура приложения не соответствуют друг другу.
28.05.2024 21:14:43.874 || 
FAILED: SQLConnect()
Error code IM014 with message [Microsoft][Диспетчер драйверов ODBC] В указанном DSN архитектура драйвера и архитектура приложения не соответствуют друг другу.
28.05.2024 21:14:43.880 || Error code IM014 with message [Microsoft][Диспетчер драйверов ODBC] В указанном DSN архитектура драйвера и архитектура приложения не соответствуют друг другу.
28.05.2024 21:14:43.885 || 
FAILED: SQLConnect()
Error code IM014 with message [Microsoft][Диспетчер драйверов ODBC] В указанном DSN архитектура драйвера и архитектура приложения не соответствуют друг другу.
28.05.2024 21:14:43.892 || Error code IM014 with message [Microsoft][Диспетчер драйверов ODBC] В указанном DSN архитектура драйвера и архитектура приложения не соответствуют друг другу.
28.05.2024 21:14:43.899 || 
FAILED: SQLConnect()
Error code IM014 with message [Microsoft][Диспетчер драйверов ODBC] В указанном DSN архитектура драйвера и архитектура приложения не соответствуют друг другу.
28.05.2024 21:14:43.908 || Error code IM014 with message [Microsoft][Диспетчер драйверов ODBC] В указанном DSN архитектура драйвера и архитектура приложения не соответствуют друг другу.
28.05.2024 21:14:43.914 || 
FAILED: SQLConnect()
Error code IM014 with message [Microsoft][Диспетчер драйверов ODBC] В указанном DSN архитектура драйвера и архитектура приложения не соответствуют друг другу.
28.05.2024 21:14:43.921 || Error code IM014 with message [Microsoft][Диспетчер драйверов ODBC] В указанном DSN архитектура драйвера и архитектура приложения не соответствуют друг другу.
28.05.2024 21:14:43.927 || 
FAILED: SQLConnect()
Error code IM014 with message [Microsoft][Диспетчер драйверов ODBC] В указанном DSN архитектура драйвера и архитектура приложения не соответствуют друг другу.
28.05.2024 21:14:43.933 || Error code IM014 with message [Microsoft][Диспетчер драйверов ODBC] В указанном DSN архитектура драйвера и архитектура приложения не соответствуют друг другу.
28.05.2024 21:14:43.940 || 
FAILED: SQLConnect()
Error code IM014 with message [Microsoft][Диспетчер драйверов ODBC] В указанном DSN архитектура драйвера и архитектура приложения не соответствуют друг другу.
28.05.2024 21:14:43.948 || Error code IM014 with message [Microsoft][Диспетчер драйверов ODBC] В указанном DSN архитектура драйвера и архитектура приложения не соответствуют друг другу.
28.05.2024 21:14:43.954 || 
FAILED: SQLConnect()
Error code IM014 with message [Microsoft][Диспетчер драйверов ODBC] В указанном DSN архитектура драйвера и архитектура приложения не соответствуют друг другу.
28.05.2024 21:14:43.962 || Error code IM014 with message [Microsoft][Диспетчер драйверов ODBC] В указанном DSN архитектура драйвера и архитектура приложения не соответствуют друг другу.
28.05.2024 21:14:43.969 || 
FAILED: SQLConnect()
Error code IM014 with message [Microsoft][Диспетчер драйверов ODBC] В указанном DSN архитектура драйвера и архитектура приложения не соответствуют друг другу.
28.05.2024 21:14:43.976 || Error code IM014 with message [Microsoft][Диспетчер драйверов ODBC] В указанном DSN архитектура драйвера и архитектура приложения не соответствуют друг другу.
28.05.2024 21:14:43.982 || 
FAILED: SQLConnect()
Error code IM014 with message [Microsoft][Диспетчер драйверов ODBC] В указанном DSN архитектура драйвера и архитектура приложения не соответствуют друг другу.
28.05.2024 21:14:43.991 || Error code IM014 with message [Microsoft][Диспетчер драйверов ODBC] В указанном DSN архитектура драйвера и архитектура приложения не соответствуют друг другу.
28.05.2024 21:14:43.997 || 
FAILED: SQLConnect()
Error code IM014 with message [Microsoft][Диспетчер драйверов ODBC] В указанном DSN архитектура драйвера и архитектура приложения не соответствуют друг другу.
28.05.2024 21:14:44.003 || Error code IM014 with message [Microsoft][Диспетчер драйверов ODBC] В указанном DSN архитектура драйвера и архитектура приложения не соответствуют друг другу.
28.05.2024 21:14:44.010 || 
FAILED: SQLConnect()
Error code IM014 with message [Microsoft][Диспетчер драйверов ODBC] В указанном DSN архитектура драйвера и архитектура приложения не соответствуют друг другу.
28.05.2024 21:14:44.017 || Error code IM014 with message [Microsoft][Диспетчер драйверов ODBC] В указанном DSN архитектура драйвера и архитектура приложения не соответствуют друг другу.
28.05.2024 21:14:44.024 || 
FAILED: SQLConnect()
Error code IM014 with message [Microsoft][Диспетчер драйверов ODBC] В указанном DSN архитектура драйвера и архитектура приложения не соответствуют друг другу.
28.05.2024 21:14:44.031 || Error code IM014 with message [Microsoft][Диспетчер драйверов ODBC] В указанном DSN архитектура драйвера и архитектура приложения не соответствуют друг другу.
28.05.2024 21:14:44.037 || 
FAILED: SQLConnect()
Error code IM014 with message [Microsoft][Диспетчер драйверов ODBC] В указанном DSN архитектура драйвера и архитектура приложения не соответствуют друг другу.
28.05.2024 21:14:44.044 || Error code IM014 with message [Microsoft][Диспетчер драйверов ODBC] В указанном DSN архитектура драйвера и архитектура приложения не соответствуют друг другу.
28.05.2024 21:14:44.050 || 
FAILED: SQLConnect()
Error code IM014 with message [Microsoft][Диспетчер драйверов ODBC] В указанном DSN архитектура драйвера и архитектура приложения не соответствуют друг другу.
28.05.2024 21:14:44.058 || Error code IM014 with message [Microsoft][Диспетчер драйверов ODBC] В указанном DSN архитектура драйвера и архитектура приложения не соответствуют друг другу.
28.05.2024 21:14:44.064 || 
FAILED: SQLConnect()
Error code IM014 with message [Microsoft][Диспетчер драйверов ODBC] В указанном DSN архитектура драйвера и архитектура приложения не соответствуют друг другу.
28.05.2024 21:14:44.072 || Error code IM014 with message [Microsoft][Диспетчер драйверов ODBC] В указанном DSN архитектура драйвера и архитектура приложения не соответствуют друг другу.
28.05.2024 21:14:44.078 || 
FAILED: SQLConnect()
Error code IM014 with message [Microsoft][Диспетчер драйверов ODBC] В указанном DSN архитектура драйвера и архитектура приложения не соответствуют друг другу.
28.05.2024 21:14:44.086 || Error code IM014 with message [Microsoft][Диспетчер драйверов ODBC] В указанном DSN архитектура драйвера и архитектура приложения не соответствуют друг другу.
28.05.2024 21:14:44.093 || 
FAILED: SQLConnect()
Error code IM014 with message [Microsoft][Диспетчер драйверов ODBC] В указанном DSN архитектура драйвера и архитектура приложения не соответствуют друг другу.
28.05.2024 21:14:44.101 || Error code IM014 with message [Microsoft][Диспетчер драйверов ODBC] В указанном DSN архитектура драйвера и архитектура приложения не соответствуют друг другу.
28.05.2024 21:14:44.108 || 
FAILED: SQLConnect()
Error code IM014 with message [Microsoft][Диспетчер драйверов ODBC] В указанном DSN архитектура драйвера и архитектура приложения не соответствуют друг другу.
28.05.2024 21:14:44.115 || Error code IM014 with message [Microsoft][Диспетчер драйверов ODBC] В указанном DSN архитектура драйвера и архитектура приложения не соответствуют друг другу.
28.05.2024 21:14:44.124 || 
FAILED: SQLConnect()
Error code IM014 with message [Microsoft][Диспетчер драйверов ODBC] В указанном DSN архитектура драйвера и архитектура приложения не соответствуют друг другу.
28.05.2024 21:14:44.132 || Error code IM014 with message [Microsoft][Диспетчер драйверов ODBC] В указанном DSN архитектура драйвера и архитектура приложения не соответствуют друг другу.
28.05.2024 21:14:44.139 || 
FAILED: SQLConnect()
Error code IM014 with message [Microsoft][Диспетчер драйверов ODBC] В указанном DSN архитектура драйвера и архитектура приложения не соответствуют друг другу.
28.05.2024 21:14:44.147 || Error code IM014 with message [Microsoft][Диспетчер драйверов ODBC] В указанном DSN архитектура драйвера и архитектура приложения не соответствуют друг другу.
28.05.2024 21:14:44.154 || 
FAILED: SQLConnect()
Error code IM014 with message [Microsoft][Диспетчер драйверов ODBC] В указанном DSN архитектура драйвера и архитектура приложения не соответствуют друг другу.
28.05.2024 21:14:44.163 || Error code IM014 with message [Microsoft][Диспетчер драйверов ODBC] В указанном DSN архитектура драйвера и архитектура приложения не соответствуют друг другу.
28.05.2024 21:14:44.169 || 
FAILED: SQLConnect()
Error code IM014 with message [Microsoft][Диспетчер драйверов ODBC] В указанном DSN архитектура драйвера и архитектура приложения не соответствуют друг другу.
28.05.2024 21:14:44.178 || Error code IM014 with message [Microsoft][Диспетчер драйверов ODBC] В указанном DSN архитектура драйвера и архитектура приложения не соответствуют друг другу.
28.05.2024 21:14:44.185 || 
FAILED: SQLConnect()
Error code IM014 with message [Microsoft][Диспетчер драйверов ODBC] В указанном DSN архитектура драйвера и архитектура приложения не соответствуют друг другу.
28.05.2024 21:14:44.192 || Error code IM014 with message [Microsoft][Диспетчер драйверов ODBC] В указанном DSN архитектура драйвера и архитектура приложения не соответствуют друг другу.
28.05.2024 21:14:44.199 || 
FAILED: SQLConnect()
Error code IM014 with message [Microsoft][Диспетчер драйверов ODBC] В указанном DSN архитектура драйвера и архитектура приложения не соответствуют друг другу.
28.05.2024 21:14:44.206 || Error code IM014 with message [Microsoft][Диспетчер драйверов ODBC] В указанном DSN архитектура драйвера и архитектура приложения не соответствуют друг другу.
28.05.2024 21:14:44.212 || 
FAILED: SQLConnect()
Error code IM014 with message [Microsoft][Диспетчер драйверов ODBC] В указанном DSN архитектура драйвера и архитектура приложения не соответствуют друг другу.
28.05.2024 21:14:44.218 || Error code IM014 with message [Microsoft][Диспетчер драйверов ODBC] В указанном DSN архитектура драйвера и архитектура приложения не соответствуют друг другу.
28.05.2024 21:14:44.226 || 
FAILED: SQLConnect()
Error code IM014 with message [Microsoft][Диспетчер драйверов ODBC] В указанном DSN архитектура драйвера и архитектура приложения не соответствуют друг другу.
28.05.2024 21:14:44.235 || Error code IM014 with message [Microsoft][Диспетчер драйверов ODBC] В указанном DSN архитектура драйвера и архитектура приложения не соответствуют друг другу.
28.05.2024 21:14:44.240 || 
FAILED: SQLConnect()
Error code IM014 with message [Microsoft][Диспетчер драйверов ODBC] В указанном DSN архитектура драйвера и архитектура приложения не соответствуют друг другу.
28.05.2024 21:14:44.247 || Error code IM014 with message [Microsoft][Диспетчер драйверов ODBC] В указанном DSN архитектура драйвера и архитектура приложения не соответствуют друг другу.
28.05.2024 21:14:44.253 || 
FAILED: SQLConnect()
Error code IM014 with message [Microsoft][Диспетчер драйверов ODBC] В указанном DSN архитектура драйвера и архитектура приложения не соответствуют друг другу.
28.05.2024 21:14:44.261 || Error code IM014 with message [Microsoft][Диспетчер драйверов ODBC] В указанном DSN архитектура драйвера и архитектура приложения не соответствуют друг другу.
28.05.2024 21:14:44.267 || 
FAILED: SQLConnect()
Error code IM014 with message [Microsoft][Диспетчер драйверов ODBC] В указанном DSN архитектура драйвера и архитектура приложения не соответствуют друг другу.
28.05.2024 21:14:44.275 || Error code IM014 with message [Microsoft][Диспетчер драйверов ODBC] В указанном DSN архитектура драйвера и архитектура приложения не соответствуют друг другу.
28.05.2024 21:14:44.282 || 
FAILED: SQLConnect()
Error code IM014 with message [Microsoft][Диспетчер драйверов ODBC] В указанном DSN архитектура драйвера и архитектура приложения не соответствуют друг другу.
28.05.2024 21:14:44.291 || Error code IM014 with message [Microsoft][Диспетчер драйверов ODBC] В указанном DSN архитектура драйвера и архитектура приложения не соответствуют друг другу.
28.05.2024 21:14:44.297 || 
FAILED: SQLConnect()
Error code IM014 with message [Microsoft][Диспетчер драйверов ODBC] В указанном DSN архитектура драйвера и архитектура приложения не соответствуют друг другу.
28.05.2024 21:14:44.305 || Error code IM014 with message [Microsoft][Диспетчер драйверов ODBC] В указанном DSN архитектура драйвера и архитектура приложения не соответствуют друг другу.
28.05.2024 21:14:44.311 || 
FAILED: SQLConnect()
Error code IM014 with message [Microsoft][Диспетчер драйверов ODBC] В указанном DSN архитектура драйвера и архитектура приложения не соответствуют друг другу.
28.05.2024 21:14:44.318 || Error code IM014 with message [Microsoft][Диспетчер драйверов ODBC] В указанном DSN архитектура драйвера и архитектура приложения не соответствуют друг другу.
28.05.2024 21:14:44.324 || 
FAILED: SQLConnect()
Error code IM014 with message [Microsoft][Диспетчер драйверов ODBC] В указанном DSN архитектура драйвера и архитектура приложения не соответствуют друг другу.
28.05.2024 21:14:44.332 || Error code IM014 with message [Microsoft][Диспетчер драйверов ODBC] В указанном DSN архитектура драйвера и архитектура приложения не соответствуют друг другу.
28.05.2024 21:14:44.338 || 
FAILED: SQLConnect()
Error code IM014 with message [Microsoft][Диспетчер драйверов ODBC] В указанном DSN архитектура драйвера и архитектура приложения не соответствуют друг другу.
28.05.2024 21:14:44.346 || Error code IM014 with message [Microsoft][Диспетчер драйверов ODBC] В указанном DSN архитектура драйвера и архитектура приложения не соответствуют друг другу.
28.05.2024 21:14:44.354 || 
FAILED: SQLConnect()
Error code IM014 with message [Microsoft][Диспетчер драйверов ODBC] В указанном DSN архитектура драйвера и архитектура приложения не соответствуют друг другу.
28.05.2024 21:14:44.362 || Error code IM014 with message [Microsoft][Диспетчер драйверов ODBC] В указанном DSN архитектура драйвера и архитектура приложения не соответствуют друг другу.
28.05.2024 21:14:44.367 || 
FAILED: SQLConnect()
Error code IM014 with message [Microsoft][Диспетчер драйверов ODBC] В указанном DSN архитектура драйвера и архитектура приложения не соответствуют друг другу.
28.05.2024 21:14:44.374 || Error code IM014 with message [Microsoft][Диспетчер драйверов ODBC] В указанном DSN архитектура драйвера и архитектура приложения не соответствуют друг другу.
28.05.2024 21:14:44.378 || 
FAILED: SQLConnect()
Error code IM014 with message [Microsoft][Диспетчер драйверов ODBC] В указанном DSN архитектура драйвера и архитектура приложения не соответствуют друг другу.
28.05.2024 21:14:44.386 || Error code IM014 with message [Microsoft][Диспетчер драйверов ODBC] В указанном DSN архитектура драйвера и архитектура приложения не соответствуют друг другу.
28.05.2024 21:14:44.393 || 
FAILED: SQLConnect()
Error code IM014 with message [Microsoft][Диспетчер драйверов ODBC] В указанном DSN архитектура драйвера и архитектура приложения не соответствуют друг другу.
28.05.2024 21:14:44.400 || Error code IM014 with message [Microsoft][Диспетчер драйверов ODBC] В указанном DSN архитектура драйвера и архитектура приложения не соответствуют друг другу.
28.05.2024 21:14:44.406 || 
FAILED: SQLConnect()
Error code IM014 with message [Microsoft][Диспетчер драйверов ODBC] В указанном DSN архитектура драйвера и архитектура приложения не соответствуют друг другу.
28.05.2024 21:14:44.413 || Error code IM014 with message [Microsoft][Диспетчер драйверов ODBC] В указанном DSN архитектура драйвера и архитектура приложения не соответствуют друг другу.
28.05.2024 21:14:44.417 || 
FAILED: SQLConnect()
Error code IM014 with message [Microsoft][Диспетчер драйверов ODBC] В указанном DSN архитектура драйвера и архитектура приложения не соответствуют друг другу.
28.05.2024 21:14:44.424 || Error code IM014 with message [Microsoft][Диспетчер драйверов ODBC] В указанном DSN архитектура драйвера и архитектура приложения не соответствуют друг другу.
28.05.2024 21:14:44.429 || 
FAILED: SQLConnect()
Error code IM014 with message [Microsoft][Диспетчер драйверов ODBC] В указанном DSN архитектура драйвера и архитектура приложения не соответствуют друг другу.
28.05.2024 21:14:44.436 || Error code IM014 with message [Microsoft][Диспетчер драйверов ODBC] В указанном DSN архитектура драйвера и архитектура приложения не соответствуют друг другу.
28.05.2024 21:14:44.444 || 
FAILED: SQLConnect()
Error code IM014 with message [Microsoft][Диспетчер драйверов ODBC] В указанном DSN архитектура драйвера и архитектура приложения не соответствуют друг другу.
28.05.2024 21:14:44.452 || Error code IM014 with message [Microsoft][Диспетчер драйверов ODBC] В указанном DSN архитектура драйвера и архитектура приложения не соответствуют друг другу.
28.05.2024 21:14:44.456 || 
FAILED: SQLConnect()
Error code IM014 with message [Microsoft][Диспетчер драйверов ODBC] В указанном DSN архитектура драйвера и архитектура приложения не соответствуют друг другу.
28.05.2024 21:14:44.461 || Error code IM014 with message [Microsoft][Диспетчер драйверов ODBC] В указанном DSN архитектура драйвера и архитектура приложения не соответствуют друг другу.
28.05.2024 21:14:44.468 || 
FAILED: SQLConnect()
Error code IM014 with message [Microsoft][Диспетчер драйверов ODBC] В указанном DSN архитектура драйвера и архитектура приложения не соответствуют друг другу.
28.05.2024 21:14:44.476 || Error code IM014 with message [Microsoft][Диспетчер драйверов ODBC] В указанном DSN архитектура драйвера и архитектура приложения не соответствуют друг другу.
28.05.2024 21:14:44.481 || 
FAILED: SQLConnect()
Error code IM014 with message [Microsoft][Диспетчер драйверов ODBC] В указанном DSN архитектура драйвера и архитектура приложения не соответствуют друг другу.
28.05.2024 21:14:44.489 || Error code IM014 with message [Microsoft][Диспетчер драйверов ODBC] В указанном DSN архитектура драйвера и архитектура приложения не соответствуют друг другу.
28.05.2024 21:14:44.495 || 
FAILED: SQLConnect()
Error code IM014 with message [Microsoft][Диспетчер драйверов ODBC] В указанном DSN архитектура драйвера и архитектура приложения не соответствуют друг другу.
28.05.2024 21:14:44.504 || Error code IM014 with message [Microsoft][Диспетчер драйверов ODBC] В указанном DSN архитектура драйвера и архитектура приложения не соответствуют друг другу.
28.05.2024 21:14:44.511 || 
FAILED: SQLConnect()
Error code IM014 with message [Microsoft][Диспетчер драйверов ODBC] В указанном DSN архитектура драйвера и архитектура приложения не соответствуют друг другу.
28.05.2024 21:14:44.520 || Error code IM014 with message [Microsoft][Диспетчер драйверов ODBC] В указанном DSN архитектура драйвера и архитектура приложения не соответствуют друг другу.
28.05.2024 21:14:44.525 || 
FAILED: SQLConnect()
Error code IM014 with message [Microsoft][Диспетчер драйверов ODBC] В указанном DSN архитектура драйвера и архитектура приложения не соответствуют друг другу.
28.05.2024 21:14:44.530 || Error code IM014 with message [Microsoft][Диспетчер драйверов ODBC] В указанном DSN архитектура драйвера и архитектура приложения не соответствуют друг другу.
28.05.2024 21:14:44.536 || 
FAILED: SQLConnect()
Error code IM014 with message [Microsoft][Диспетчер драйверов ODBC] В указанном DSN архитектура драйвера и архитектура приложения не соответствуют друг другу.
28.05.2024 21:14:44.542 || Error code IM014 with message [Microsoft][Диспетчер драйверов ODBC] В указанном DSN архитектура драйвера и архитектура приложения не соответствуют друг другу.
28.05.2024 21:14:44.547 || 
FAILED: SQLConnect()
Error code IM014 with message [Microsoft][Диспетчер драйверов ODBC] В указанном DSN архитектура драйвера и архитектура приложения не соответствуют друг другу.
28.05.2024 21:14:44.554 || Error code IM014 with message [Microsoft][Диспетчер драйверов ODBC] В указанном DSN архитектура драйвера и архитектура приложения не соответствуют друг другу.
28.05.2024 21:14:44.558 || 
FAILED: SQLConnect()
Error code IM014 with message [Microsoft][Диспетчер драйверов ODBC] В указанном DSN архитектура драйвера и архитектура приложения не соответствуют друг другу.
28.05.2024 21:14:44.565 || Error code IM014 with message [Microsoft][Диспетчер драйверов ODBC] В указанном DSN архитектура драйвера и архитектура приложения не соответствуют друг другу.
28.05.2024 21:14:44.573 || 
FAILED: SQLConnect()
Error code IM014 with message [Microsoft][Диспетчер драйверов ODBC] В указанном DSN архитектура драйвера и архитектура приложения не соответствуют друг другу.
28.05.2024 21:14:44.582 || Error code IM014 with message [Microsoft][Диспетчер драйверов ODBC] В указанном DSN архитектура драйвера и архитектура приложения не соответствуют друг другу.
28.05.2024 21:14:44.590 || 
FAILED: SQLConnect()
Error code IM014 with message [Microsoft][Диспетчер драйверов ODBC] В указанном DSN архитектура драйвера и архитектура приложения не соответствуют друг другу.
28.05.2024 21:14:44.595 || Error code IM014 with message [Microsoft][Диспетчер драйверов ODBC] В указанном DSN архитектура драйвера и архитектура приложения не соответствуют друг другу.
28.05.2024 21:14:44.602 || 
FAILED: SQLConnect()
Error code IM014 with message [Microsoft][Диспетчер драйверов ODBC] В указанном DSN архитектура драйвера и архитектура приложения не соответствуют друг другу.
28.05.2024 21:14:44.610 || Error code IM014 with message [Microsoft][Диспетчер драйверов ODBC] В указанном DSN архитектура драйвера и архитектура приложения не соответствуют друг другу.
28.05.2024 21:14:44.619 || 
FAILED: SQLConnect()
Error code IM014 with message [Microsoft][Диспетчер драйверов ODBC] В указанном DSN архитектура драйвера и архитектура приложения не соответствуют друг другу.
28.05.2024 21:14:44.626 || Error code IM014 with message [Microsoft][Диспетчер драйверов ODBC] В указанном DSN архитектура драйвера и архитектура приложения не соответствуют друг другу.
28.05.2024 21:14:44.635 || 
FAILED: SQLConnect()
Error code IM014 with message [Microsoft][Диспетчер драйверов ODBC] В указанном DSN архитектура драйвера и архитектура приложения не соответствуют друг другу.
28.05.2024 21:14:44.643 || Error code IM014 with message [Microsoft][Диспетчер драйверов ODBC] В указанном DSN архитектура драйвера и архитектура приложения не соответствуют друг другу.
28.05.2024 21:14:44.649 || 
FAILED: SQLConnect()
Error code IM014 with message [Microsoft][Диспетчер драйверов ODBC] В указанном DSN архитектура драйвера и архитектура приложения не соответствуют друг другу.
28.05.2024 21:14:44.657 || Error code IM014 with message [Microsoft][Диспетчер драйверов ODBC] В указанном DSN архитектура драйвера и архитектура приложения не соответствуют друг другу.
28.05.2024 21:14:44.665 || 
FAILED: SQLConnect()
Error code IM014 with message [Microsoft][Диспетчер драйверов ODBC] В указанном DSN архитектура драйвера и архитектура приложения не соответствуют друг другу.
28.05.2024 21:14:44.675 || Error code IM014 with message [Microsoft][Диспетчер драйверов ODBC] В указанном DSN архитектура драйвера и архитектура приложения не соответствуют друг другу.
28.05.2024 21:14:44.684 || 
FAILED: SQLConnect()
Error code IM014 with message [Microsoft][Диспетчер драйверов ODBC] В указанном DSN архитектура драйвера и архитектура приложения не соответствуют друг другу.
28.05.2024 21:14:44.690 || Error code IM014 with message [Microsoft][Диспетчер драйверов ODBC] В указанном DSN архитектура драйвера и архитектура приложения не соответствуют друг другу.
28.05.2024 21:14:44.696 || 
FAILED: SQLConnect()
Error code IM014 with message [Microsoft][Диспетчер драйверов ODBC] В указанном DSN архитектура драйвера и архитектура приложения не соответствуют друг другу.
28.05.2024 21:14:44.707 || Error code IM014 with message [Microsoft][Диспетчер драйверов ODBC] В указанном DSN архитектура драйвера и архитектура приложения не соответствуют друг другу.
28.05.2024 21:14:44.716 || 
FAILED: SQLConnect()
Error code IM014 with message [Microsoft][Диспетчер драйверов ODBC] В указанном DSN архитектура драйвера и архитектура приложения не соответствуют друг другу.
28.05.2024 21:14:44.723 || Error code IM014 with message [Microsoft][Диспетчер драйверов ODBC] В указанном DSN архитектура драйвера и архитектура приложения не соответствуют друг другу.
28.05.2024 21:14:44.733 || 
FAILED: SQLConnect()
Error code IM014 with message [Microsoft][Диспетчер драйверов ODBC] В указанном DSN архитектура драйвера и архитектура приложения не соответствуют друг другу.
28.05.2024 21:14:44.743 || Error code IM014 with message [Microsoft][Диспетчер драйверов ODBC] В указанном DSN архитектура драйвера и архитектура приложения не соответствуют друг другу.
28.05.2024 21:14:44.750 || 
FAILED: SQLConnect()
Error code IM014 with message [Microsoft][Диспетчер драйверов ODBC] В указанном DSN архитектура драйвера и архитектура приложения не соответствуют друг другу.
28.05.2024 21:14:44.759 || Error code IM014 with message [Microsoft][Диспетчер драйверов ODBC] В указанном DSN архитектура драйвера и архитектура приложения не соответствуют друг другу.
28.05.2024 21:14:44.768 || 
FAILED: SQLConnect()
Error code IM014 with message [Microsoft][Диспетчер драйверов ODBC] В указанном DSN архитектура драйвера и архитектура приложения не соответствуют друг другу.
28.05.2024 21:14:44.776 || Error code IM014 with message [Microsoft][Диспетчер драйверов ODBC] В указанном DSN архитектура драйвера и архитектура приложения не соответствуют друг другу.
28.05.2024 21:14:44.785 || 
FAILED: SQLConnect()
Error code IM014 with message [Microsoft][Диспетчер драйверов ODBC] В указанном DSN архитектура драйвера и архитектура приложения не соответствуют друг другу.
28.05.2024 21:14:44.793 || Error code IM014 with message [Microsoft][Диспетчер драйверов ODBC] В указанном DSN архитектура драйвера и архитектура приложения не соответствуют друг другу.
28.05.2024 21:14:44.799 || 
FAILED: SQLConnect()
Error code IM014 with message [Microsoft][Диспетчер драйверов ODBC] В указанном DSN архитектура драйвера и архитектура приложения не соответствуют друг другу.
28.05.2024 21:14:44.806 || Error code IM014 with message [Microsoft][Диспетчер драйверов ODBC] В указанном DSN архитектура драйвера и архитектура приложения не соответствуют друг другу.
28.05.2024 21:14:44.812 || 
FAILED: SQLConnect()
Error code IM014 with message [Microsoft][Диспетчер драйверов ODBC] В указанном DSN архитектура драйвера и архитектура приложения не соответствуют друг другу.
28.05.2024 21:14:44.819 || Error code IM014 with message [Microsoft][Диспетчер драйверов ODBC] В указанном DSN архитектура драйвера и архитектура приложения не соответствуют друг другу.
28.05.2024 21:14:44.826 || 
FAILED: SQLConnect()
Error code IM014 with message [Microsoft][Диспетчер драйверов ODBC] В указанном DSN архитектура драйвера и архитектура приложения не соответствуют друг другу.
28.05.2024 21:14:44.833 || Error code IM014 with message [Microsoft][Диспетчер драйверов ODBC] В указанном DSN архитектура драйвера и архитектура приложения не соответствуют друг другу.
28.05.2024 21:14:44.840 || 
FAILED: SQLConnect()
Error code IM014 with message [Microsoft][Диспетчер драйверов ODBC] В указанном DSN архитектура драйвера и архитектура приложения не соответствуют друг другу.
28.05.2024 21:14:44.847 || Error code IM014 with message [Microsoft][Диспетчер драйверов ODBC] В указанном DSN архитектура драйвера и архитектура приложения не соответствуют друг другу.
28.05.2024 21:14:44.854 || 
FAILED: SQLConnect()
Error code IM014 with message [Microsoft][Диспетчер драйверов ODBC] В указанном DSN архитектура драйвера и архитектура приложения не соответствуют друг другу.
28.05.2024 21:14:44.862 || Error code IM014 with message [Microsoft][Диспетчер драйверов ODBC] В указанном DSN архитектура драйвера и архитектура приложения не соответствуют друг другу.
28.05.2024 21:14:44.868 || 
FAILED: SQLConnect()
Error code IM014 with message [Microsoft][Диспетчер драйверов ODBC] В указанном DSN архитектура драйвера и архитектура приложения не соответствуют друг другу.
28.05.2024 21:14:44.875 || Error code IM014 with message [Microsoft][Диспетчер драйверов ODBC] В указанном DSN архитектура драйвера и архитектура приложения не соответствуют друг другу.
28.05.2024 21:14:44.880 || 
FAILED: SQLConnect()
Error code IM014 with message [Microsoft][Диспетчер драйверов ODBC] В указанном DSN архитектура драйвера и архитектура приложения не соответствуют друг другу.
28.05.2024 21:14:44.887 || Error code IM014 with message [Microsoft][Диспетчер драйверов ODBC] В указанном DSN архитектура драйвера и архитектура приложения не соответствуют друг другу.
28.05.2024 21:14:44.894 || 
FAILED: SQLConnect()
Error code IM014 with message [Microsoft][Диспетчер драйверов ODBC] В указанном DSN архитектура драйвера и архитектура приложения не соответствуют друг другу.
28.05.2024 21:14:44.900 || Error code IM014 with message [Microsoft][Диспетчер драйверов ODBC] В указанном DSN архитектура драйвера и архитектура приложения не соответствуют друг другу.
28.05.2024 21:14:44.908 || 
FAILED: SQLConnect()
Error code IM014 with message [Microsoft][Диспетчер драйверов ODBC] В указанном DSN архитектура драйвера и архитектура приложения не соответствуют друг другу.
28.05.2024 21:14:44.915 || Error code IM014 with message [Microsoft][Диспетчер драйверов ODBC] В указанном DSN архитектура драйвера и архитектура приложения не соответствуют друг другу.
28.05.2024 21:14:44.921 || 
FAILED: SQLConnect()
Error code IM014 with message [Microsoft][Диспетчер драйверов ODBC] В указанном DSN архитектура драйвера и архитектура приложения не соответствуют друг другу.
28.05.2024 21:14:44.929 || Error code IM014 with message [Microsoft][Диспетчер драйверов ODBC] В указанном DSN архитектура драйвера и архитектура приложения не соответствуют друг другу.
28.05.2024 21:14:44.935 || 
FAILED: SQLConnect()
Error code IM014 with message [Microsoft][Диспетчер драйверов ODBC] В указанном DSN архитектура драйвера и архитектура приложения не соответствуют друг другу.
28.05.2024 21:14:44.943 || Error code IM014 with message [Microsoft][Диспетчер драйверов ODBC] В указанном DSN архитектура драйвера и архитектура приложения не соответствуют друг другу.
28.05.2024 21:14:44.950 || 
FAILED: SQLConnect()
Error code IM014 with message [Microsoft][Диспетчер драйверов ODBC] В указанном DSN архитектура драйвера и архитектура приложения не соответствуют друг другу.
28.05.2024 21:14:44.957 || Error code IM014 with message [Microsoft][Диспетчер драйверов ODBC] В указанном DSN архитектура драйвера и архитектура приложения не соответствуют друг другу.
28.05.2024 21:14:44.964 || 
FAILED: SQLConnect()
Error code IM014 with message [Microsoft][Диспетчер драйверов ODBC] В указанном DSN архитектура драйвера и архитектура приложения не соответствуют друг другу.
28.05.2024 21:14:44.971 || Error code IM014 with message [Microsoft][Диспетчер драйверов ODBC] В указанном DSN архитектура драйвера и архитектура приложения не соответствуют друг другу.
28.05.2024 21:14:44.978 || 
FAILED: SQLConnect()
Error code IM014 with message [Microsoft][Диспетчер драйверов ODBC] В указанном DSN архитектура драйвера и архитектура приложения не соответствуют друг другу.
28.05.2024 21:14:44.984 || Error code IM014 with message [Microsoft][Диспетчер драйверов ODBC] В указанном DSN архитектура драйвера и архитектура приложения не соответствуют друг другу.
28.05.2024 21:14:44.990 || 
FAILED: SQLConnect()
Error code IM014 with message [Microsoft][Диспетчер драйверов ODBC] В указанном DSN архитектура драйвера и архитектура приложения не соответствуют друг другу.
28.05.2024 21:14:44.996 || Error code IM014 with message [Microsoft][Диспетчер драйверов ODBC] В указанном DSN архитектура драйвера и архитектура приложения не соответствуют друг другу.
28.05.2024 21:14:45.003 || 
FAILED: SQLConnect()
Error code IM014 with message [Microsoft][Диспетчер драйверов ODBC] В указанном DSN архитектура драйвера и архитектура приложения не соответствуют друг другу.
28.05.2024 21:14:45.010 || Error code IM014 with message [Microsoft][Диспетчер драйверов ODBC] В указанном DSN архитектура драйвера и архитектура приложения не соответствуют друг другу.
28.05.2024 21:14:45.016 || 
FAILED: SQLConnect()
Error code IM014 with message [Microsoft][Диспетчер драйверов ODBC] В указанном DSN архитектура драйвера и архитектура приложения не соответствуют друг другу.
28.05.2024 21:14:45.024 || Error code IM014 with message [Microsoft][Диспетчер драйверов ODBC] В указанном DSN архитектура драйвера и архитектура приложения не соответствуют друг другу.
28.05.2024 21:14:45.030 || 
FAILED: SQLConnect()
Error code IM014 with message [Microsoft][Диспетчер драйверов ODBC] В указанном DSN архитектура драйвера и архитектура приложения не соответствуют друг другу.
28.05.2024 21:14:45.039 || Error code IM014 with message [Microsoft][Диспетчер драйверов ODBC] В указанном DSN архитектура драйвера и архитектура приложения не соответствуют друг другу.
28.05.2024 21:14:45.045 || 
FAILED: SQLConnect()
Error code IM014 with message [Microsoft][Диспетчер драйверов ODBC] В указанном DSN архитектура драйвера и архитектура приложения не соответствуют друг другу.
28.05.2024 21:14:45.052 || Error code IM014 with message [Microsoft][Диспетчер драйверов ODBC] В указанном DSN архитектура драйвера и архитектура приложения не соответствуют друг другу.
28.05.2024 21:14:45.058 || 
FAILED: SQLConnect()
Error code IM014 with message [Microsoft][Диспетчер драйверов ODBC] В указанном DSN архитектура драйвера и архитектура приложения не соответствуют друг другу.
28.05.2024 21:14:45.065 || Error code IM014 with message [Microsoft][Диспетчер драйверов ODBC] В указанном DSN архитектура драйвера и архитектура приложения не соответствуют друг другу.
28.05.2024 21:14:45.073 || 
FAILED: SQLConnect()
Error code IM014 with message [Microsoft][Диспетчер драйверов ODBC] В указанном DSN архитектура драйвера и архитектура приложения не соответствуют друг другу.
28.05.2024 21:14:45.080 || Error code IM014 with message [Microsoft][Диспетчер драйверов ODBC] В указанном DSN архитектура драйвера и архитектура приложения не соответствуют друг другу.
28.05.2024 21:14:45.086 || 
FAILED: SQLConnect()
Error code IM014 with message [Microsoft][Диспетчер драйверов ODBC] В указанном DSN архитектура драйвера и архитектура приложения не соответствуют друг другу.
28.05.2024 21:14:45.093 || Error code IM014 with message [Microsoft][Диспетчер драйверов ODBC] В указанном DSN архитектура драйвера и архитектура приложения не соответствуют друг другу.
28.05.2024 21:14:45.098 || 
FAILED: SQLConnect()
Error code IM014 with message [Microsoft][Диспетчер драйверов ODBC] В указанном DSN архитектура драйвера и архитектура приложения не соответствуют друг другу.
28.05.2024 21:14:45.105 || Error code IM014 with message [Microsoft][Диспетчер драйверов ODBC] В указанном DSN архитектура драйвера и архитектура приложения не соответствуют друг другу.
28.05.2024 21:14:45.111 || 
FAILED: SQLConnect()
Error code IM014 with message [Microsoft][Диспетчер драйверов ODBC] В указанном DSN архитектура драйвера и архитектура приложения не соответствуют друг другу.
28.05.2024 21:14:45.117 || Error code IM014 with message [Microsoft][Диспетчер драйверов ODBC] В указанном DSN архитектура драйвера и архитектура приложения не соответствуют друг другу.
28.05.2024 21:14:45.124 || 
FAILED: SQLConnect()
Error code IM014 with message [Microsoft][Диспетчер драйверов ODBC] В указанном DSN архитектура драйвера и архитектура приложения не соответствуют друг другу.
28.05.2024 21:14:45.132 || Error code IM014 with message [Microsoft][Диспетчер драйверов ODBC] В указанном DSN архитектура драйвера и архитектура приложения не соответствуют друг другу.
28.05.2024 21:14:45.137 || 
FAILED: SQLConnect()
Error code IM014 with message [Microsoft][Диспетчер драйверов ODBC] В указанном DSN архитектура драйвера и архитектура приложения не соответствуют друг другу.
28.05.2024 21:14:45.146 || Error code IM014 with message [Microsoft][Диспетчер драйверов ODBC] В указанном DSN архитектура драйвера и архитектура приложения не соответствуют друг другу.
28.05.2024 21:14:45.154 || 
FAILED: SQLConnect()
Error code IM014 with message [Microsoft][Диспетчер драйверов ODBC] В указанном DSN архитектура драйвера и архитектура приложения не соответствуют друг другу.
28.05.2024 21:14:45.160 || Error code IM014 with message [Microsoft][Диспетчер драйверов ODBC] В указанном DSN архитектура драйвера и архитектура приложения не соответствуют друг другу.
28.05.2024 21:14:45.166 || 
FAILED: SQLConnect()
Error code IM014 with message [Microsoft][Диспетчер драйверов ODBC] В указанном DSN архитектура драйвера и архитектура приложения не соответствуют друг другу.
28.05.2024 21:14:45.174 || Error code IM014 with message [Microsoft][Диспетчер драйверов ODBC] В указанном DSN архитектура драйвера и архитектура приложения не соответствуют друг другу.
28.05.2024 21:14:45.180 || 
FAILED: SQLConnect()
Error code IM014 with message [Microsoft][Диспетчер драйверов ODBC] В указанном DSN архитектура драйвера и архитектура приложения не соответствуют друг другу.
28.05.2024 21:14:45.186 || Error code IM014 with message [Microsoft][Диспетчер драйверов ODBC] В указанном DSN архитектура драйвера и архитектура приложения не соответствуют друг другу.
28.05.2024 21:14:45.192 || 
FAILED: SQLConnect()
Error code IM014 with message [Microsoft][Диспетчер драйверов ODBC] В указанном DSN архитектура драйвера и архитектура приложения не соответствуют друг другу.
28.05.2024 21:14:45.198 || Error code IM014 with message [Microsoft][Диспетчер драйверов ODBC] В указанном DSN архитектура драйвера и архитектура приложения не соответствуют друг другу.
28.05.2024 21:14:45.204 || 
FAILED: SQLConnect()
Error code IM014 with message [Microsoft][Диспетчер драйверов ODBC] В указанном DSN архитектура драйвера и архитектура приложения не соответствуют друг другу.
28.05.2024 21:14:45.212 || Error code IM014 with message [Microsoft][Диспетчер драйверов ODBC] В указанном DSN архитектура драйвера и архитектура приложения не соответствуют друг другу.
28.05.2024 21:14:45.218 || 
FAILED: SQLConnect()
Error code IM014 with message [Microsoft][Диспетчер драйверов ODBC] В указанном DSN архитектура драйвера и архитектура приложения не соответствуют друг другу.
28.05.2024 21:14:45.225 || Error code IM014 with message [Microsoft][Диспетчер драйверов ODBC] В указанном DSN архитектура драйвера и архитектура приложения не соответствуют друг другу.
28.05.2024 21:14:45.231 || 
FAILED: SQLConnect()
Error code IM014 with message [Microsoft][Диспетчер драйверов ODBC] В указанном DSN архитектура драйвера и архитектура приложения не соответствуют друг другу.
28.05.2024 21:14:45.238 || Error code IM014 with message [Microsoft][Диспетчер драйверов ODBC] В указанном DSN архитектура драйвера и архитектура приложения не соответствуют друг другу.
28.05.2024 21:14:45.245 || 
FAILED: SQLConnect()
Error code IM014 with message [Microsoft][Диспетчер драйверов ODBC] В указанном DSN архитектура драйвера и архитектура приложения не соответствуют друг другу.
