28.05.2024 21:15:03.295 || =================== Run pg90drv64x.dll version 6.0.5.0 from May 17 2024 User: Atlantis ===============================
28.05.2024 21:15:03.295 || Error code IM014 with message [Microsoft][Диспетчер драйверов ODBC] В указанном DSN архитектура драйвера и архитектура приложения не соответствуют друг другу.
28.05.2024 21:15:03.300 || 
FAILED: SQLConnect()
Error code IM014 with message [Microsoft][Диспетчер драйверов ODBC] В указанном DSN архитектура драйвера и архитектура приложения не соответствуют друг другу.
28.05.2024 21:15:03.306 || Error code IM014 with message [Microsoft][Диспетчер драйверов ODBC] В указанном DSN архитектура драйвера и архитектура приложения не соответствуют друг другу.
28.05.2024 21:15:03.316 || 
FAILED: SQLConnect()
Error code IM014 with message [Microsoft][Диспетчер драйверов ODBC] В указанном DSN архитектура драйвера и архитектура приложения не соответствуют друг другу.
28.05.2024 21:15:03.329 || Error code IM014 with message [Microsoft][Диспетчер драйверов ODBC] В указанном DSN архитектура драйвера и архитектура приложения не соответствуют друг другу.
28.05.2024 21:15:03.338 || 
FAILED: SQLConnect()
Error code IM014 with message [Microsoft][Диспетчер драйверов ODBC] В указанном DSN архитектура драйвера и архитектура приложения не соответствуют друг другу.
28.05.2024 21:15:03.349 || Error code IM014 with message [Microsoft][Диспетчер драйверов ODBC] В указанном DSN архитектура драйвера и архитектура приложения не соответствуют друг другу.
28.05.2024 21:15:03.359 || 
FAILED: SQLConnect()
Error code IM014 with message [Microsoft][Диспетчер драйверов ODBC] В указанном DSN архитектура драйвера и архитектура приложения не соответствуют друг другу.
28.05.2024 21:15:03.370 || Error code IM014 with message [Microsoft][Диспетчер драйверов ODBC] В указанном DSN архитектура драйвера и архитектура приложения не соответствуют друг другу.
28.05.2024 21:15:03.380 || 
FAILED: SQLConnect()
Error code IM014 with message [Microsoft][Диспетчер драйверов ODBC] В указанном DSN архитектура драйвера и архитектура приложения не соответствуют друг другу.
28.05.2024 21:15:03.390 || Error code IM014 with message [Microsoft][Диспетчер драйверов ODBC] В указанном DSN архитектура драйвера и архитектура приложения не соответствуют друг другу.
28.05.2024 21:15:03.400 || 
FAILED: SQLConnect()
Error code IM014 with message [Microsoft][Диспетчер драйверов ODBC] В указанном DSN архитектура драйвера и архитектура приложения не соответствуют друг другу.
28.05.2024 21:15:03.412 || Error code IM014 with message [Microsoft][Диспетчер драйверов ODBC] В указанном DSN архитектура драйвера и архитектура приложения не соответствуют друг другу.
28.05.2024 21:15:03.424 || 
FAILED: SQLConnect()
Error code IM014 with message [Microsoft][Диспетчер драйверов ODBC] В указанном DSN архитектура драйвера и архитектура приложения не соответствуют друг другу.
28.05.2024 21:15:03.438 || Error code IM014 with message [Microsoft][Диспетчер драйверов ODBC] В указанном DSN архитектура драйвера и архитектура приложения не соответствуют друг другу.
28.05.2024 21:15:03.450 || 
FAILED: SQLConnect()
Error code IM014 with message [Microsoft][Диспетчер драйверов ODBC] В указанном DSN архитектура драйвера и архитектура приложения не соответствуют друг другу.
28.05.2024 21:15:03.465 || Error code IM014 with message [Microsoft][Диспетчер драйверов ODBC] В указанном DSN архитектура драйвера и архитектура приложения не соответствуют друг другу.
28.05.2024 21:15:03.477 || 
FAILED: SQLConnect()
Error code IM014 with message [Microsoft][Диспетчер драйверов ODBC] В указанном DSN архитектура драйвера и архитектура приложения не соответствуют друг другу.
28.05.2024 21:15:03.491 || Error code IM014 with message [Microsoft][Диспетчер драйверов ODBC] В указанном DSN архитектура драйвера и архитектура приложения не соответствуют друг другу.
28.05.2024 21:15:03.505 || 
FAILED: SQLConnect()
Error code IM014 with message [Microsoft][Диспетчер драйверов ODBC] В указанном DSN архитектура драйвера и архитектура приложения не соответствуют друг другу.
28.05.2024 21:15:03.518 || Error code IM014 with message [Microsoft][Диспетчер драйверов ODBC] В указанном DSN архитектура драйвера и архитектура приложения не соответствуют друг другу.
28.05.2024 21:15:03.530 || 
FAILED: SQLConnect()
Error code IM014 with message [Microsoft][Диспетчер драйверов ODBC] В указанном DSN архитектура драйвера и архитектура приложения не соответствуют друг другу.
28.05.2024 21:15:03.543 || Error code IM014 with message [Microsoft][Диспетчер драйверов ODBC] В указанном DSN архитектура драйвера и архитектура приложения не соответствуют друг другу.
28.05.2024 21:15:03.555 || 
FAILED: SQLConnect()
Error code IM014 with message [Microsoft][Диспетчер драйверов ODBC] В указанном DSN архитектура драйвера и архитектура приложения не соответствуют друг другу.
28.05.2024 21:15:03.567 || Error code IM014 with message [Microsoft][Диспетчер драйверов ODBC] В указанном DSN архитектура драйвера и архитектура приложения не соответствуют друг другу.
28.05.2024 21:15:03.580 || 
FAILED: SQLConnect()
Error code IM014 with message [Microsoft][Диспетчер драйверов ODBC] В указанном DSN архитектура драйвера и архитектура приложения не соответствуют друг другу.
28.05.2024 21:15:03.593 || Error code IM014 with message [Microsoft][Диспетчер драйверов ODBC] В указанном DSN архитектура драйвера и архитектура приложения не соответствуют друг другу.
28.05.2024 21:15:03.607 || 
FAILED: SQLConnect()
Error code IM014 with message [Microsoft][Диспетчер драйверов ODBC] В указанном DSN архитектура драйвера и архитектура приложения не соответствуют друг другу.
28.05.2024 21:15:03.619 || Error code IM014 with message [Microsoft][Диспетчер драйверов ODBC] В указанном DSN архитектура драйвера и архитектура приложения не соответствуют друг другу.
28.05.2024 21:15:03.632 || 
FAILED: SQLConnect()
Error code IM014 with message [Microsoft][Диспетчер драйверов ODBC] В указанном DSN архитектура драйвера и архитектура приложения не соответствуют друг другу.
28.05.2024 21:15:03.638 || Error code IM014 with message [Microsoft][Диспетчер драйверов ODBC] В указанном DSN архитектура драйвера и архитектура приложения не соответствуют друг другу.
28.05.2024 21:15:03.645 || 
FAILED: SQLConnect()
Error code IM014 with message [Microsoft][Диспетчер драйверов ODBC] В указанном DSN архитектура драйвера и архитектура приложения не соответствуют друг другу.
28.05.2024 21:15:03.654 || Error code IM014 with message [Microsoft][Диспетчер драйверов ODBC] В указанном DSN архитектура драйвера и архитектура приложения не соответствуют друг другу.
28.05.2024 21:15:03.659 || 
FAILED: SQLConnect()
Error code IM014 with message [Microsoft][Диспетчер драйверов ODBC] В указанном DSN архитектура драйвера и архитектура приложения не соответствуют друг другу.
28.05.2024 21:15:03.664 || Error code IM014 with message [Microsoft][Диспетчер драйверов ODBC] В указанном DSN архитектура драйвера и архитектура приложения не соответствуют друг другу.
28.05.2024 21:15:03.671 || 
FAILED: SQLConnect()
Error code IM014 with message [Microsoft][Диспетчер драйверов ODBC] В указанном DSN архитектура драйвера и архитектура приложения не соответствуют друг другу.
28.05.2024 21:15:03.684 || Error code IM014 with message [Microsoft][Диспетчер драйверов ODBC] В указанном DSN архитектура драйвера и архитектура приложения не соответствуют друг другу.
28.05.2024 21:15:03.689 || 
FAILED: SQLConnect()
Error code IM014 with message [Microsoft][Диспетчер драйверов ODBC] В указанном DSN архитектура драйвера и архитектура приложения не соответствуют друг другу.
28.05.2024 21:15:03.695 || Error code IM014 with message [Microsoft][Диспетчер драйверов ODBC] В указанном DSN архитектура драйвера и архитектура приложения не соответствуют друг другу.
28.05.2024 21:15:03.703 || 
FAILED: SQLConnect()
Error code IM014 with message [Microsoft][Диспетчер драйверов ODBC] В указанном DSN архитектура драйвера и архитектура приложения не соответствуют друг другу.
28.05.2024 21:15:03.711 || Error code IM014 with message [Microsoft][Диспетчер драйверов ODBC] В указанном DSN архитектура драйвера и архитектура приложения не соответствуют друг другу.
28.05.2024 21:15:03.731 || 
FAILED: SQLConnect()
Error code IM014 with message [Microsoft][Диспетчер драйверов ODBC] В указанном DSN архитектура драйвера и архитектура приложения не соответствуют друг другу.
28.05.2024 21:15:03.742 || Error code IM014 with message [Microsoft][Диспетчер драйверов ODBC] В указанном DSN архитектура драйвера и архитектура приложения не соответствуют друг другу.
28.05.2024 21:15:03.750 || 
FAILED: SQLConnect()
Error code IM014 with message [Microsoft][Диспетчер драйверов ODBC] В указанном DSN архитектура драйвера и архитектура приложения не соответствуют друг другу.
28.05.2024 21:15:03.760 || Error code IM014 with message [Microsoft][Диспетчер драйверов ODBC] В указанном DSN архитектура драйвера и архитектура приложения не соответствуют друг другу.
28.05.2024 21:15:03.767 || 
FAILED: SQLConnect()
Error code IM014 with message [Microsoft][Диспетчер драйверов ODBC] В указанном DSN архитектура драйвера и архитектура приложения не соответствуют друг другу.
28.05.2024 21:15:03.775 || Error code IM014 with message [Microsoft][Диспетчер драйверов ODBC] В указанном DSN архитектура драйвера и архитектура приложения не соответствуют друг другу.
28.05.2024 21:15:03.780 || 
FAILED: SQLConnect()
Error code IM014 with message [Microsoft][Диспетчер драйверов ODBC] В указанном DSN архитектура драйвера и архитектура приложения не соответствуют друг другу.
28.05.2024 21:15:03.788 || Error code IM014 with message [Microsoft][Диспетчер драйверов ODBC] В указанном DSN архитектура драйвера и архитектура приложения не соответствуют друг другу.
28.05.2024 21:15:03.793 || 
FAILED: SQLConnect()
Error code IM014 with message [Microsoft][Диспетчер драйверов ODBC] В указанном DSN архитектура драйвера и архитектура приложения не соответствуют друг другу.
28.05.2024 21:15:03.799 || Error code IM014 with message [Microsoft][Диспетчер драйверов ODBC] В указанном DSN архитектура драйвера и архитектура приложения не соответствуют друг другу.
28.05.2024 21:15:03.807 || 
FAILED: SQLConnect()
Error code IM014 with message [Microsoft][Диспетчер драйверов ODBC] В указанном DSN архитектура драйвера и архитектура приложения не соответствуют друг другу.
28.05.2024 21:15:03.815 || Error code IM014 with message [Microsoft][Диспетчер драйверов ODBC] В указанном DSN архитектура драйвера и архитектура приложения не соответствуют друг другу.
28.05.2024 21:15:03.823 || 
FAILED: SQLConnect()
Error code IM014 with message [Microsoft][Диспетчер драйверов ODBC] В указанном DSN архитектура драйвера и архитектура приложения не соответствуют друг другу.
28.05.2024 21:15:03.830 || Error code IM014 with message [Microsoft][Диспетчер драйверов ODBC] В указанном DSN архитектура драйвера и архитектура приложения не соответствуют друг другу.
28.05.2024 21:15:03.838 || 
FAILED: SQLConnect()
Error code IM014 with message [Microsoft][Диспетчер драйверов ODBC] В указанном DSN архитектура драйвера и архитектура приложения не соответствуют друг другу.
28.05.2024 21:15:03.846 || Error code IM014 with message [Microsoft][Диспетчер драйверов ODBC] В указанном DSN архитектура драйвера и архитектура приложения не соответствуют друг другу.
28.05.2024 21:15:03.854 || 
FAILED: SQLConnect()
Error code IM014 with message [Microsoft][Диспетчер драйверов ODBC] В указанном DSN архитектура драйвера и архитектура приложения не соответствуют друг другу.
28.05.2024 21:15:03.861 || Error code IM014 with message [Microsoft][Диспетчер драйверов ODBC] В указанном DSN архитектура драйвера и архитектура приложения не соответствуют друг другу.
28.05.2024 21:15:03.869 || 
FAILED: SQLConnect()
Error code IM014 with message [Microsoft][Диспетчер драйверов ODBC] В указанном DSN архитектура драйвера и архитектура приложения не соответствуют друг другу.
28.05.2024 21:15:03.877 || Error code IM014 with message [Microsoft][Диспетчер драйверов ODBC] В указанном DSN архитектура драйвера и архитектура приложения не соответствуют друг другу.
28.05.2024 21:15:03.885 || 
FAILED: SQLConnect()
Error code IM014 with message [Microsoft][Диспетчер драйверов ODBC] В указанном DSN архитектура драйвера и архитектура приложения не соответствуют друг другу.
28.05.2024 21:15:03.893 || Error code IM014 with message [Microsoft][Диспетчер драйверов ODBC] В указанном DSN архитектура драйвера и архитектура приложения не соответствуют друг другу.
28.05.2024 21:15:03.901 || 
FAILED: SQLConnect()
Error code IM014 with message [Microsoft][Диспетчер драйверов ODBC] В указанном DSN архитектура драйвера и архитектура приложения не соответствуют друг другу.
28.05.2024 21:15:03.914 || Error code IM014 with message [Microsoft][Диспетчер драйверов ODBC] В указанном DSN архитектура драйвера и архитектура приложения не соответствуют друг другу.
28.05.2024 21:15:03.922 || 
FAILED: SQLConnect()
Error code IM014 with message [Microsoft][Диспетчер драйверов ODBC] В указанном DSN архитектура драйвера и архитектура приложения не соответствуют друг другу.
28.05.2024 21:15:04.001 || Error code IM014 with message [Microsoft][Диспетчер драйверов ODBC] В указанном DSN архитектура драйвера и архитектура приложения не соответствуют друг другу.
28.05.2024 21:15:04.013 || 
FAILED: SQLConnect()
Error code IM014 with message [Microsoft][Диспетчер драйверов ODBC] В указанном DSN архитектура драйвера и архитектура приложения не соответствуют друг другу.
28.05.2024 21:15:04.026 || Error code IM014 with message [Microsoft][Диспетчер драйверов ODBC] В указанном DSN архитектура драйвера и архитектура приложения не соответствуют друг другу.
28.05.2024 21:15:04.039 || 
FAILED: SQLConnect()
Error code IM014 with message [Microsoft][Диспетчер драйверов ODBC] В указанном DSN архитектура драйвера и архитектура приложения не соответствуют друг другу.
28.05.2024 21:15:04.055 || Error code IM014 with message [Microsoft][Диспетчер драйверов ODBC] В указанном DSN архитектура драйвера и архитектура приложения не соответствуют друг другу.
28.05.2024 21:15:04.070 || 
FAILED: SQLConnect()
Error code IM014 with message [Microsoft][Диспетчер драйверов ODBC] В указанном DSN архитектура драйвера и архитектура приложения не соответствуют друг другу.
28.05.2024 21:15:04.079 || Error code IM014 with message [Microsoft][Диспетчер драйверов ODBC] В указанном DSN архитектура драйвера и архитектура приложения не соответствуют друг другу.
28.05.2024 21:15:04.088 || 
FAILED: SQLConnect()
Error code IM014 with message [Microsoft][Диспетчер драйверов ODBC] В указанном DSN архитектура драйвера и архитектура приложения не соответствуют друг другу.
28.05.2024 21:15:04.098 || Error code IM014 with message [Microsoft][Диспетчер драйверов ODBC] В указанном DSN архитектура драйвера и архитектура приложения не соответствуют друг другу.
28.05.2024 21:15:04.107 || 
FAILED: SQLConnect()
Error code IM014 with message [Microsoft][Диспетчер драйверов ODBC] В указанном DSN архитектура драйвера и архитектура приложения не соответствуют друг другу.
28.05.2024 21:15:04.116 || Error code IM014 with message [Microsoft][Диспетчер драйверов ODBC] В указанном DSN архитектура драйвера и архитектура приложения не соответствуют друг другу.
28.05.2024 21:15:04.123 || 
FAILED: SQLConnect()
Error code IM014 with message [Microsoft][Диспетчер драйверов ODBC] В указанном DSN архитектура драйвера и архитектура приложения не соответствуют друг другу.
28.05.2024 21:15:04.132 || Error code IM014 with message [Microsoft][Диспетчер драйверов ODBC] В указанном DSN архитектура драйвера и архитектура приложения не соответствуют друг другу.
28.05.2024 21:15:04.140 || 
FAILED: SQLConnect()
Error code IM014 with message [Microsoft][Диспетчер драйверов ODBC] В указанном DSN архитектура драйвера и архитектура приложения не соответствуют друг другу.
28.05.2024 21:15:04.150 || Error code IM014 with message [Microsoft][Диспетчер драйверов ODBC] В указанном DSN архитектура драйвера и архитектура приложения не соответствуют друг другу.
28.05.2024 21:15:04.160 || 
FAILED: SQLConnect()
Error code IM014 with message [Microsoft][Диспетчер драйверов ODBC] В указанном DSN архитектура драйвера и архитектура приложения не соответствуют друг другу.
28.05.2024 21:15:04.168 || Error code IM014 with message [Microsoft][Диспетчер драйверов ODBC] В указанном DSN архитектура драйвера и архитектура приложения не соответствуют друг другу.
28.05.2024 21:15:04.176 || 
FAILED: SQLConnect()
Error code IM014 with message [Microsoft][Диспетчер драйверов ODBC] В указанном DSN архитектура драйвера и архитектура приложения не соответствуют друг другу.
28.05.2024 21:15:04.184 || Error code IM014 with message [Microsoft][Диспетчер драйверов ODBC] В указанном DSN архитектура драйвера и архитектура приложения не соответствуют друг другу.
28.05.2024 21:15:04.192 || 
FAILED: SQLConnect()
Error code IM014 with message [Microsoft][Диспетчер драйверов ODBC] В указанном DSN архитектура драйвера и архитектура приложения не соответствуют друг другу.
28.05.2024 21:15:04.202 || Error code IM014 with message [Microsoft][Диспетчер драйверов ODBC] В указанном DSN архитектура драйвера и архитектура приложения не соответствуют друг другу.
28.05.2024 21:15:04.232 || 
FAILED: SQLConnect()
Error code IM014 with message [Microsoft][Диспетчер драйверов ODBC] В указанном DSN архитектура драйвера и архитектура приложения не соответствуют друг другу.
28.05.2024 21:15:04.242 || Error code IM014 with message [Microsoft][Диспетчер драйверов ODBC] В указанном DSN архитектура драйвера и архитектура приложения не соответствуют друг другу.
28.05.2024 21:15:04.250 || 
FAILED: SQLConnect()
Error code IM014 with message [Microsoft][Диспетчер драйверов ODBC] В указанном DSN архитектура драйвера и архитектура приложения не соответствуют друг другу.
28.05.2024 21:15:04.260 || Error code IM014 with message [Microsoft][Диспетчер драйверов ODBC] В указанном DSN архитектура драйвера и архитектура приложения не соответствуют друг другу.
28.05.2024 21:15:04.266 || 
FAILED: SQLConnect()
Error code IM014 with message [Microsoft][Диспетчер драйверов ODBC] В указанном DSN архитектура драйвера и архитектура приложения не соответствуют друг другу.
28.05.2024 21:15:04.273 || Error code IM014 with message [Microsoft][Диспетчер драйверов ODBC] В указанном DSN архитектура драйвера и архитектура приложения не соответствуют друг другу.
28.05.2024 21:15:04.280 || 
FAILED: SQLConnect()
Error code IM014 with message [Microsoft][Диспетчер драйверов ODBC] В указанном DSN архитектура драйвера и архитектура приложения не соответствуют друг другу.
28.05.2024 21:15:04.288 || Error code IM014 with message [Microsoft][Диспетчер драйверов ODBC] В указанном DSN архитектура драйвера и архитектура приложения не соответствуют друг другу.
28.05.2024 21:15:04.295 || 
FAILED: SQLConnect()
Error code IM014 with message [Microsoft][Диспетчер драйверов ODBC] В указанном DSN архитектура драйвера и архитектура приложения не соответствуют друг другу.
28.05.2024 21:15:04.304 || Error code IM014 with message [Microsoft][Диспетчер драйверов ODBC] В указанном DSN архитектура драйвера и архитектура приложения не соответствуют друг другу.
28.05.2024 21:15:04.309 || 
FAILED: SQLConnect()
Error code IM014 with message [Microsoft][Диспетчер драйверов ODBC] В указанном DSN архитектура драйвера и архитектура приложения не соответствуют друг другу.
28.05.2024 21:15:04.317 || Error code IM014 with message [Microsoft][Диспетчер драйверов ODBC] В указанном DSN архитектура драйвера и архитектура приложения не соответствуют друг другу.
28.05.2024 21:15:04.325 || 
FAILED: SQLConnect()
Error code IM014 with message [Microsoft][Диспетчер драйверов ODBC] В указанном DSN архитектура драйвера и архитектура приложения не соответствуют друг другу.
28.05.2024 21:15:04.333 || Error code IM014 with message [Microsoft][Диспетчер драйверов ODBC] В указанном DSN архитектура драйвера и архитектура приложения не соответствуют друг другу.
28.05.2024 21:15:04.338 || 
FAILED: SQLConnect()
Error code IM014 with message [Microsoft][Диспетчер драйверов ODBC] В указанном DSN архитектура драйвера и архитектура приложения не соответствуют друг другу.
28.05.2024 21:15:04.343 || Error code IM014 with message [Microsoft][Диспетчер драйверов ODBC] В указанном DSN архитектура драйвера и архитектура приложения не соответствуют друг другу.
28.05.2024 21:15:04.349 || 
FAILED: SQLConnect()
Error code IM014 with message [Microsoft][Диспетчер драйверов ODBC] В указанном DSN архитектура драйвера и архитектура приложения не соответствуют друг другу.
28.05.2024 21:15:04.358 || Error code IM014 with message [Microsoft][Диспетчер драйверов ODBC] В указанном DSN архитектура драйвера и архитектура приложения не соответствуют друг другу.
28.05.2024 21:15:04.366 || 
FAILED: SQLConnect()
Error code IM014 with message [Microsoft][Диспетчер драйверов ODBC] В указанном DSN архитектура драйвера и архитектура приложения не соответствуют друг другу.
28.05.2024 21:15:04.374 || Error code IM014 with message [Microsoft][Диспетчер драйверов ODBC] В указанном DSN архитектура драйвера и архитектура приложения не соответствуют друг другу.
28.05.2024 21:15:04.380 || 
FAILED: SQLConnect()
Error code IM014 with message [Microsoft][Диспетчер драйверов ODBC] В указанном DSN архитектура драйвера и архитектура приложения не соответствуют друг другу.
28.05.2024 21:15:04.391 || Error code IM014 with message [Microsoft][Диспетчер драйверов ODBC] В указанном DSN архитектура драйвера и архитектура приложения не соответствуют друг другу.
28.05.2024 21:15:04.423 || 
FAILED: SQLConnect()
Error code IM014 with message [Microsoft][Диспетчер драйверов ODBC] В указанном DSN архитектура драйвера и архитектура приложения не соответствуют друг другу.
28.05.2024 21:15:04.453 || Error code IM014 with message [Microsoft][Диспетчер драйверов ODBC] В указанном DSN архитектура драйвера и архитектура приложения не соответствуют друг другу.
28.05.2024 21:15:04.484 || 
FAILED: SQLConnect()
Error code IM014 with message [Microsoft][Диспетчер драйверов ODBC] В указанном DSN архитектура драйвера и архитектура приложения не соответствуют друг другу.
28.05.2024 21:15:04.513 || Error code IM014 with message [Microsoft][Диспетчер драйверов ODBC] В указанном DSN архитектура драйвера и архитектура приложения не соответствуют друг другу.
28.05.2024 21:15:04.541 || 
FAILED: SQLConnect()
Error code IM014 with message [Microsoft][Диспетчер драйверов ODBC] В указанном DSN архитектура драйвера и архитектура приложения не соответствуют друг другу.
28.05.2024 21:15:04.574 || Error code IM014 with message [Microsoft][Диспетчер драйверов ODBC] В указанном DSN архитектура драйвера и архитектура приложения не соответствуют друг другу.
28.05.2024 21:15:04.608 || 
FAILED: SQLConnect()
Error code IM014 with message [Microsoft][Диспетчер драйверов ODBC] В указанном DSN архитектура драйвера и архитектура приложения не соответствуют друг другу.
28.05.2024 21:15:04.634 || Error code IM014 with message [Microsoft][Диспетчер драйверов ODBC] В указанном DSN архитектура драйвера и архитектура приложения не соответствуют друг другу.
28.05.2024 21:15:04.660 || 
FAILED: SQLConnect()
Error code IM014 with message [Microsoft][Диспетчер драйверов ODBC] В указанном DSN архитектура драйвера и архитектура приложения не соответствуют друг другу.
28.05.2024 21:15:04.684 || Error code IM014 with message [Microsoft][Диспетчер драйверов ODBC] В указанном DSN архитектура драйвера и архитектура приложения не соответствуют друг другу.
28.05.2024 21:15:04.717 || 
FAILED: SQLConnect()
Error code IM014 with message [Microsoft][Диспетчер драйверов ODBC] В указанном DSN архитектура драйвера и архитектура приложения не соответствуют друг другу.
28.05.2024 21:15:04.752 || Error code IM014 with message [Microsoft][Диспетчер драйверов ODBC] В указанном DSN архитектура драйвера и архитектура приложения не соответствуют друг другу.
28.05.2024 21:15:04.779 || 
FAILED: SQLConnect()
Error code IM014 with message [Microsoft][Диспетчер драйверов ODBC] В указанном DSN архитектура драйвера и архитектура приложения не соответствуют друг другу.
28.05.2024 21:15:04.804 || Error code IM014 with message [Microsoft][Диспетчер драйверов ODBC] В указанном DSN архитектура драйвера и архитектура приложения не соответствуют друг другу.
28.05.2024 21:15:04.834 || 
FAILED: SQLConnect()
Error code IM014 with message [Microsoft][Диспетчер драйверов ODBC] В указанном DSN архитектура драйвера и архитектура приложения не соответствуют друг другу.
28.05.2024 21:15:04.862 || Error code IM014 with message [Microsoft][Диспетчер драйверов ODBC] В указанном DSN архитектура драйвера и архитектура приложения не соответствуют друг другу.
28.05.2024 21:15:04.886 || 
FAILED: SQLConnect()
Error code IM014 with message [Microsoft][Диспетчер драйверов ODBC] В указанном DSN архитектура драйвера и архитектура приложения не соответствуют друг другу.
28.05.2024 21:15:04.913 || Error code IM014 with message [Microsoft][Диспетчер драйверов ODBC] В указанном DSN архитектура драйвера и архитектура приложения не соответствуют друг другу.
28.05.2024 21:15:04.938 || 
FAILED: SQLConnect()
Error code IM014 with message [Microsoft][Диспетчер драйверов ODBC] В указанном DSN архитектура драйвера и архитектура приложения не соответствуют друг другу.
28.05.2024 21:15:04.963 || Error code IM014 with message [Microsoft][Диспетчер драйверов ODBC] В указанном DSN архитектура драйвера и архитектура приложения не соответствуют друг другу.
28.05.2024 21:15:04.988 || 
FAILED: SQLConnect()
Error code IM014 with message [Microsoft][Диспетчер драйверов ODBC] В указанном DSN архитектура драйвера и архитектура приложения не соответствуют друг другу.
28.05.2024 21:15:05.012 || Error code IM014 with message [Microsoft][Диспетчер драйверов ODBC] В указанном DSN архитектура драйвера и архитектура приложения не соответствуют друг другу.
28.05.2024 21:15:05.036 || 
FAILED: SQLConnect()
Error code IM014 with message [Microsoft][Диспетчер драйверов ODBC] В указанном DSN архитектура драйвера и архитектура приложения не соответствуют друг другу.
28.05.2024 21:15:05.061 || Error code IM014 with message [Microsoft][Диспетчер драйверов ODBC] В указанном DSN архитектура драйвера и архитектура приложения не соответствуют друг другу.
28.05.2024 21:15:05.086 || 
FAILED: SQLConnect()
Error code IM014 with message [Microsoft][Диспетчер драйверов ODBC] В указанном DSN архитектура драйвера и архитектура приложения не соответствуют друг другу.
28.05.2024 21:15:05.121 || Error code IM014 with message [Microsoft][Диспетчер драйверов ODBC] В указанном DSN архитектура драйвера и архитектура приложения не соответствуют друг другу.
28.05.2024 21:15:05.148 || 
FAILED: SQLConnect()
Error code IM014 with message [Microsoft][Диспетчер драйверов ODBC] В указанном DSN архитектура драйвера и архитектура приложения не соответствуют друг другу.
28.05.2024 21:15:05.176 || Error code IM014 with message [Microsoft][Диспетчер драйверов ODBC] В указанном DSN архитектура драйвера и архитектура приложения не соответствуют друг другу.
28.05.2024 21:15:05.185 || 
FAILED: SQLConnect()
Error code IM014 with message [Microsoft][Диспетчер драйверов ODBC] В указанном DSN архитектура драйвера и архитектура приложения не соответствуют друг другу.
28.05.2024 21:15:05.193 || Error code IM014 with message [Microsoft][Диспетчер драйверов ODBC] В указанном DSN архитектура драйвера и архитектура приложения не соответствуют друг другу.
28.05.2024 21:15:05.202 || 
FAILED: SQLConnect()
Error code IM014 with message [Microsoft][Диспетчер драйверов ODBC] В указанном DSN архитектура драйвера и архитектура приложения не соответствуют друг другу.
28.05.2024 21:15:05.210 || Error code IM014 with message [Microsoft][Диспетчер драйверов ODBC] В указанном DSN архитектура драйвера и архитектура приложения не соответствуют друг другу.
28.05.2024 21:15:05.217 || 
FAILED: SQLConnect()
Error code IM014 with message [Microsoft][Диспетчер драйверов ODBC] В указанном DSN архитектура драйвера и архитектура приложения не соответствуют друг другу.
28.05.2024 21:15:05.227 || Error code IM014 with message [Microsoft][Диспетчер драйверов ODBC] В указанном DSN архитектура драйвера и архитектура приложения не соответствуют друг другу.
28.05.2024 21:15:05.236 || 
FAILED: SQLConnect()
Error code IM014 with message [Microsoft][Диспетчер драйверов ODBC] В указанном DSN архитектура драйвера и архитектура приложения не соответствуют друг другу.
28.05.2024 21:15:05.242 || Error code IM014 with message [Microsoft][Диспетчер драйверов ODBC] В указанном DSN архитектура драйвера и архитектура приложения не соответствуют друг другу.
28.05.2024 21:15:05.247 || 
FAILED: SQLConnect()
Error code IM014 with message [Microsoft][Диспетчер драйверов ODBC] В указанном DSN архитектура драйвера и архитектура приложения не соответствуют друг другу.
28.05.2024 21:15:05.254 || Error code IM014 with message [Microsoft][Диспетчер драйверов ODBC] В указанном DSN архитектура драйвера и архитектура приложения не соответствуют друг другу.
28.05.2024 21:15:05.260 || 
FAILED: SQLConnect()
Error code IM014 with message [Microsoft][Диспетчер драйверов ODBC] В указанном DSN архитектура драйвера и архитектура приложения не соответствуют друг другу.
28.05.2024 21:15:05.267 || Error code IM014 with message [Microsoft][Диспетчер драйверов ODBC] В указанном DSN архитектура драйвера и архитектура приложения не соответствуют друг другу.
28.05.2024 21:15:05.273 || 
FAILED: SQLConnect()
Error code IM014 with message [Microsoft][Диспетчер драйверов ODBC] В указанном DSN архитектура драйвера и архитектура приложения не соответствуют друг другу.
28.05.2024 21:15:05.280 || Error code IM014 with message [Microsoft][Диспетчер драйверов ODBC] В указанном DSN архитектура драйвера и архитектура приложения не соответствуют друг другу.
28.05.2024 21:15:05.285 || 
FAILED: SQLConnect()
Error code IM014 with message [Microsoft][Диспетчер драйверов ODBC] В указанном DSN архитектура драйвера и архитектура приложения не соответствуют друг другу.
28.05.2024 21:15:05.292 || Error code IM014 with message [Microsoft][Диспетчер драйверов ODBC] В указанном DSN архитектура драйвера и архитектура приложения не соответствуют друг другу.
28.05.2024 21:15:05.310 || 
FAILED: SQLConnect()
Error code IM014 with message [Microsoft][Диспетчер драйверов ODBC] В указанном DSN архитектура драйвера и архитектура приложения не соответствуют друг другу.
28.05.2024 21:15:05.327 || Error code IM014 with message [Microsoft][Диспетчер драйверов ODBC] В указанном DSN архитектура драйвера и архитектура приложения не соответствуют друг другу.
28.05.2024 21:15:05.343 || 
FAILED: SQLConnect()
Error code IM014 with message [Microsoft][Диспетчер драйверов ODBC] В указанном DSN архитектура драйвера и архитектура приложения не соответствуют друг другу.
28.05.2024 21:15:05.359 || Error code IM014 with message [Microsoft][Диспетчер драйверов ODBC] В указанном DSN архитектура драйвера и архитектура приложения не соответствуют друг другу.
28.05.2024 21:15:05.375 || 
FAILED: SQLConnect()
Error code IM014 with message [Microsoft][Диспетчер драйверов ODBC] В указанном DSN архитектура драйвера и архитектура приложения не соответствуют друг другу.
28.05.2024 21:15:05.391 || Error code IM014 with message [Microsoft][Диспетчер драйверов ODBC] В указанном DSN архитектура драйвера и архитектура приложения не соответствуют друг другу.
28.05.2024 21:15:05.408 || 
FAILED: SQLConnect()
Error code IM014 with message [Microsoft][Диспетчер драйверов ODBC] В указанном DSN архитектура драйвера и архитектура приложения не соответствуют друг другу.
28.05.2024 21:15:05.425 || Error code IM014 with message [Microsoft][Диспетчер драйверов ODBC] В указанном DSN архитектура драйвера и архитектура приложения не соответствуют друг другу.
28.05.2024 21:15:05.440 || 
FAILED: SQLConnect()
Error code IM014 with message [Microsoft][Диспетчер драйверов ODBC] В указанном DSN архитектура драйвера и архитектура приложения не соответствуют друг другу.
28.05.2024 21:15:05.457 || Error code IM014 with message [Microsoft][Диспетчер драйверов ODBC] В указанном DSN архитектура драйвера и архитектура приложения не соответствуют друг другу.
28.05.2024 21:15:05.472 || 
FAILED: SQLConnect()
Error code IM014 with message [Microsoft][Диспетчер драйверов ODBC] В указанном DSN архитектура драйвера и архитектура приложения не соответствуют друг другу.
28.05.2024 21:15:05.492 || Error code IM014 with message [Microsoft][Диспетчер драйверов ODBC] В указанном DSN архитектура драйвера и архитектура приложения не соответствуют друг другу.
28.05.2024 21:15:05.508 || 
FAILED: SQLConnect()
Error code IM014 with message [Microsoft][Диспетчер драйверов ODBC] В указанном DSN архитектура драйвера и архитектура приложения не соответствуют друг другу.
28.05.2024 21:15:05.525 || Error code IM014 with message [Microsoft][Диспетчер драйверов ODBC] В указанном DSN архитектура драйвера и архитектура приложения не соответствуют друг другу.
28.05.2024 21:15:05.542 || 
FAILED: SQLConnect()
Error code IM014 with message [Microsoft][Диспетчер драйверов ODBC] В указанном DSN архитектура драйвера и архитектура приложения не соответствуют друг другу.
28.05.2024 21:15:05.558 || Error code IM014 with message [Microsoft][Диспетчер драйверов ODBC] В указанном DSN архитектура драйвера и архитектура приложения не соответствуют друг другу.
28.05.2024 21:15:05.574 || 
FAILED: SQLConnect()
Error code IM014 with message [Microsoft][Диспетчер драйверов ODBC] В указанном DSN архитектура драйвера и архитектура приложения не соответствуют друг другу.
28.05.2024 21:15:05.583 || Error code IM014 with message [Microsoft][Диспетчер драйверов ODBC] В указанном DSN архитектура драйвера и архитектура приложения не соответствуют друг другу.
28.05.2024 21:15:05.591 || 
FAILED: SQLConnect()
Error code IM014 with message [Microsoft][Диспетчер драйверов ODBC] В указанном DSN архитектура драйвера и архитектура приложения не соответствуют друг другу.
28.05.2024 21:15:05.600 || Error code IM014 with message [Microsoft][Диспетчер драйверов ODBC] В указанном DSN архитектура драйвера и архитектура приложения не соответствуют друг другу.
28.05.2024 21:15:05.609 || 
FAILED: SQLConnect()
Error code IM014 with message [Microsoft][Диспетчер драйверов ODBC] В указанном DSN архитектура драйвера и архитектура приложения не соответствуют друг другу.
28.05.2024 21:15:05.617 || Error code IM014 with message [Microsoft][Диспетчер драйверов ODBC] В указанном DSN архитектура драйвера и архитектура приложения не соответствуют друг другу.
28.05.2024 21:15:05.624 || 
FAILED: SQLConnect()
Error code IM014 with message [Microsoft][Диспетчер драйверов ODBC] В указанном DSN архитектура драйвера и архитектура приложения не соответствуют друг другу.
28.05.2024 21:15:05.632 || Error code IM014 with message [Microsoft][Диспетчер драйверов ODBC] В указанном DSN архитектура драйвера и архитектура приложения не соответствуют друг другу.
28.05.2024 21:15:05.639 || 
FAILED: SQLConnect()
Error code IM014 with message [Microsoft][Диспетчер драйверов ODBC] В указанном DSN архитектура драйвера и архитектура приложения не соответствуют друг другу.
28.05.2024 21:15:05.648 || Error code IM014 with message [Microsoft][Диспетчер драйверов ODBC] В указанном DSN архитектура драйвера и архитектура приложения не соответствуют друг другу.
28.05.2024 21:15:05.656 || 
FAILED: SQLConnect()
Error code IM014 with message [Microsoft][Диспетчер драйверов ODBC] В указанном DSN архитектура драйвера и архитектура приложения не соответствуют друг другу.
28.05.2024 21:15:05.662 || Error code IM014 with message [Microsoft][Диспетчер драйверов ODBC] В указанном DSN архитектура драйвера и архитектура приложения не соответствуют друг другу.
28.05.2024 21:15:05.671 || 
FAILED: SQLConnect()
Error code IM014 with message [Microsoft][Диспетчер драйверов ODBC] В указанном DSN архитектура драйвера и архитектура приложения не соответствуют друг другу.
28.05.2024 21:15:05.679 || Error code IM014 with message [Microsoft][Диспетчер драйверов ODBC] В указанном DSN архитектура драйвера и архитектура приложения не соответствуют друг другу.
28.05.2024 21:15:05.687 || 
FAILED: SQLConnect()
Error code IM014 with message [Microsoft][Диспетчер драйверов ODBC] В указанном DSN архитектура драйвера и архитектура приложения не соответствуют друг другу.
28.05.2024 21:15:05.696 || Error code IM014 with message [Microsoft][Диспетчер драйверов ODBC] В указанном DSN архитектура драйвера и архитектура приложения не соответствуют друг другу.
28.05.2024 21:15:05.703 || 
FAILED: SQLConnect()
Error code IM014 with message [Microsoft][Диспетчер драйверов ODBC] В указанном DSN архитектура драйвера и архитектура приложения не соответствуют друг другу.
28.05.2024 21:15:05.710 || Error code IM014 with message [Microsoft][Диспетчер драйверов ODBC] В указанном DSN архитектура драйвера и архитектура приложения не соответствуют друг другу.
28.05.2024 21:15:05.719 || 
FAILED: SQLConnect()
Error code IM014 with message [Microsoft][Диспетчер драйверов ODBC] В указанном DSN архитектура драйвера и архитектура приложения не соответствуют друг другу.
28.05.2024 21:15:05.729 || Error code IM014 with message [Microsoft][Диспетчер драйверов ODBC] В указанном DSN архитектура драйвера и архитектура приложения не соответствуют друг другу.
28.05.2024 21:15:05.737 || 
FAILED: SQLConnect()
Error code IM014 with message [Microsoft][Диспетчер драйверов ODBC] В указанном DSN архитектура драйвера и архитектура приложения не соответствуют друг другу.
28.05.2024 21:15:05.745 || Error code IM014 with message [Microsoft][Диспетчер драйверов ODBC] В указанном DSN архитектура драйвера и архитектура приложения не соответствуют друг другу.
28.05.2024 21:15:05.750 || 
FAILED: SQLConnect()
Error code IM014 with message [Microsoft][Диспетчер драйверов ODBC] В указанном DSN архитектура драйвера и архитектура приложения не соответствуют друг другу.
28.05.2024 21:15:05.758 || Error code IM014 with message [Microsoft][Диспетчер драйверов ODBC] В указанном DSN архитектура драйвера и архитектура приложения не соответствуют друг другу.
28.05.2024 21:15:05.765 || 
FAILED: SQLConnect()
Error code IM014 with message [Microsoft][Диспетчер драйверов ODBC] В указанном DSN архитектура драйвера и архитектура приложения не соответствуют друг другу.
28.05.2024 21:15:05.772 || Error code IM014 with message [Microsoft][Диспетчер драйверов ODBC] В указанном DSN архитектура драйвера и архитектура приложения не соответствуют друг другу.
28.05.2024 21:15:05.778 || 
FAILED: SQLConnect()
Error code IM014 with message [Microsoft][Диспетчер драйверов ODBC] В указанном DSN архитектура драйвера и архитектура приложения не соответствуют друг другу.
28.05.2024 21:15:05.784 || Error code IM014 with message [Microsoft][Диспетчер драйверов ODBC] В указанном DSN архитектура драйвера и архитектура приложения не соответствуют друг другу.
28.05.2024 21:15:05.790 || 
FAILED: SQLConnect()
Error code IM014 with message [Microsoft][Диспетчер драйверов ODBC] В указанном DSN архитектура драйвера и архитектура приложения не соответствуют друг другу.
