
▓ Программа: "vip.exe"  Время запуска: 15:54:31 16/02/2024
▓ Исполняемый модуль: "C:\Galaktika\ATL6\Update_10.1.2230\support\vip.exe"
▓ Система: Windows NT

Контекст исполнения ".SysUser"
Потеряно хип-контекстов: 1

Менеджер динамической памяти ".SysUserHeap(.SysUser)"
Потеряно блоков: 159, байтов: 3544


▓ Программа: "vip.exe"  Время запуска: 10:29:51 21/02/2024
▓ Исполняемый модуль: "C:\Galaktika\ATL6\Update_10.1.2230\support\vip.exe"
▓ Система: Windows NT

Контекст исполнения ".SysUser"
Потеряно хип-контекстов: 1

Менеджер динамической памяти ".SysUserHeap(.SysUser)"
Потеряно блоков: 159, байтов: 3616


▓ Программа: "vip.exe"  Время запуска: 14:42:25 22/02/2024
▓ Исполняемый модуль: "C:\Galaktika\ATL6\Update_10.1.2230\support\vip.exe"
▓ Система: Windows NT

Контекст исполнения ".SysUser"
Потеряно хип-контекстов: 1

Менеджер динамической памяти ".SysUserHeap(.SysUser)"
Потеряно блоков: 159, байтов: 3580


▓ Программа: "vip.exe"  Время запуска: 15:22:22 22/02/2024
▓ Исполняемый модуль: "C:\Galaktika\ATL6\Update_10.1.2230\support\vip.exe"
▓ Система: Windows NT

Контекст исполнения ".SysUser"
Потеряно хип-контекстов: 1

Менеджер динамической памяти ".SysUserHeap(.SysUser)"
Потеряно блоков: 159, байтов: 3592


▓ Программа: "vip.exe"  Время запуска: 15:22:38 22/02/2024
▓ Исполняемый модуль: "C:\Galaktika\ATL6\Update_10.1.2230\support\vip.exe"
▓ Система: Windows NT

Контекст исполнения ".SysUser"
Потеряно хип-контекстов: 1

Менеджер динамической памяти ".SysUserHeap(.SysUser)"
Потеряно блоков: 159, байтов: 3580


▓ Программа: "vip.exe"  Время запуска: 15:25:05 22/02/2024
▓ Исполняемый модуль: "C:\Galaktika\ATL6\Update_10.1.2230\support\vip.exe"
▓ Система: Windows NT

Контекст исполнения ".SysUser"
Потеряно хип-контекстов: 1

Менеджер динамической памяти ".SysUserHeap(.SysUser)"
Потеряно блоков: 159, байтов: 3592


▓ Программа: "vip.exe"  Время запуска: 15:57:18 22/02/2024
▓ Исполняемый модуль: "C:\Galaktika\ATL6\Update_10.1.2230\support\vip.exe"
▓ Система: Windows NT

Контекст исполнения ".SysUser"
Потеряно хип-контекстов: 1

Менеджер динамической памяти ".SysUserHeap(.SysUser)"
Потеряно блоков: 171, байтов: 3800


▓ Программа: "vip.exe"  Время запуска: 16:49:35 22/02/2024
▓ Исполняемый модуль: "C:\Galaktika\ATL6\Update_10.1.2230\support\vip.exe"
▓ Система: Windows NT

Контекст исполнения ".SysUser"
Потеряно хип-контекстов: 1

Менеджер динамической памяти ".SysUserHeap(.SysUser)"
Потеряно блоков: 172, байтов: 3716


▓ Программа: "vip.exe"  Время запуска: 16:51:43 22/02/2024
▓ Исполняемый модуль: "C:\Galaktika\ATL6\Update_10.1.2230\support\vip.exe"
▓ Система: Windows NT

Контекст исполнения ".SysUser"
Потеряно хип-контекстов: 1

Менеджер динамической памяти ".SysUserHeap(.SysUser)"
Потеряно блоков: 172, байтов: 3800


▓ Программа: "vip.exe"  Время запуска: 16:54:06 22/02/2024
▓ Исполняемый модуль: "C:\Galaktika\ATL6\Update_10.1.2230\support\vip.exe"
▓ Система: Windows NT

Контекст исполнения ".SysUser"
Потеряно хип-контекстов: 1

Менеджер динамической памяти ".SysUserHeap(.SysUser)"
Потеряно блоков: 172, байтов: 3812


▓ Программа: "vip.exe"  Время запуска: 16:57:10 22/02/2024
▓ Исполняемый модуль: "C:\Galaktika\ATL6\Update_10.1.2230\support\vip.exe"
▓ Система: Windows NT

Контекст исполнения ".SysUser"
Потеряно хип-контекстов: 1

Менеджер динамической памяти ".SysUserHeap(.SysUser)"
Потеряно блоков: 172, байтов: 3768


▓ Программа: "vip.exe"  Время запуска: 17:25:31 22/02/2024
▓ Исполняемый модуль: "C:\Galaktika\ATL6\Update_10.1.2230\support\vip.exe"
▓ Система: Windows NT

Контекст исполнения ".SysUser"
Потеряно хип-контекстов: 1

Менеджер динамической памяти ".SysUserHeap(.SysUser)"
Потеряно блоков: 172, байтов: 3824


▓ Программа: "vip.exe"  Время запуска: 17:27:25 22/02/2024
▓ Исполняемый модуль: "C:\Galaktika\ATL6\Update_10.1.2230\support\vip.exe"
▓ Система: Windows NT

Контекст исполнения ".SysUser"
Потеряно хип-контекстов: 1

Менеджер динамической памяти ".SysUserHeap(.SysUser)"
Потеряно блоков: 172, байтов: 3760


▓ Программа: "vip.exe"  Время запуска: 17:29:53 22/02/2024
▓ Исполняемый модуль: "C:\Galaktika\ATL6\Update_10.1.2230\support\vip.exe"
▓ Система: Windows NT

Контекст исполнения ".SysUser"
Потеряно хип-контекстов: 1

Менеджер динамической памяти ".SysUserHeap(.SysUser)"
Потеряно блоков: 172, байтов: 3792


▓ Программа: "vip.exe"  Время запуска: 17:30:03 22/02/2024
▓ Исполняемый модуль: "C:\Galaktika\ATL6\Update_10.1.2230\support\vip.exe"
▓ Система: Windows NT

Контекст исполнения ".SysUser"
Потеряно хип-контекстов: 1

Менеджер динамической памяти ".SysUserHeap(.SysUser)"
Потеряно блоков: 172, байтов: 3840


▓ Программа: "vip.exe"  Время запуска: 17:32:04 22/02/2024
▓ Исполняемый модуль: "C:\Galaktika\ATL6\Update_10.1.2230\support\vip.exe"
▓ Система: Windows NT

Контекст исполнения ".SysUser"
Потеряно хип-контекстов: 1

Менеджер динамической памяти ".SysUserHeap(.SysUser)"
Потеряно блоков: 172, байтов: 3808


▓ Программа: "vip.exe"  Время запуска: 17:34:26 22/02/2024
▓ Исполняемый модуль: "C:\Galaktika\ATL6\Update_10.1.2230\support\vip.exe"
▓ Система: Windows NT

Контекст исполнения ".SysUser"
Потеряно хип-контекстов: 1

Менеджер динамической памяти ".SysUserHeap(.SysUser)"
Потеряно блоков: 172, байтов: 3764


▓ Программа: "vip.exe"  Время запуска: 17:36:09 22/02/2024
▓ Исполняемый модуль: "C:\Galaktika\ATL6\Update_10.1.2230\support\vip.exe"
▓ Система: Windows NT

Контекст исполнения ".SysUser"
Потеряно хип-контекстов: 1

Менеджер динамической памяти ".SysUserHeap(.SysUser)"
Потеряно блоков: 172, байтов: 3816


▓ Программа: "vip.exe"  Время запуска: 17:37:52 22/02/2024
▓ Исполняемый модуль: "C:\Galaktika\ATL6\Update_10.1.2230\support\vip.exe"
▓ Система: Windows NT

Контекст исполнения ".SysUser"
Потеряно хип-контекстов: 1

Менеджер динамической памяти ".SysUserHeap(.SysUser)"
Потеряно блоков: 172, байтов: 3764


▓ Программа: "vip.exe"  Время запуска: 17:43:59 22/02/2024
▓ Исполняемый модуль: "C:\Galaktika\ATL6\Update_10.1.2230\support\vip.exe"
▓ Система: Windows NT

Контекст исполнения ".SysUser"
Потеряно хип-контекстов: 1

Менеджер динамической памяти ".SysUserHeap(.SysUser)"
Потеряно блоков: 172, байтов: 3756


▓ Программа: "vip.exe"  Время запуска: 17:54:12 22/02/2024
▓ Исполняемый модуль: "C:\Galaktika\ATL6\Update_10.1.2230\support\vip.exe"
▓ Система: Windows NT

Контекст исполнения ".SysUser"
Потеряно хип-контекстов: 1

Менеджер динамической памяти ".SysUserHeap(.SysUser)"
Потеряно блоков: 172, байтов: 3768


▓ Программа: "vip.exe"  Время запуска: 17:57:17 22/02/2024
▓ Исполняемый модуль: "C:\Galaktika\ATL6\Update_10.1.2230\support\vip.exe"
▓ Система: Windows NT

Контекст исполнения ".SysUser"
Потеряно хип-контекстов: 1

Менеджер динамической памяти ".SysUserHeap(.SysUser)"
Потеряно блоков: 172, байтов: 3796


▓ Программа: "vip.exe"  Время запуска: 18:01:10 22/02/2024
▓ Исполняемый модуль: "C:\Galaktika\ATL6\Update_10.1.2230\support\vip.exe"
▓ Система: Windows NT

Контекст исполнения ".SysUser"
Потеряно хип-контекстов: 1

Менеджер динамической памяти ".SysUserHeap(.SysUser)"
Потеряно блоков: 172, байтов: 3780


▓ Программа: "vip.exe"  Время запуска: 18:03:57 22/02/2024
▓ Исполняемый модуль: "C:\Galaktika\ATL6\Update_10.1.2230\support\vip.exe"
▓ Система: Windows NT

Контекст исполнения ".SysUser"
Потеряно хип-контекстов: 1

Менеджер динамической памяти ".SysUserHeap(.SysUser)"
Потеряно блоков: 172, байтов: 3760


▓ Программа: "vip.exe"  Время запуска: 18:17:17 22/02/2024
▓ Исполняемый модуль: "C:\Galaktika\ATL6\Update_10.1.2230\support\vip.exe"
▓ Система: Windows NT

Контекст исполнения ".SysUser"
Потеряно хип-контекстов: 1

Менеджер динамической памяти ".SysUserHeap(.SysUser)"
Потеряно блоков: 174, байтов: 3816


▓ Программа: "vip.exe"  Время запуска: 07:03:10 23/02/2024
▓ Исполняемый модуль: "C:\Galaktika\ATL6\Update_10.1.2230\support\vip.exe"
▓ Система: Windows NT

Контекст исполнения ".SysUser"
Потеряно хип-контекстов: 1

Менеджер динамической памяти ".SysUserHeap(.SysUser)"
Потеряно блоков: 172, байтов: 3828


▓ Программа: "vip.exe"  Время запуска: 07:13:14 23/02/2024
▓ Исполняемый модуль: "C:\Galaktika\ATL6\Update_10.1.2230\support\vip.exe"
▓ Система: Windows NT

Контекст исполнения ".SysUser"
Потеряно хип-контекстов: 1

Менеджер динамической памяти ".SysUserHeap(.SysUser)"
Потеряно блоков: 172, байтов: 3792


▓ Программа: "vip.exe"  Время запуска: 07:14:04 23/02/2024
▓ Исполняемый модуль: "C:\Galaktika\ATL6\Update_10.1.2230\support\vip.exe"
▓ Система: Windows NT

Контекст исполнения ".SysUser"
Потеряно хип-контекстов: 1

Менеджер динамической памяти ".SysUserHeap(.SysUser)"
Потеряно блоков: 172, байтов: 3792


▓ Программа: "vip.exe"  Время запуска: 07:42:16 23/02/2024
▓ Исполняемый модуль: "C:\Galaktika\ATL6\Update_10.1.2230\support\vip.exe"
▓ Система: Windows NT

Контекст исполнения ".SysUser"
Потеряно хип-контекстов: 1

Менеджер динамической памяти ".SysUserHeap(.SysUser)"
Потеряно блоков: 172, байтов: 3792


▓ Программа: "vip.exe"  Время запуска: 08:02:36 23/02/2024
▓ Исполняемый модуль: "C:\Galaktika\ATL6\Update_10.1.2230\support\vip.exe"
▓ Система: Windows NT

Контекст исполнения ".SysUser"
Потеряно хип-контекстов: 1

Менеджер динамической памяти ".SysUserHeap(.SysUser)"
Потеряно блоков: 173, байтов: 3816


▓ Программа: "vip.exe"  Время запуска: 08:08:28 23/02/2024
▓ Исполняемый модуль: "C:\Galaktika\ATL6\Update_10.1.2230\support\vip.exe"
▓ Система: Windows NT

Контекст исполнения ".SysUser"
Потеряно хип-контекстов: 1

Менеджер динамической памяти ".SysUserHeap(.SysUser)"
Потеряно блоков: 173, байтов: 3856


▓ Программа: "vip.exe"  Время запуска: 08:10:33 23/02/2024
▓ Исполняемый модуль: "C:\Galaktika\ATL6\Update_10.1.2230\support\vip.exe"
▓ Система: Windows NT

Контекст исполнения ".SysUser"
Потеряно хип-контекстов: 1

Менеджер динамической памяти ".SysUserHeap(.SysUser)"
Потеряно блоков: 173, байтов: 3816


▓ Программа: "vip.exe"  Время запуска: 08:11:58 23/02/2024
▓ Исполняемый модуль: "C:\Galaktika\ATL6\Update_10.1.2230\support\vip.exe"
▓ Система: Windows NT

Контекст исполнения ".SysUser"
Потеряно хип-контекстов: 1

Менеджер динамической памяти ".SysUserHeap(.SysUser)"
Потеряно блоков: 173, байтов: 3804


▓ Программа: "vip.exe"  Время запуска: 08:37:26 23/02/2024
▓ Исполняемый модуль: "C:\Galaktika\ATL6\Update_10.1.2230\support\vip.exe"
▓ Система: Windows NT

Контекст исполнения ".SysUser"
Потеряно хип-контекстов: 1

Менеджер динамической памяти ".SysUserHeap(.SysUser)"
Потеряно блоков: 173, байтов: 3816


▓ Программа: "vip.exe"  Время запуска: 08:37:33 23/02/2024
▓ Исполняемый модуль: "C:\Galaktika\ATL6\Update_10.1.2230\support\vip.exe"
▓ Система: Windows NT

Контекст исполнения ".SysUser"
Потеряно хип-контекстов: 1

Менеджер динамической памяти ".SysUserHeap(.SysUser)"
Потеряно блоков: 173, байтов: 3784


▓ Программа: "vip.exe"  Время запуска: 08:44:20 23/02/2024
▓ Исполняемый модуль: "C:\Galaktika\ATL6\Update_10.1.2230\support\vip.exe"
▓ Система: Windows NT

Контекст исполнения ".SysUser"
Потеряно хип-контекстов: 1

Менеджер динамической памяти ".SysUserHeap(.SysUser)"
Потеряно блоков: 171, байтов: 3728


▓ Программа: "vip.exe"  Время запуска: 08:46:59 23/02/2024
▓ Исполняемый модуль: "C:\Galaktika\ATL6\Update_10.1.2230\support\vip.exe"
▓ Система: Windows NT

Контекст исполнения ".SysUser"
Потеряно хип-контекстов: 1

Менеджер динамической памяти ".SysUserHeap(.SysUser)"
Потеряно блоков: 171, байтов: 3796


▓ Программа: "vip.exe"  Время запуска: 08:50:18 23/02/2024
▓ Исполняемый модуль: "C:\Galaktika\ATL6\Update_10.1.2230\support\vip.exe"
▓ Система: Windows NT

Контекст исполнения ".SysUser"
Потеряно хип-контекстов: 1

Менеджер динамической памяти ".SysUserHeap(.SysUser)"
Потеряно блоков: 171, байтов: 3788


▓ Программа: "vip.exe"  Время запуска: 08:53:13 23/02/2024
▓ Исполняемый модуль: "C:\Galaktika\ATL6\Update_10.1.2230\support\vip.exe"
▓ Система: Windows NT

Контекст исполнения ".SysUser"
Потеряно хип-контекстов: 1

Менеджер динамической памяти ".SysUserHeap(.SysUser)"
Потеряно блоков: 171, байтов: 3752


▓ Программа: "vip.exe"  Время запуска: 08:57:07 23/02/2024
▓ Исполняемый модуль: "C:\Galaktika\ATL6\Update_10.1.2230\support\vip.exe"
▓ Система: Windows NT

Контекст исполнения ".SysUser"
Потеряно хип-контекстов: 1

Менеджер динамической памяти ".SysUserHeap(.SysUser)"
Потеряно блоков: 171, байтов: 3748


▓ Программа: "vip.exe"  Время запуска: 08:58:52 23/02/2024
▓ Исполняемый модуль: "C:\Galaktika\ATL6\Update_10.1.2230\support\vip.exe"
▓ Система: Windows NT

Контекст исполнения ".SysUser"
Потеряно хип-контекстов: 1

Менеджер динамической памяти ".SysUserHeap(.SysUser)"
Потеряно блоков: 171, байтов: 3764


▓ Программа: "vip.exe"  Время запуска: 09:04:19 23/02/2024
▓ Исполняемый модуль: "C:\Galaktika\ATL6\Update_10.1.2230\support\vip.exe"
▓ Система: Windows NT

Контекст исполнения ".SysUser"
Потеряно хип-контекстов: 1

Менеджер динамической памяти ".SysUserHeap(.SysUser)"
Потеряно блоков: 171, байтов: 3804


▓ Программа: "vip.exe"  Время запуска: 09:10:33 23/02/2024
▓ Исполняемый модуль: "C:\Galaktika\ATL6\Update_10.1.2230\support\vip.exe"
▓ Система: Windows NT

Контекст исполнения ".SysUser"
Потеряно хип-контекстов: 1

Менеджер динамической памяти ".SysUserHeap(.SysUser)"
Потеряно блоков: 171, байтов: 3812


▓ Программа: "vip.exe"  Время запуска: 09:14:42 23/02/2024
▓ Исполняемый модуль: "C:\Galaktika\ATL6\Update_10.1.2230\support\vip.exe"
▓ Система: Windows NT

Контекст исполнения ".SysUser"
Потеряно хип-контекстов: 1

Менеджер динамической памяти ".SysUserHeap(.SysUser)"
Потеряно блоков: 171, байтов: 3776


▓ Программа: "vip.exe"  Время запуска: 09:15:55 23/02/2024
▓ Исполняемый модуль: "C:\Galaktika\ATL6\Update_10.1.2230\support\vip.exe"
▓ Система: Windows NT

Контекст исполнения ".SysUser"
Потеряно хип-контекстов: 1

Менеджер динамической памяти ".SysUserHeap(.SysUser)"
Потеряно блоков: 171, байтов: 3760


▓ Программа: "vip.exe"  Время запуска: 09:16:08 23/02/2024
▓ Исполняемый модуль: "C:\Galaktika\ATL6\Update_10.1.2230\support\vip.exe"
▓ Система: Windows NT

Контекст исполнения ".SysUser"
Потеряно хип-контекстов: 1

Менеджер динамической памяти ".SysUserHeap(.SysUser)"
Потеряно блоков: 171, байтов: 3796


▓ Программа: "vip.exe"  Время запуска: 09:16:20 23/02/2024
▓ Исполняемый модуль: "C:\Galaktika\ATL6\Update_10.1.2230\support\vip.exe"
▓ Система: Windows NT

Контекст исполнения ".SysUser"
Потеряно хип-контекстов: 1

Менеджер динамической памяти ".SysUserHeap(.SysUser)"
Потеряно блоков: 171, байтов: 3844


▓ Программа: "vip.exe"  Время запуска: 09:20:40 23/02/2024
▓ Исполняемый модуль: "C:\Galaktika\ATL6\Update_10.1.2230\support\vip.exe"
▓ Система: Windows NT

Контекст исполнения ".SysUser"
Потеряно хип-контекстов: 1

Менеджер динамической памяти ".SysUserHeap(.SysUser)"
Потеряно блоков: 171, байтов: 3800


▓ Программа: "vip.exe"  Время запуска: 09:21:02 23/02/2024
▓ Исполняемый модуль: "C:\Galaktika\ATL6\Update_10.1.2230\support\vip.exe"
▓ Система: Windows NT

Контекст исполнения ".SysUser"
Потеряно хип-контекстов: 1

Менеджер динамической памяти ".SysUserHeap(.SysUser)"
Потеряно блоков: 171, байтов: 3708


▓ Программа: "vip.exe"  Время запуска: 09:24:51 23/02/2024
▓ Исполняемый модуль: "C:\Galaktika\ATL6\Update_10.1.2230\support\vip.exe"
▓ Система: Windows NT

Контекст исполнения ".SysUser"
Потеряно хип-контекстов: 1

Менеджер динамической памяти ".SysUserHeap(.SysUser)"
Потеряно блоков: 171, байтов: 3744


▓ Программа: "vip.exe"  Время запуска: 17:23:32 23/03/2024
▓ Исполняемый модуль: "C:\Galaktika\ATL6\Update_10.1.2230\support\vip.exe"
▓ Система: Windows NT

Контекст исполнения ".SysUser"
Потеряно хип-контекстов: 1

Менеджер динамической памяти ".SysUserHeap(.SysUser)"
Потеряно блоков: 171, байтов: 3796


▓ Программа: "vip.exe"  Время запуска: 15:32:20 30/03/2024
▓ Исполняемый модуль: "C:\Galaktika\ATL6\Update_10.1.2230\support\vip.exe"
▓ Система: Windows NT

Контекст исполнения ".SysUser"
Потеряно хип-контекстов: 1

Менеджер динамической памяти ".SysUserHeap(.SysUser)"
Потеряно блоков: 171, байтов: 3788

