
▓ Программа: "vip.exe"  Время запуска: 21:38:06 28/05/2024
▓ Исполняемый модуль: "C:\Galaktika\ATL6\Update_11400\support\exe\vip.exe"
▓ Система: Windows NT

Контекст исполнения ".SysUser"
Потеряно хип-контекстов: 1

Менеджер динамической памяти ".SysUserHeap(.SysUser)"
Потеряно блоков: 48, байтов: 1488


▓ Программа: "vip.exe"  Время запуска: 21:38:52 28/05/2024
▓ Исполняемый модуль: "C:\Galaktika\ATL6\Update_11400\support\exe\vip.exe"
▓ Система: Windows NT

Контекст исполнения ".SysUser"
Потеряно хип-контекстов: 1

Менеджер динамической памяти ".SysUserHeap(.SysUser)"
Потеряно блоков: 82, байтов: 2524


▓ Программа: "vip.exe"  Время запуска: 21:39:21 28/05/2024
▓ Исполняемый модуль: "C:\Galaktika\ATL6\Update_11400\support\exe\vip.exe"
▓ Система: Windows NT

Контекст исполнения ".SysUser"
Потеряно хип-контекстов: 1

Менеджер динамической памяти ".SysUserHeap(.SysUser)"
Потеряно блоков: 65, байтов: 1896

