
▓ Программа: "vip.exe"  Время запуска: 16:09:47 14/02/2024
▓ Исполняемый модуль: "C:\Galaktika\ATL6\Update_10.1.2230\support\vip.exe"
▓ Система: Windows NT  Логин: "Дмитрий"  Станция: "LAPUS-VICTUS"

Класс окна "Atlantis Font Window" не был разрегистрирован: 1411
(Класс не существует)
 04EFFCAC: 03B157BF vision_w.dll.1:000047BF
 04EFFCB0: 03BF0AD4 vision_w.dll.2:00000AD4
 04EFFCC0: 03B14F5F vision_w.dll.1:00003F5F
 04EFFCC4: 00F61EDE atlantis.rtl.1:00030EDE
 04EFFCD0: 03B11000 vision_w.dll.1:00000000
 04EFFCDC: 03B110BE vision_w.dll.1:000000BE
 04EFFCE4: 03B11020 vision_w.dll.1:00000020
 04EFFCEC: 03B11000 vision_w.dll.1:00000000
 04EFFD0C: 03B11000 vision_w.dll.1:00000000
 04EFFD1C: 03B11000 vision_w.dll.1:00000000

Контекст исполнения ".SysUser"
Потеряно хип-контекстов: 1
Потеряно серверных потоков: 1

Менеджер динамической памяти ".SysUserHeap(.SysUser)"
Потеряно блоков: 247325, байтов: 7722924


▓ Программа: "vip.exe"  Время запуска: 16:10:09 14/02/2024
▓ Исполняемый модуль: "C:\Galaktika\ATL6\Update_10.1.2230\support\vip.exe"
▓ Система: Windows NT

Контекст исполнения ".SysUser"
Потеряно хип-контекстов: 1

Менеджер динамической памяти ".SysUserHeap(.SysUser)"
Потеряно блоков: 1, байтов: 56


▓ Программа: "vip.exe"  Время запуска: 16:15:35 14/02/2024
▓ Исполняемый модуль: "C:\Galaktika\ATL6\Update_10.1.2230\support\vip.exe"
▓ Система: Windows NT

Контекст исполнения ".SysUser"
Потеряно хип-контекстов: 1

Менеджер динамической памяти ".SysUserHeap(.SysUser)"
Потеряно блоков: 4, байтов: 128


▓ Программа: "vip.exe"  Время запуска: 19:12:21 14/02/2024
▓ Исполняемый модуль: "C:\Galaktika\ATL6\Update_10.1.2230\support\vip.exe"
▓ Система: Windows NT

Контекст исполнения ".SysUser"
Потеряно хип-контекстов: 1

Менеджер динамической памяти ".SysUserHeap(.SysUser)"
Потеряно блоков: 4, байтов: 128


▓ Программа: "vip.exe"  Время запуска: 20:04:53 14/02/2024
▓ Исполняемый модуль: "C:\Galaktika\ATL6\Update_10.1.2230\support\vip.exe"
▓ Система: Windows NT

Контекст исполнения ".SysUser"
Потеряно хип-контекстов: 1

Менеджер динамической памяти ".SysUserHeap(.SysUser)"
Потеряно блоков: 4, байтов: 128


▓ Программа: "vip.exe"  Время запуска: 20:20:20 14/02/2024
▓ Исполняемый модуль: "C:\Galaktika\ATL6\Update_10.1.2230\support\vip.exe"
▓ Система: Windows NT

Контекст исполнения ".SysUser"
Потеряно хип-контекстов: 1

Менеджер динамической памяти ".SysUserHeap(.SysUser)"
Потеряно блоков: 4, байтов: 128


▓ Программа: "vip.exe"  Время запуска: 20:34:09 14/02/2024
▓ Исполняемый модуль: "C:\Galaktika\ATL6\Update_10.1.2230\support\vip.exe"
▓ Система: Windows NT

Контекст исполнения ".SysUser"
Потеряно хип-контекстов: 1

Менеджер динамической памяти ".SysUserHeap(.SysUser)"
Потеряно блоков: 4, байтов: 128


▓ Программа: "vip.exe"  Время запуска: 21:26:23 14/02/2024
▓ Исполняемый модуль: "C:\Galaktika\ATL6\Update_10.1.2230\support\vip.exe"
▓ Система: Windows NT

Контекст исполнения ".SysUser"
Потеряно хип-контекстов: 1

Менеджер динамической памяти ".SysUserHeap(.SysUser)"
Потеряно блоков: 16, байтов: 604


▓ Программа: "vip.exe"  Время запуска: 22:44:25 14/02/2024
▓ Исполняемый модуль: "C:\Galaktika\ATL6\Update_10.1.2230\support\vip.exe"
▓ Система: Windows NT

Контекст исполнения ".SysUser"
Потеряно хип-контекстов: 1

Менеджер динамической памяти ".SysUserHeap(.SysUser)"
Потеряно блоков: 28, байтов: 1008


▓ Программа: "vip.exe"  Время запуска: 22:50:08 14/02/2024
▓ Исполняемый модуль: "C:\Galaktika\ATL6\Update_10.1.2230\support\vip.exe"
▓ Система: Windows NT

Контекст исполнения ".SysUser"
Потеряно хип-контекстов: 1

Менеджер динамической памяти ".SysUserHeap(.SysUser)"
Потеряно блоков: 28, байтов: 1020


▓ Программа: "vip.exe"  Время запуска: 23:13:36 14/02/2024
▓ Исполняемый модуль: "C:\Galaktika\ATL6\Update_10.1.2230\support\vip.exe"
▓ Система: Windows NT

Контекст исполнения ".SysUser"
Потеряно хип-контекстов: 1

Менеджер динамической памяти ".SysUserHeap(.SysUser)"
Потеряно блоков: 31, байтов: 1092


▓ Программа: "vip.exe"  Время запуска: 09:19:08 15/02/2024
▓ Исполняемый модуль: "C:\Galaktika\ATL6\Update_10.1.2230\support\vip.exe"
▓ Система: Windows NT

Контекст исполнения ".SysUser"
Потеряно хип-контекстов: 1

Менеджер динамической памяти ".SysUserHeap(.SysUser)"
Потеряно блоков: 37, байтов: 1228


▓ Программа: "vip.exe"  Время запуска: 11:25:10 26/02/2024
▓ Исполняемый модуль: "C:\Galaktika\ATL6\Update_10.1.2230\support\vip.exe"
▓ Система: Windows NT

Контекст исполнения ".SysUser"
Потеряно хип-контекстов: 1

Менеджер динамической памяти ".SysUserHeap(.SysUser)"
Потеряно блоков: 61, байтов: 1920


▓ Программа: "vip.exe"  Время запуска: 11:29:11 26/02/2024
▓ Исполняемый модуль: "C:\Galaktika\ATL6\Update_10.1.2230\support\vip.exe"
▓ Система: Windows NT

Контекст исполнения ".SysUser"
Потеряно хип-контекстов: 1

Менеджер динамической памяти ".SysUserHeap(.SysUser)"
Потеряно блоков: 65, байтов: 2036


▓ Программа: "vip.exe"  Время запуска: 11:31:37 26/02/2024
▓ Исполняемый модуль: "C:\Galaktika\ATL6\Update_10.1.2230\support\vip.exe"
▓ Система: Windows NT

Контекст исполнения ".SysUser"
Потеряно хип-контекстов: 1

Менеджер динамической памяти ".SysUserHeap(.SysUser)"
Потеряно блоков: 65, байтов: 1996


▓ Программа: "vip.exe"  Время запуска: 12:12:27 26/02/2024
▓ Исполняемый модуль: "C:\Galaktika\ATL6\Update_10.1.2230\support\vip.exe"
▓ Система: Windows NT

Контекст исполнения ".SysUser"
Потеряно хип-контекстов: 1

Менеджер динамической памяти ".SysUserHeap(.SysUser)"
Потеряно блоков: 65, байтов: 2024


▓ Программа: "vip.exe"  Время запуска: 12:13:35 26/02/2024
▓ Исполняемый модуль: "C:\Galaktika\ATL6\Update_10.1.2230\support\vip.exe"
▓ Система: Windows NT

Контекст исполнения ".SysUser"
Потеряно хип-контекстов: 1

Менеджер динамической памяти ".SysUserHeap(.SysUser)"
Потеряно блоков: 65, байтов: 2032


▓ Программа: "vip.exe"  Время запуска: 12:19:18 26/02/2024
▓ Исполняемый модуль: "C:\Galaktika\ATL6\Update_10.1.2230\support\vip.exe"
▓ Система: Windows NT

Контекст исполнения ".SysUser"
Потеряно хип-контекстов: 1

Менеджер динамической памяти ".SysUserHeap(.SysUser)"
Потеряно блоков: 65, байтов: 2008


▓ Программа: "vip.exe"  Время запуска: 10:58:04 29/02/2024
▓ Исполняемый модуль: "C:\Galaktika\ATL6\Update_10.1.2230\support\vip.exe"
▓ Система: Windows NT

Контекст исполнения ".SysUser"
Потеряно хип-контекстов: 1

Менеджер динамической памяти ".SysUserHeap(.SysUser)"
Потеряно блоков: 65, байтов: 2004


▓ Программа: "vip.exe"  Время запуска: 10:15:14 03/03/2024
▓ Исполняемый модуль: "C:\Galaktika\ATL6\Update_10.1.2230\support\vip.exe"
▓ Система: Windows NT

Контекст исполнения ".SysUser"
Потеряно хип-контекстов: 1

Менеджер динамической памяти ".SysUserHeap(.SysUser)"
Потеряно блоков: 65, байтов: 2012


▓ Программа: "vip.exe"  Время запуска: 10:38:18 03/03/2024
▓ Исполняемый модуль: "C:\Galaktika\ATL6\Update_10.1.2230\support\vip.exe"
▓ Система: Windows NT

Контекст исполнения ".SysUser"
Потеряно хип-контекстов: 1

Менеджер динамической памяти ".SysUserHeap(.SysUser)"
Потеряно блоков: 65, байтов: 2028


▓ Программа: "vip.exe"  Время запуска: 11:06:45 03/03/2024
▓ Исполняемый модуль: "C:\Galaktika\ATL6\Update_10.1.2230\support\vip.exe"
▓ Система: Windows NT

Контекст исполнения ".SysUser"
Потеряно хип-контекстов: 1

Менеджер динамической памяти ".SysUserHeap(.SysUser)"
Потеряно блоков: 65, байтов: 2012


▓ Программа: "vip.exe"  Время запуска: 11:08:19 03/03/2024
▓ Исполняемый модуль: "C:\Galaktika\ATL6\Update_10.1.2230\support\vip.exe"
▓ Система: Windows NT

Контекст исполнения ".SysUser"
Потеряно хип-контекстов: 1

Менеджер динамической памяти ".SysUserHeap(.SysUser)"
Потеряно блоков: 65, байтов: 2012


▓ Программа: "vip.exe"  Время запуска: 11:08:50 03/03/2024
▓ Исполняемый модуль: "C:\Galaktika\ATL6\Update_10.1.2230\support\vip.exe"
▓ Система: Windows NT

Контекст исполнения ".SysUser"
Потеряно хип-контекстов: 1

Менеджер динамической памяти ".SysUserHeap(.SysUser)"
Потеряно блоков: 65, байтов: 2032


▓ Программа: "vip.exe"  Время запуска: 11:55:13 03/03/2024
▓ Исполняемый модуль: "C:\Galaktika\ATL6\Update_10.1.2230\support\vip.exe"
▓ Система: Windows NT

Контекст исполнения ".SysUser"
Потеряно хип-контекстов: 1

Менеджер динамической памяти ".SysUserHeap(.SysUser)"
Потеряно блоков: 40, байтов: 1304


▓ Программа: "vip.exe"  Время запуска: 11:56:32 03/03/2024
▓ Исполняемый модуль: "C:\Galaktika\ATL6\Update_10.1.2230\support\vip.exe"
▓ Система: Windows NT

Контекст исполнения ".SysUser"
Потеряно хип-контекстов: 1

Менеджер динамической памяти ".SysUserHeap(.SysUser)"
Потеряно блоков: 40, байтов: 1292


▓ Программа: "vip.exe"  Время запуска: 11:57:28 03/03/2024
▓ Исполняемый модуль: "C:\Galaktika\ATL6\Update_10.1.2230\support\vip.exe"
▓ Система: Windows NT

Контекст исполнения ".SysUser"
Потеряно хип-контекстов: 1

Менеджер динамической памяти ".SysUserHeap(.SysUser)"
Потеряно блоков: 40, байтов: 1292


▓ Программа: "vip.exe"  Время запуска: 11:58:23 03/03/2024
▓ Исполняемый модуль: "C:\Galaktika\ATL6\Update_10.1.2230\support\vip.exe"
▓ Система: Windows NT

Контекст исполнения ".SysUser"
Потеряно хип-контекстов: 1

Менеджер динамической памяти ".SysUserHeap(.SysUser)"
Потеряно блоков: 40, байтов: 1300


▓ Программа: "vip.exe"  Время запуска: 12:07:57 03/03/2024
▓ Исполняемый модуль: "C:\Galaktika\ATL6\Update_10.1.2230\support\vip.exe"
▓ Система: Windows NT

Контекст исполнения ".SysUser"
Потеряно хип-контекстов: 1

Менеджер динамической памяти ".SysUserHeap(.SysUser)"
Потеряно блоков: 40, байтов: 1284


▓ Программа: "vip.exe"  Время запуска: 12:08:50 03/03/2024
▓ Исполняемый модуль: "C:\Galaktika\ATL6\Update_10.1.2230\support\vip.exe"
▓ Система: Windows NT

Контекст исполнения ".SysUser"
Потеряно хип-контекстов: 1

Менеджер динамической памяти ".SysUserHeap(.SysUser)"
Потеряно блоков: 40, байтов: 1288


▓ Программа: "vip.exe"  Время запуска: 12:09:41 03/03/2024
▓ Исполняемый модуль: "C:\Galaktika\ATL6\Update_10.1.2230\support\vip.exe"
▓ Система: Windows NT

Контекст исполнения ".SysUser"
Потеряно хип-контекстов: 1

Менеджер динамической памяти ".SysUserHeap(.SysUser)"
Потеряно блоков: 40, байтов: 1296


▓ Программа: "vip.exe"  Время запуска: 12:23:22 03/03/2024
▓ Исполняемый модуль: "C:\Galaktika\ATL6\Update_10.1.2230\support\vip.exe"
▓ Система: Windows NT

Контекст исполнения ".SysUser"
Потеряно хип-контекстов: 1

Менеджер динамической памяти ".SysUserHeap(.SysUser)"
Потеряно блоков: 42, байтов: 1324


▓ Программа: "vip.exe"  Время запуска: 12:28:08 03/03/2024
▓ Исполняемый модуль: "C:\Galaktika\ATL6\Update_10.1.2230\support\vip.exe"
▓ Система: Windows NT

Контекст исполнения ".SysUser"
Потеряно хип-контекстов: 1

Менеджер динамической памяти ".SysUserHeap(.SysUser)"
Потеряно блоков: 42, байтов: 1328


▓ Программа: "vip.exe"  Время запуска: 12:31:26 03/03/2024
▓ Исполняемый модуль: "C:\Galaktika\ATL6\Update_10.1.2230\support\vip.exe"
▓ Система: Windows NT

Контекст исполнения ".SysUser"
Потеряно хип-контекстов: 1

Менеджер динамической памяти ".SysUserHeap(.SysUser)"
Потеряно блоков: 45, байтов: 1388


▓ Программа: "vip.exe"  Время запуска: 12:46:19 03/03/2024
▓ Исполняемый модуль: "C:\Galaktika\ATL6\Update_10.1.2230\support\vip.exe"
▓ Система: Windows NT

Контекст исполнения ".SysUser"
Потеряно хип-контекстов: 1

Менеджер динамической памяти ".SysUserHeap(.SysUser)"
Потеряно блоков: 42, байтов: 1332


▓ Программа: "vip.exe"  Время запуска: 12:47:31 03/03/2024
▓ Исполняемый модуль: "C:\Galaktika\ATL6\Update_10.1.2230\support\vip.exe"
▓ Система: Windows NT

Контекст исполнения ".SysUser"
Потеряно хип-контекстов: 1

Менеджер динамической памяти ".SysUserHeap(.SysUser)"
Потеряно блоков: 42, байтов: 1332


▓ Программа: "vip.exe"  Время запуска: 12:47:52 03/03/2024
▓ Исполняемый модуль: "C:\Galaktika\ATL6\Update_10.1.2230\support\vip.exe"
▓ Система: Windows NT

Контекст исполнения ".SysUser"
Потеряно хип-контекстов: 1

Менеджер динамической памяти ".SysUserHeap(.SysUser)"
Потеряно блоков: 42, байтов: 1344


▓ Программа: "vip.exe"  Время запуска: 12:49:15 03/03/2024
▓ Исполняемый модуль: "C:\Galaktika\ATL6\Update_10.1.2230\support\vip.exe"
▓ Система: Windows NT

Контекст исполнения ".SysUser"
Потеряно хип-контекстов: 1

Менеджер динамической памяти ".SysUserHeap(.SysUser)"
Потеряно блоков: 42, байтов: 1332


▓ Программа: "vip.exe"  Время запуска: 12:55:12 03/03/2024
▓ Исполняемый модуль: "C:\Galaktika\ATL6\Update_10.1.2230\support\vip.exe"
▓ Система: Windows NT

Контекст исполнения ".SysUser"
Потеряно хип-контекстов: 1

Менеджер динамической памяти ".SysUserHeap(.SysUser)"
Потеряно блоков: 42, байтов: 1316


▓ Программа: "vip.exe"  Время запуска: 12:56:31 03/03/2024
▓ Исполняемый модуль: "C:\Galaktika\ATL6\Update_10.1.2230\support\vip.exe"
▓ Система: Windows NT

Контекст исполнения ".SysUser"
Потеряно хип-контекстов: 1

Менеджер динамической памяти ".SysUserHeap(.SysUser)"
Потеряно блоков: 42, байтов: 1340


▓ Программа: "vip.exe"  Время запуска: 13:23:55 03/03/2024
▓ Исполняемый модуль: "C:\Galaktika\ATL6\Update_10.1.2230\support\vip.exe"
▓ Система: Windows NT  Логин: "Дмитрий"  Станция: "LAPUS-VICTUS"

Класс окна "Atlantis Font Window" не был разрегистрирован: 1411
(Класс не существует)
 04EEFCAC: 03B157BF vision_w.dll.1:000047BF
 04EEFCB0: 03BF0AD4 vision_w.dll.2:00000AD4
 04EEFCC0: 03B14F5F vision_w.dll.1:00003F5F
 04EEFCC4: 00FC1EDE atlantis.rtl.1:00030EDE
 04EEFCD0: 03B11000 vision_w.dll.1:00000000
 04EEFCDC: 03B110BE vision_w.dll.1:000000BE
 04EEFCE4: 03B11020 vision_w.dll.1:00000020
 04EEFCEC: 03B11000 vision_w.dll.1:00000000
 04EEFD0C: 03B11000 vision_w.dll.1:00000000
 04EEFD1C: 03B11000 vision_w.dll.1:00000000

Контекст исполнения ".SysUser"
Потеряно хип-контекстов: 1
Потеряно серверных потоков: 1

Менеджер динамической памяти ".SysUserHeap(.SysUser)"
Потеряно блоков: 247325, байтов: 7722544


▓ Программа: "vip.exe"  Время запуска: 13:24:04 03/03/2024
▓ Исполняемый модуль: "C:\Galaktika\ATL6\Update_10.1.2230\support\vip.exe"
▓ Система: Windows NT  Логин: "Дмитрий"  Станция: "LAPUS-VICTUS"

Класс окна "Atlantis Font Window" не был разрегистрирован: 1411
(Класс не существует)
 04EFFCAC: 03B157BF vision_w.dll.1:000047BF
 04EFFCB0: 03BF0AD4 vision_w.dll.2:00000AD4
 04EFFCC0: 03B14F5F vision_w.dll.1:00003F5F
 04EFFCC4: 00F71EDE atlantis.rtl.1:00030EDE
 04EFFCD0: 03B11000 vision_w.dll.1:00000000
 04EFFCDC: 03B110BE vision_w.dll.1:000000BE
 04EFFCE4: 03B11020 vision_w.dll.1:00000020
 04EFFCEC: 03B11000 vision_w.dll.1:00000000
 04EFFD0C: 03B11000 vision_w.dll.1:00000000
 04EFFD1C: 03B11000 vision_w.dll.1:00000000

Контекст исполнения ".SysUser"
Потеряно хип-контекстов: 1
Потеряно серверных потоков: 1

Менеджер динамической памяти ".SysUserHeap(.SysUser)"
Потеряно блоков: 247325, байтов: 7722508


▓ Программа: "vip.exe"  Время запуска: 13:24:30 03/03/2024
▓ Исполняемый модуль: "C:\Galaktika\ATL6\Update_10.1.2230\support\vip.exe"
▓ Система: Windows NT

Контекст исполнения ".SysUser"
Потеряно хип-контекстов: 1

Менеджер динамической памяти ".SysUserHeap(.SysUser)"
Потеряно блоков: 42, байтов: 1316


▓ Программа: "vip.exe"  Время запуска: 17:30:41 03/03/2024
▓ Исполняемый модуль: "C:\Galaktika\ATL6\Update_10.1.2230\support\vip.exe"
▓ Система: Windows NT

Контекст исполнения ".SysUser"
Потеряно хип-контекстов: 1

Менеджер динамической памяти ".SysUserHeap(.SysUser)"
Потеряно блоков: 42, байтов: 1312


▓ Программа: "vip.exe"  Время запуска: 17:31:15 03/03/2024
▓ Исполняемый модуль: "C:\Galaktika\ATL6\Update_10.1.2230\support\vip.exe"
▓ Система: Windows NT

Контекст исполнения ".SysUser"
Потеряно хип-контекстов: 1

Менеджер динамической памяти ".SysUserHeap(.SysUser)"
Потеряно блоков: 42, байтов: 1348


▓ Программа: "vip.exe"  Время запуска: 18:30:30 03/03/2024
▓ Исполняемый модуль: "C:\Galaktika\ATL6\Update_10.1.2230\support\vip.exe"
▓ Система: Windows NT

Контекст исполнения ".SysUser"
Потеряно хип-контекстов: 1

Менеджер динамической памяти ".SysUserHeap(.SysUser)"
Потеряно блоков: 42, байтов: 1328


▓ Программа: "vip.exe"  Время запуска: 18:57:55 03/03/2024
▓ Исполняемый модуль: "C:\Galaktika\ATL6\Update_10.1.2230\support\vip.exe"
▓ Система: Windows NT

Контекст исполнения ".SysUser"
Потеряно хип-контекстов: 1

Менеджер динамической памяти ".SysUserHeap(.SysUser)"
Потеряно блоков: 42, байтов: 1340


▓ Программа: "vip.exe"  Время запуска: 19:09:43 03/03/2024
▓ Исполняемый модуль: "C:\Galaktika\ATL6\Update_10.1.2230\support\vip.exe"
▓ Система: Windows NT

Контекст исполнения ".SysUser"
Потеряно хип-контекстов: 1

Менеджер динамической памяти ".SysUserHeap(.SysUser)"
Потеряно блоков: 42, байтов: 1324


▓ Программа: "vip.exe"  Время запуска: 19:19:30 03/03/2024
▓ Исполняемый модуль: "C:\Galaktika\ATL6\Update_10.1.2230\support\vip.exe"
▓ Система: Windows NT

Контекст исполнения ".SysUser"
Потеряно хип-контекстов: 1

Менеджер динамической памяти ".SysUserHeap(.SysUser)"
Потеряно блоков: 42, байтов: 1332


▓ Программа: "vip.exe"  Время запуска: 19:29:04 03/03/2024
▓ Исполняемый модуль: "C:\Galaktika\ATL6\Update_10.1.2230\support\vip.exe"
▓ Система: Windows NT

Контекст исполнения ".SysUser"
Потеряно хип-контекстов: 1

Менеджер динамической памяти ".SysUserHeap(.SysUser)"
Потеряно блоков: 42, байтов: 1320


▓ Программа: "vip.exe"  Время запуска: 19:29:17 03/03/2024
▓ Исполняемый модуль: "C:\Galaktika\ATL6\Update_10.1.2230\support\vip.exe"
▓ Система: Windows NT

Контекст исполнения ".SysUser"
Потеряно хип-контекстов: 1

Менеджер динамической памяти ".SysUserHeap(.SysUser)"
Потеряно блоков: 42, байтов: 1320


▓ Программа: "vip.exe"  Время запуска: 19:29:54 03/03/2024
▓ Исполняемый модуль: "C:\Galaktika\ATL6\Update_10.1.2230\support\vip.exe"
▓ Система: Windows NT

Контекст исполнения ".SysUser"
Потеряно хип-контекстов: 1

Менеджер динамической памяти ".SysUserHeap(.SysUser)"
Потеряно блоков: 42, байтов: 1312


▓ Программа: "vip.exe"  Время запуска: 19:35:13 03/03/2024
▓ Исполняемый модуль: "C:\Galaktika\ATL6\Update_10.1.2230\support\vip.exe"
▓ Система: Windows NT

Контекст исполнения ".SysUser"
Потеряно хип-контекстов: 1

Менеджер динамической памяти ".SysUserHeap(.SysUser)"
Потеряно блоков: 42, байтов: 1316


▓ Программа: "vip.exe"  Время запуска: 19:35:58 03/03/2024
▓ Исполняемый модуль: "C:\Galaktika\ATL6\Update_10.1.2230\support\vip.exe"
▓ Система: Windows NT

Контекст исполнения ".SysUser"
Потеряно хип-контекстов: 1

Менеджер динамической памяти ".SysUserHeap(.SysUser)"
Потеряно блоков: 42, байтов: 1316


▓ Программа: "vip.exe"  Время запуска: 19:37:29 03/03/2024
▓ Исполняемый модуль: "C:\Galaktika\ATL6\Update_10.1.2230\support\vip.exe"
▓ Система: Windows NT

Контекст исполнения ".SysUser"
Потеряно хип-контекстов: 1

Менеджер динамической памяти ".SysUserHeap(.SysUser)"
Потеряно блоков: 42, байтов: 1340


▓ Программа: "vip.exe"  Время запуска: 19:43:20 03/03/2024
▓ Исполняемый модуль: "C:\Galaktika\ATL6\Update_10.1.2230\support\vip.exe"
▓ Система: Windows NT

Контекст исполнения ".SysUser"
Потеряно хип-контекстов: 1

Менеджер динамической памяти ".SysUserHeap(.SysUser)"
Потеряно блоков: 43, байтов: 1376


▓ Программа: "vip.exe"  Время запуска: 20:12:39 03/03/2024
▓ Исполняемый модуль: "C:\Galaktika\ATL6\Update_10.1.2230\support\vip.exe"
▓ Система: Windows NT

Контекст исполнения ".SysUser"
Потеряно хип-контекстов: 1

Менеджер динамической памяти ".SysUserHeap(.SysUser)"
Потеряно блоков: 43, байтов: 1356


▓ Программа: "vip.exe"  Время запуска: 20:12:51 03/03/2024
▓ Исполняемый модуль: "C:\Galaktika\ATL6\Update_10.1.2230\support\vip.exe"
▓ Система: Windows NT

Контекст исполнения ".SysUser"
Потеряно хип-контекстов: 1

Менеджер динамической памяти ".SysUserHeap(.SysUser)"
Потеряно блоков: 43, байтов: 1352


▓ Программа: "vip.exe"  Время запуска: 20:17:31 03/03/2024
▓ Исполняемый модуль: "C:\Galaktika\ATL6\Update_10.1.2230\support\vip.exe"
▓ Система: Windows NT

Контекст исполнения ".SysUser"
Потеряно хип-контекстов: 1

Менеджер динамической памяти ".SysUserHeap(.SysUser)"
Потеряно блоков: 43, байтов: 1360


▓ Программа: "vip.exe"  Время запуска: 20:18:38 03/03/2024
▓ Исполняемый модуль: "C:\Galaktika\ATL6\Update_10.1.2230\support\vip.exe"
▓ Система: Windows NT

Контекст исполнения ".SysUser"
Потеряно хип-контекстов: 1

Менеджер динамической памяти ".SysUserHeap(.SysUser)"
Потеряно блоков: 43, байтов: 1344


▓ Программа: "vip.exe"  Время запуска: 20:31:02 03/03/2024
▓ Исполняемый модуль: "C:\Galaktika\ATL6\Update_10.1.2230\support\vip.exe"
▓ Система: Windows NT

Контекст исполнения ".SysUser"
Потеряно хип-контекстов: 1

Менеджер динамической памяти ".SysUserHeap(.SysUser)"
Потеряно блоков: 45, байтов: 1508


▓ Программа: "vip.exe"  Время запуска: 20:33:33 03/03/2024
▓ Исполняемый модуль: "C:\Galaktika\ATL6\Update_10.1.2230\support\vip.exe"
▓ Система: Windows NT

Контекст исполнения ".SysUser"
Потеряно хип-контекстов: 1

Менеджер динамической памяти ".SysUserHeap(.SysUser)"
Потеряно блоков: 45, байтов: 1500


▓ Программа: "vip.exe"  Время запуска: 21:19:52 03/03/2024
▓ Исполняемый модуль: "C:\Galaktika\ATL6\Update_10.1.2230\support\vip.exe"
▓ Система: Windows NT

Контекст исполнения ".SysUser"
Потеряно хип-контекстов: 1

Менеджер динамической памяти ".SysUserHeap(.SysUser)"
Потеряно блоков: 53, байтов: 1720


▓ Программа: "vip.exe"  Время запуска: 21:20:05 03/03/2024
▓ Исполняемый модуль: "C:\Galaktika\ATL6\Update_10.1.2230\support\vip.exe"
▓ Система: Windows NT

Контекст исполнения ".SysUser"
Потеряно хип-контекстов: 1

Менеджер динамической памяти ".SysUserHeap(.SysUser)"
Потеряно блоков: 53, байтов: 1736


▓ Программа: "vip.exe"  Время запуска: 21:30:05 03/03/2024
▓ Исполняемый модуль: "C:\Galaktika\ATL6\Update_10.1.2230\support\vip.exe"
▓ Система: Windows NT

Контекст исполнения ".SysUser"
Потеряно хип-контекстов: 1

Менеджер динамической памяти ".SysUserHeap(.SysUser)"
Потеряно блоков: 56, байтов: 1776


▓ Программа: "vip.exe"  Время запуска: 21:35:51 03/03/2024
▓ Исполняемый модуль: "C:\Galaktika\ATL6\Update_10.1.2230\support\vip.exe"
▓ Система: Windows NT

Контекст исполнения ".SysUser"
Потеряно хип-контекстов: 1

Менеджер динамической памяти ".SysUserHeap(.SysUser)"
Потеряно блоков: 56, байтов: 1804


▓ Программа: "vip.exe"  Время запуска: 21:36:52 03/03/2024
▓ Исполняемый модуль: "C:\Galaktika\ATL6\Update_10.1.2230\support\vip.exe"
▓ Система: Windows NT

Контекст исполнения ".SysUser"
Потеряно хип-контекстов: 1

Менеджер динамической памяти ".SysUserHeap(.SysUser)"
Потеряно блоков: 56, байтов: 1776


▓ Программа: "vip.exe"  Время запуска: 21:43:16 03/03/2024
▓ Исполняемый модуль: "C:\Galaktika\ATL6\Update_10.1.2230\support\vip.exe"
▓ Система: Windows NT

Контекст исполнения ".SysUser"
Потеряно хип-контекстов: 1

Менеджер динамической памяти ".SysUserHeap(.SysUser)"
Потеряно блоков: 56, байтов: 1800


▓ Программа: "vip.exe"  Время запуска: 21:51:11 03/03/2024
▓ Исполняемый модуль: "C:\Galaktika\ATL6\Update_10.1.2230\support\vip.exe"
▓ Система: Windows NT

Контекст исполнения ".SysUser"
Потеряно хип-контекстов: 1

Менеджер динамической памяти ".SysUserHeap(.SysUser)"
Потеряно блоков: 57, байтов: 1808


▓ Программа: "vip.exe"  Время запуска: 21:55:40 03/03/2024
▓ Исполняемый модуль: "C:\Galaktika\ATL6\Update_10.1.2230\support\vip.exe"
▓ Система: Windows NT

Контекст исполнения ".SysUser"
Потеряно хип-контекстов: 1

Менеджер динамической памяти ".SysUserHeap(.SysUser)"
Потеряно блоков: 57, байтов: 1824


▓ Программа: "vip.exe"  Время запуска: 22:06:01 03/03/2024
▓ Исполняемый модуль: "C:\Galaktika\ATL6\Update_10.1.2230\support\vip.exe"
▓ Система: Windows NT

Контекст исполнения ".SysUser"
Потеряно хип-контекстов: 1

Менеджер динамической памяти ".SysUserHeap(.SysUser)"
Потеряно блоков: 56, байтов: 1804


▓ Программа: "vip.exe"  Время запуска: 22:15:13 03/03/2024
▓ Исполняемый модуль: "C:\Galaktika\ATL6\Update_10.1.2230\support\vip.exe"
▓ Система: Windows NT

Контекст исполнения ".SysUser"
Потеряно хип-контекстов: 1

Менеджер динамической памяти ".SysUserHeap(.SysUser)"
Потеряно блоков: 56, байтов: 1792


▓ Программа: "vip.exe"  Время запуска: 22:22:17 03/03/2024
▓ Исполняемый модуль: "C:\Galaktika\ATL6\Update_10.1.2230\support\vip.exe"
▓ Система: Windows NT

Контекст исполнения ".SysUser"
Потеряно хип-контекстов: 1

Менеджер динамической памяти ".SysUserHeap(.SysUser)"
Потеряно блоков: 56, байтов: 1784


▓ Программа: "vip.exe"  Время запуска: 22:29:05 03/03/2024
▓ Исполняемый модуль: "C:\Galaktika\ATL6\Update_10.1.2230\support\vip.exe"
▓ Система: Windows NT

Контекст исполнения ".SysUser"
Потеряно хип-контекстов: 1

Менеджер динамической памяти ".SysUserHeap(.SysUser)"
Потеряно блоков: 56, байтов: 1780


▓ Программа: "vip.exe"  Время запуска: 22:34:32 03/03/2024
▓ Исполняемый модуль: "C:\Galaktika\ATL6\Update_10.1.2230\support\vip.exe"
▓ Система: Windows NT

Контекст исполнения ".SysUser"
Потеряно хип-контекстов: 1

Менеджер динамической памяти ".SysUserHeap(.SysUser)"
Потеряно блоков: 56, байтов: 1788


▓ Программа: "vip.exe"  Время запуска: 22:35:46 03/03/2024
▓ Исполняемый модуль: "C:\Galaktika\ATL6\Update_10.1.2230\support\vip.exe"
▓ Система: Windows NT

Контекст исполнения ".SysUser"
Потеряно хип-контекстов: 1

Менеджер динамической памяти ".SysUserHeap(.SysUser)"
Потеряно блоков: 57, байтов: 1808


▓ Программа: "vip.exe"  Время запуска: 22:35:53 03/03/2024
▓ Исполняемый модуль: "C:\Galaktika\ATL6\Update_10.1.2230\support\vip.exe"
▓ Система: Windows NT

Контекст исполнения ".SysUser"
Потеряно хип-контекстов: 1

Менеджер динамической памяти ".SysUserHeap(.SysUser)"
Потеряно блоков: 57, байтов: 1816


▓ Программа: "vip.exe"  Время запуска: 22:38:37 03/03/2024
▓ Исполняемый модуль: "C:\Galaktika\ATL6\Update_10.1.2230\support\vip.exe"
▓ Система: Windows NT

Контекст исполнения ".SysUser"
Потеряно хип-контекстов: 1

Менеджер динамической памяти ".SysUserHeap(.SysUser)"
Потеряно блоков: 57, байтов: 1808


▓ Программа: "vip.exe"  Время запуска: 22:39:54 03/03/2024
▓ Исполняемый модуль: "C:\Galaktika\ATL6\Update_10.1.2230\support\vip.exe"
▓ Система: Windows NT

Контекст исполнения ".SysUser"
Потеряно хип-контекстов: 1

Менеджер динамической памяти ".SysUserHeap(.SysUser)"
Потеряно блоков: 57, байтов: 1800


▓ Программа: "vip.exe"  Время запуска: 13:14:23 13/03/2024
▓ Исполняемый модуль: "C:\Galaktika\ATL6\Update_10.1.2230\support\vip.exe"
▓ Система: Windows NT

Контекст исполнения ".SysUser"
Потеряно хип-контекстов: 1

Менеджер динамической памяти ".SysUserHeap(.SysUser)"
Потеряно блоков: 57, байтов: 1820


▓ Программа: "vip.exe"  Время запуска: 07:44:30 16/03/2024
▓ Исполняемый модуль: "C:\Galaktika\ATL6\Update_10.1.2230\support\vip.exe"
▓ Система: Windows NT

Контекст исполнения ".SysUser"
Потеряно хип-контекстов: 1

Менеджер динамической памяти ".SysUserHeap(.SysUser)"
Потеряно блоков: 60, байтов: 1884


▓ Программа: "vip.exe"  Время запуска: 07:44:47 16/03/2024
▓ Исполняемый модуль: "C:\Galaktika\ATL6\Update_10.1.2230\support\vip.exe"
▓ Система: Windows NT

Контекст исполнения ".SysUser"
Потеряно хип-контекстов: 1

Менеджер динамической памяти ".SysUserHeap(.SysUser)"
Потеряно блоков: 60, байтов: 1868


▓ Программа: "vip.exe"  Время запуска: 08:08:43 16/03/2024
▓ Исполняемый модуль: "C:\Galaktika\ATL6\Update_10.1.2230\support\vip.exe"
▓ Система: Windows NT

Контекст исполнения ".SysUser"
Потеряно хип-контекстов: 1

Менеджер динамической памяти ".SysUserHeap(.SysUser)"
Потеряно блоков: 60, байтов: 1876


▓ Программа: "vip.exe"  Время запуска: 08:33:51 16/03/2024
▓ Исполняемый модуль: "C:\Galaktika\ATL6\Update_10.1.2230\support\vip.exe"
▓ Система: Windows NT

Контекст исполнения ".SysUser"
Потеряно хип-контекстов: 1

Менеджер динамической памяти ".SysUserHeap(.SysUser)"
Потеряно блоков: 60, байтов: 1884


▓ Программа: "vip.exe"  Время запуска: 10:03:19 16/03/2024
▓ Исполняемый модуль: "C:\Galaktika\ATL6\Update_10.1.2230\support\vip.exe"
▓ Система: Windows NT

Контекст исполнения ".SysUser"
Потеряно хип-контекстов: 1

Менеджер динамической памяти ".SysUserHeap(.SysUser)"
Потеряно блоков: 57, байтов: 1828


▓ Программа: "vip.exe"  Время запуска: 10:07:04 16/03/2024
▓ Исполняемый модуль: "C:\Galaktika\ATL6\Update_10.1.2230\support\vip.exe"
▓ Система: Windows NT

Контекст исполнения ".SysUser"
Потеряно хип-контекстов: 1

Менеджер динамической памяти ".SysUserHeap(.SysUser)"
Потеряно блоков: 65, байтов: 2004


▓ Программа: "vip.exe"  Время запуска: 10:11:26 16/03/2024
▓ Исполняемый модуль: "C:\Galaktika\ATL6\Update_10.1.2230\support\vip.exe"
▓ Система: Windows NT

Контекст исполнения ".SysUser"
Потеряно хип-контекстов: 1

Менеджер динамической памяти ".SysUserHeap(.SysUser)"
Потеряно блоков: 65, байтов: 1976


▓ Программа: "vip.exe"  Время запуска: 10:13:42 16/03/2024
▓ Исполняемый модуль: "C:\Galaktika\ATL6\Update_10.1.2230\support\vip.exe"
▓ Система: Windows NT

Контекст исполнения ".SysUser"
Потеряно хип-контекстов: 1

Менеджер динамической памяти ".SysUserHeap(.SysUser)"
Потеряно блоков: 65, байтов: 2012


▓ Программа: "vip.exe"  Время запуска: 11:44:15 16/03/2024
▓ Исполняемый модуль: "C:\Galaktika\ATL6\Update_10.1.2230\support\vip.exe"
▓ Система: Windows NT

Контекст исполнения ".SysUser"
Потеряно хип-контекстов: 1

Менеджер динамической памяти ".SysUserHeap(.SysUser)"
Потеряно блоков: 90, байтов: 2492


▓ Программа: "vip.exe"  Время запуска: 11:44:26 16/03/2024
▓ Исполняемый модуль: "C:\Galaktika\ATL6\Update_10.1.2230\support\vip.exe"
▓ Система: Windows NT

Контекст исполнения ".SysUser"
Потеряно хип-контекстов: 1

Менеджер динамической памяти ".SysUserHeap(.SysUser)"
Потеряно блоков: 90, байтов: 2496


▓ Программа: "vip.exe"  Время запуска: 12:07:49 16/03/2024
▓ Исполняемый модуль: "C:\Galaktika\ATL6\Update_10.1.2230\support\vip.exe"
▓ Система: Windows NT

Контекст исполнения ".SysUser"
Потеряно хип-контекстов: 1

Менеджер динамической памяти ".SysUserHeap(.SysUser)"
Потеряно блоков: 95, байтов: 2640


▓ Программа: "vip.exe"  Время запуска: 12:08:06 16/03/2024
▓ Исполняемый модуль: "C:\Galaktika\ATL6\Update_10.1.2230\support\vip.exe"
▓ Система: Windows NT

Контекст исполнения ".SysUser"
Потеряно хип-контекстов: 1

Менеджер динамической памяти ".SysUserHeap(.SysUser)"
Потеряно блоков: 95, байтов: 2616


▓ Программа: "vip.exe"  Время запуска: 12:09:48 16/03/2024
▓ Исполняемый модуль: "C:\Galaktika\ATL6\Update_10.1.2230\support\vip.exe"
▓ Система: Windows NT

Контекст исполнения ".SysUser"
Потеряно хип-контекстов: 1

Менеджер динамической памяти ".SysUserHeap(.SysUser)"
Потеряно блоков: 95, байтов: 2612


▓ Программа: "vip.exe"  Время запуска: 12:10:20 16/03/2024
▓ Исполняемый модуль: "C:\Galaktika\ATL6\Update_10.1.2230\support\vip.exe"
▓ Система: Windows NT

Контекст исполнения ".SysUser"
Потеряно хип-контекстов: 1

Менеджер динамической памяти ".SysUserHeap(.SysUser)"
Потеряно блоков: 95, байтов: 2644


▓ Программа: "vip.exe"  Время запуска: 13:06:25 16/03/2024
▓ Исполняемый модуль: "C:\Galaktika\ATL6\Update_10.1.2230\support\vip.exe"
▓ Система: Windows NT

Контекст исполнения ".SysUser"
Потеряно хип-контекстов: 1

Менеджер динамической памяти ".SysUserHeap(.SysUser)"
Потеряно блоков: 96, байтов: 2620


▓ Программа: "vip.exe"  Время запуска: 13:16:16 16/03/2024
▓ Исполняемый модуль: "C:\Galaktika\ATL6\Update_10.1.2230\support\vip.exe"
▓ Система: Windows NT

Контекст исполнения ".SysUser"
Потеряно хип-контекстов: 1

Менеджер динамической памяти ".SysUserHeap(.SysUser)"
Потеряно блоков: 96, байтов: 2656


▓ Программа: "vip.exe"  Время запуска: 13:16:27 16/03/2024
▓ Исполняемый модуль: "C:\Galaktika\ATL6\Update_10.1.2230\support\vip.exe"
▓ Система: Windows NT

Контекст исполнения ".SysUser"
Потеряно хип-контекстов: 1

Менеджер динамической памяти ".SysUserHeap(.SysUser)"
Потеряно блоков: 96, байтов: 2620


▓ Программа: "vip.exe"  Время запуска: 13:21:37 16/03/2024
▓ Исполняемый модуль: "C:\Galaktika\ATL6\Update_10.1.2230\support\vip.exe"
▓ Система: Windows NT

Контекст исполнения ".SysUser"
Потеряно хип-контекстов: 1

Менеджер динамической памяти ".SysUserHeap(.SysUser)"
Потеряно блоков: 96, байтов: 2632


▓ Программа: "vip.exe"  Время запуска: 13:24:07 16/03/2024
▓ Исполняемый модуль: "C:\Galaktika\ATL6\Update_10.1.2230\support\vip.exe"
▓ Система: Windows NT

Контекст исполнения ".SysUser"
Потеряно хип-контекстов: 1

Менеджер динамической памяти ".SysUserHeap(.SysUser)"
Потеряно блоков: 96, байтов: 2620


▓ Программа: "vip.exe"  Время запуска: 13:35:57 16/03/2024
▓ Исполняемый модуль: "C:\Galaktika\ATL6\Update_10.1.2230\support\vip.exe"
▓ Система: Windows NT

Контекст исполнения ".SysUser"
Потеряно хип-контекстов: 1

Менеджер динамической памяти ".SysUserHeap(.SysUser)"
Потеряно блоков: 96, байтов: 2628


▓ Программа: "vip.exe"  Время запуска: 13:37:01 16/03/2024
▓ Исполняемый модуль: "C:\Galaktika\ATL6\Update_10.1.2230\support\vip.exe"
▓ Система: Windows NT

Контекст исполнения ".SysUser"
Потеряно хип-контекстов: 1

Менеджер динамической памяти ".SysUserHeap(.SysUser)"
Потеряно блоков: 96, байтов: 2628


▓ Программа: "vip.exe"  Время запуска: 13:41:33 16/03/2024
▓ Исполняемый модуль: "C:\Galaktika\ATL6\Update_10.1.2230\support\vip.exe"
▓ Система: Windows NT

Контекст исполнения ".SysUser"
Потеряно хип-контекстов: 1

Менеджер динамической памяти ".SysUserHeap(.SysUser)"
Потеряно блоков: 96, байтов: 2644


▓ Программа: "vip.exe"  Время запуска: 13:49:48 16/03/2024
▓ Исполняемый модуль: "C:\Galaktika\ATL6\Update_10.1.2230\support\vip.exe"
▓ Система: Windows NT

Контекст исполнения ".SysUser"
Потеряно хип-контекстов: 1

Менеджер динамической памяти ".SysUserHeap(.SysUser)"
Потеряно блоков: 96, байтов: 2684


▓ Программа: "vip.exe"  Время запуска: 13:50:56 16/03/2024
▓ Исполняемый модуль: "C:\Galaktika\ATL6\Update_10.1.2230\support\vip.exe"
▓ Система: Windows NT

Контекст исполнения ".SysUser"
Потеряно хип-контекстов: 1

Менеджер динамической памяти ".SysUserHeap(.SysUser)"
Потеряно блоков: 96, байтов: 2648


▓ Программа: "vip.exe"  Время запуска: 13:51:31 16/03/2024
▓ Исполняемый модуль: "C:\Galaktika\ATL6\Update_10.1.2230\support\vip.exe"
▓ Система: Windows NT

Контекст исполнения ".SysUser"
Потеряно хип-контекстов: 1

Менеджер динамической памяти ".SysUserHeap(.SysUser)"
Потеряно блоков: 96, байтов: 2660


▓ Программа: "vip.exe"  Время запуска: 13:56:59 16/03/2024
▓ Исполняемый модуль: "C:\Galaktika\ATL6\Update_10.1.2230\support\vip.exe"
▓ Система: Windows NT

Контекст исполнения ".SysUser"
Потеряно хип-контекстов: 1

Менеджер динамической памяти ".SysUserHeap(.SysUser)"
Потеряно блоков: 96, байтов: 2656


▓ Программа: "vip.exe"  Время запуска: 13:59:31 16/03/2024
▓ Исполняемый модуль: "C:\Galaktika\ATL6\Update_10.1.2230\support\vip.exe"
▓ Система: Windows NT

Контекст исполнения ".SysUser"
Потеряно хип-контекстов: 1

Менеджер динамической памяти ".SysUserHeap(.SysUser)"
Потеряно блоков: 96, байтов: 2604


▓ Программа: "vip.exe"  Время запуска: 14:00:48 16/03/2024
▓ Исполняемый модуль: "C:\Galaktika\ATL6\Update_10.1.2230\support\vip.exe"
▓ Система: Windows NT

Контекст исполнения ".SysUser"
Потеряно хип-контекстов: 1

Менеджер динамической памяти ".SysUserHeap(.SysUser)"
Потеряно блоков: 96, байтов: 2632


▓ Программа: "vip.exe"  Время запуска: 14:02:33 16/03/2024
▓ Исполняемый модуль: "C:\Galaktika\ATL6\Update_10.1.2230\support\vip.exe"
▓ Система: Windows NT

Контекст исполнения ".SysUser"
Потеряно хип-контекстов: 1

Менеджер динамической памяти ".SysUserHeap(.SysUser)"
Потеряно блоков: 96, байтов: 2656


▓ Программа: "vip.exe"  Время запуска: 14:02:50 16/03/2024
▓ Исполняемый модуль: "C:\Galaktika\ATL6\Update_10.1.2230\support\vip.exe"
▓ Система: Windows NT

Контекст исполнения ".SysUser"
Потеряно хип-контекстов: 1

Менеджер динамической памяти ".SysUserHeap(.SysUser)"
Потеряно блоков: 96, байтов: 2632


▓ Программа: "vip.exe"  Время запуска: 15:02:50 16/03/2024
▓ Исполняемый модуль: "C:\Galaktika\ATL6\Update_10.1.2230\support\vip.exe"
▓ Система: Windows NT

Контекст исполнения ".SysUser"
Потеряно хип-контекстов: 1

Менеджер динамической памяти ".SysUserHeap(.SysUser)"
Потеряно блоков: 64, байтов: 1932


▓ Программа: "vip.exe"  Время запуска: 15:03:14 16/03/2024
▓ Исполняемый модуль: "C:\Galaktika\ATL6\Update_10.1.2230\support\vip.exe"
▓ Система: Windows NT

Контекст исполнения ".SysUser"
Потеряно хип-контекстов: 1

Менеджер динамической памяти ".SysUserHeap(.SysUser)"
Потеряно блоков: 64, байтов: 1944


▓ Программа: "vip.exe"  Время запуска: 15:03:31 16/03/2024
▓ Исполняемый модуль: "C:\Galaktika\ATL6\Update_10.1.2230\support\vip.exe"
▓ Система: Windows NT

Контекст исполнения ".SysUser"
Потеряно хип-контекстов: 1

Менеджер динамической памяти ".SysUserHeap(.SysUser)"
Потеряно блоков: 109, байтов: 2888


▓ Программа: "vip.exe"  Время запуска: 15:04:09 16/03/2024
▓ Исполняемый модуль: "C:\Galaktika\ATL6\Update_10.1.2230\support\vip.exe"
▓ Система: Windows NT

Контекст исполнения ".SysUser"
Потеряно хип-контекстов: 1

Менеджер динамической памяти ".SysUserHeap(.SysUser)"
Потеряно блоков: 109, байтов: 2892


▓ Программа: "vip.exe"  Время запуска: 15:17:58 16/03/2024
▓ Исполняемый модуль: "C:\Galaktika\ATL6\Update_10.1.2230\support\vip.exe"
▓ Система: Windows NT

Контекст исполнения ".SysUser"
Потеряно хип-контекстов: 1

Менеджер динамической памяти ".SysUserHeap(.SysUser)"
Потеряно блоков: 109, байтов: 2840


▓ Программа: "vip.exe"  Время запуска: 15:32:29 16/03/2024
▓ Исполняемый модуль: "C:\Galaktika\ATL6\Update_10.1.2230\support\vip.exe"
▓ Система: Windows NT

Контекст исполнения ".SysUser"
Потеряно хип-контекстов: 1

Менеджер динамической памяти ".SysUserHeap(.SysUser)"
Потеряно блоков: 111, байтов: 3040


▓ Программа: "vip.exe"  Время запуска: 17:33:20 16/03/2024
▓ Исполняемый модуль: "C:\Galaktika\ATL6\Update_10.1.2230\support\vip.exe"
▓ Система: Windows NT

Контекст исполнения ".SysUser"
Потеряно хип-контекстов: 1

Менеджер динамической памяти ".SysUserHeap(.SysUser)"
Потеряно блоков: 144, байтов: 3656


▓ Программа: "vip.exe"  Время запуска: 17:33:35 16/03/2024
▓ Исполняемый модуль: "C:\Galaktika\ATL6\Update_10.1.2230\support\vip.exe"
▓ Система: Windows NT

Контекст исполнения ".SysUser"
Потеряно хип-контекстов: 1

Менеджер динамической памяти ".SysUserHeap(.SysUser)"
Потеряно блоков: 144, байтов: 3660


▓ Программа: "vip.exe"  Время запуска: 17:35:26 16/03/2024
▓ Исполняемый модуль: "C:\Galaktika\ATL6\Update_10.1.2230\support\vip.exe"
▓ Система: Windows NT

Контекст исполнения ".SysUser"
Потеряно хип-контекстов: 1

Менеджер динамической памяти ".SysUserHeap(.SysUser)"
Потеряно блоков: 144, байтов: 3672


▓ Программа: "vip.exe"  Время запуска: 17:37:41 16/03/2024
▓ Исполняемый модуль: "C:\Galaktika\ATL6\Update_10.1.2230\support\vip.exe"
▓ Система: Windows NT

Контекст исполнения ".SysUser"
Потеряно хип-контекстов: 1

Менеджер динамической памяти ".SysUserHeap(.SysUser)"
Потеряно блоков: 144, байтов: 3668


▓ Программа: "vip.exe"  Время запуска: 17:38:23 16/03/2024
▓ Исполняемый модуль: "C:\Galaktika\ATL6\Update_10.1.2230\support\vip.exe"
▓ Система: Windows NT

Контекст исполнения ".SysUser"
Потеряно хип-контекстов: 1

Менеджер динамической памяти ".SysUserHeap(.SysUser)"
Потеряно блоков: 144, байтов: 3656


▓ Программа: "vip.exe"  Время запуска: 17:41:25 16/03/2024
▓ Исполняемый модуль: "C:\Galaktika\ATL6\Update_10.1.2230\support\vip.exe"
▓ Система: Windows NT

Контекст исполнения ".SysUser"
Потеряно хип-контекстов: 1

Менеджер динамической памяти ".SysUserHeap(.SysUser)"
Потеряно блоков: 144, байтов: 3680


▓ Программа: "vip.exe"  Время запуска: 17:43:17 16/03/2024
▓ Исполняемый модуль: "C:\Galaktika\ATL6\Update_10.1.2230\support\vip.exe"
▓ Система: Windows NT

Контекст исполнения ".SysUser"
Потеряно хип-контекстов: 1

Менеджер динамической памяти ".SysUserHeap(.SysUser)"
Потеряно блоков: 144, байтов: 3680

